<?xml version="1.0" encoding="UTF-8"?>
<coverage generated="1692803278518" clover="3.2.0">
  <project timestamp="1692803278518" name="All files">
    <metrics statements="1577" coveredstatements="1078" conditionals="1363" coveredconditionals="811" methods="411" coveredmethods="328" elements="3351" coveredelements="2217" complexity="0" loc="1577" ncloc="1577" packages="20" files="74" classes="74"/>
    <package name="src">
      <metrics statements="78" coveredstatements="9" conditionals="10" coveredconditionals="0" methods="7" coveredmethods="3"/>
      <file name="app.controller.ts" path="/Users/piotrzielinski/Documents/GitHub/commerce-tools-integration/voucherify-service/src/app.controller.ts">
        <metrics statements="6" coveredstatements="6" conditionals="0" coveredconditionals="0" methods="2" coveredmethods="2"/>
        <line num="1" count="1" type="stmt"/>
        <line num="2" count="1" type="stmt"/>
        <line num="5" count="1" type="stmt"/>
        <line num="6" count="1" type="stmt"/>
        <line num="8" count="1" type="stmt"/>
        <line num="10" count="1" type="stmt"/>
      </file>
      <file name="app.module.ts" path="/Users/piotrzielinski/Documents/GitHub/commerce-tools-integration/voucherify-service/src/app.module.ts">
        <metrics statements="28" coveredstatements="0" conditionals="0" coveredconditionals="0" methods="0" coveredmethods="0"/>
        <line num="1" count="0" type="stmt"/>
        <line num="2" count="0" type="stmt"/>
        <line num="3" count="0" type="stmt"/>
        <line num="4" count="0" type="stmt"/>
        <line num="5" count="0" type="stmt"/>
        <line num="6" count="0" type="stmt"/>
        <line num="7" count="0" type="stmt"/>
        <line num="8" count="0" type="stmt"/>
        <line num="9" count="0" type="stmt"/>
        <line num="10" count="0" type="stmt"/>
        <line num="11" count="0" type="stmt"/>
        <line num="12" count="0" type="stmt"/>
        <line num="13" count="0" type="stmt"/>
        <line num="14" count="0" type="stmt"/>
        <line num="15" count="0" type="stmt"/>
        <line num="16" count="0" type="stmt"/>
        <line num="17" count="0" type="stmt"/>
        <line num="18" count="0" type="stmt"/>
        <line num="19" count="0" type="stmt"/>
        <line num="20" count="0" type="stmt"/>
        <line num="21" count="0" type="stmt"/>
        <line num="22" count="0" type="stmt"/>
        <line num="23" count="0" type="stmt"/>
        <line num="24" count="0" type="stmt"/>
        <line num="25" count="0" type="stmt"/>
        <line num="26" count="0" type="stmt"/>
        <line num="27" count="0" type="stmt"/>
        <line num="61" count="0" type="stmt"/>
      </file>
      <file name="app.service.ts" path="/Users/piotrzielinski/Documents/GitHub/commerce-tools-integration/voucherify-service/src/app.service.ts">
        <metrics statements="3" coveredstatements="3" conditionals="0" coveredconditionals="0" methods="1" coveredmethods="1"/>
        <line num="1" count="1" type="stmt"/>
        <line num="4" count="1" type="stmt"/>
        <line num="6" count="1" type="stmt"/>
      </file>
      <file name="cli.ts" path="/Users/piotrzielinski/Documents/GitHub/commerce-tools-integration/voucherify-service/src/cli.ts">
        <metrics statements="7" coveredstatements="0" conditionals="0" coveredconditionals="0" methods="1" coveredmethods="0"/>
        <line num="1" count="0" type="stmt"/>
        <line num="2" count="0" type="stmt"/>
        <line num="3" count="0" type="stmt"/>
        <line num="4" count="0" type="stmt"/>
        <line num="5" count="0" type="stmt"/>
        <line num="8" count="0" type="stmt"/>
        <line num="25" count="0" type="stmt"/>
      </file>
      <file name="devAttached.ts" path="/Users/piotrzielinski/Documents/GitHub/commerce-tools-integration/voucherify-service/src/devAttached.ts">
        <metrics statements="25" coveredstatements="0" conditionals="6" coveredconditionals="0" methods="2" coveredmethods="0"/>
        <line num="1" count="0" type="stmt"/>
        <line num="2" count="0" type="stmt"/>
        <line num="3" count="0" type="stmt"/>
        <line num="4" count="0" type="stmt"/>
        <line num="5" count="0" type="stmt"/>
        <line num="6" count="0" type="stmt"/>
        <line num="7" count="0" type="stmt"/>
        <line num="8" count="0" type="stmt"/>
        <line num="11" count="0" type="stmt"/>
        <line num="16" count="0" type="stmt"/>
        <line num="24" count="0" type="stmt"/>
        <line num="25" count="0" type="stmt"/>
        <line num="26" count="0" type="cond" truecount="0" falsecount="2"/>
        <line num="27" count="0" type="stmt"/>
        <line num="29" count="0" type="cond" truecount="0" falsecount="2"/>
        <line num="31" count="0" type="stmt"/>
        <line num="32" count="0" type="stmt"/>
        <line num="33" count="0" type="stmt"/>
        <line num="34" count="0" type="stmt"/>
        <line num="35" count="0" type="stmt"/>
        <line num="36" count="0" type="stmt"/>
        <line num="37" count="0" type="cond" truecount="0" falsecount="2"/>
        <line num="38" count="0" type="stmt"/>
        <line num="40" count="0" type="stmt"/>
        <line num="43" count="0" type="stmt"/>
      </file>
      <file name="main.ts" path="/Users/piotrzielinski/Documents/GitHub/commerce-tools-integration/voucherify-service/src/main.ts">
        <metrics statements="9" coveredstatements="0" conditionals="4" coveredconditionals="0" methods="1" coveredmethods="0"/>
        <line num="1" count="0" type="stmt"/>
        <line num="2" count="0" type="stmt"/>
        <line num="3" count="0" type="stmt"/>
        <line num="4" count="0" type="stmt"/>
        <line num="5" count="0" type="stmt"/>
        <line num="9" count="0" type="cond" truecount="0" falsecount="2"/>
        <line num="21" count="0" type="stmt"/>
        <line num="32" count="0" type="cond" truecount="0" falsecount="2"/>
        <line num="34" count="0" type="stmt"/>
      </file>
    </package>
    <package name="src.cli">
      <metrics statements="144" coveredstatements="89" conditionals="45" coveredconditionals="7" methods="21" coveredmethods="13"/>
      <file name="api-extension-add.command.ts" path="/Users/piotrzielinski/Documents/GitHub/commerce-tools-integration/voucherify-service/src/cli/api-extension-add.command.ts">
        <metrics statements="18" coveredstatements="8" conditionals="5" coveredconditionals="0" methods="2" coveredmethods="1"/>
        <line num="1" count="1" type="stmt"/>
        <line num="2" count="1" type="stmt"/>
        <line num="3" count="1" type="stmt"/>
        <line num="4" count="1" type="stmt"/>
        <line num="11" count="1" type="stmt"/>
        <line num="13" count="2" type="stmt"/>
        <line num="14" count="2" type="stmt"/>
        <line num="16" count="2" type="stmt"/>
        <line num="20" count="0" type="cond" truecount="0" falsecount="2"/>
        <line num="23" count="0" type="stmt"/>
        <line num="27" count="0" type="cond" truecount="0" falsecount="1"/>
        <line num="28" count="0" type="stmt"/>
        <line num="29" count="0" type="stmt"/>
        <line num="32" count="0" type="stmt"/>
        <line num="33" count="0" type="stmt"/>
        <line num="34" count="0" type="cond" truecount="0" falsecount="2"/>
        <line num="35" count="0" type="stmt"/>
        <line num="37" count="0" type="stmt"/>
      </file>
      <file name="api-extension-delete.command.ts" path="/Users/piotrzielinski/Documents/GitHub/commerce-tools-integration/voucherify-service/src/cli/api-extension-delete.command.ts">
        <metrics statements="26" coveredstatements="18" conditionals="8" coveredconditionals="3" methods="4" coveredmethods="2"/>
        <line num="1" count="1" type="stmt"/>
        <line num="2" count="1" type="stmt"/>
        <line num="3" count="1" type="stmt"/>
        <line num="4" count="1" type="stmt"/>
        <line num="16" count="1" type="stmt"/>
        <line num="18" count="2" type="stmt"/>
        <line num="19" count="2" type="stmt"/>
        <line num="21" count="2" type="stmt"/>
        <line num="27" count="1" type="stmt"/>
        <line num="31" count="1" type="stmt"/>
        <line num="37" count="1" type="stmt"/>
        <line num="38" count="1" type="stmt"/>
        <line num="40" count="1" type="cond" truecount="1" falsecount="1"/>
        <line num="41" count="1" type="stmt"/>
        <line num="45" count="1" type="cond" truecount="0" falsecount="1"/>
        <line num="46" count="0" type="stmt"/>
        <line num="49" count="0" type="stmt"/>
        <line num="53" count="0" type="cond" truecount="0" falsecount="1"/>
        <line num="54" count="0" type="stmt"/>
        <line num="58" count="1" type="cond" truecount="1" falsecount="1"/>
        <line num="59" count="0" type="stmt"/>
        <line num="61" count="0" type="stmt"/>
        <line num="65" count="1" type="stmt"/>
        <line num="68" count="0" type="stmt"/>
        <line num="72" count="1" type="stmt"/>
        <line num="77" count="0" type="stmt"/>
      </file>
      <file name="api-extension-list.command.ts" path="/Users/piotrzielinski/Documents/GitHub/commerce-tools-integration/voucherify-service/src/cli/api-extension-list.command.ts">
        <metrics statements="18" coveredstatements="11" conditionals="10" coveredconditionals="4" methods="3" coveredmethods="2"/>
        <line num="1" count="1" type="stmt"/>
        <line num="2" count="1" type="stmt"/>
        <line num="3" count="1" type="stmt"/>
        <line num="4" count="1" type="stmt"/>
        <line num="10" count="1" type="stmt"/>
        <line num="11" count="2" type="stmt"/>
        <line num="12" count="2" type="stmt"/>
        <line num="15" count="1" type="stmt"/>
        <line num="16" count="1" type="stmt"/>
        <line num="17" count="1" type="cond" truecount="4" falsecount="2"/>
        <line num="18" count="0" type="stmt"/>
        <line num="19" count="0" type="stmt"/>
        <line num="23" count="0" type="stmt"/>
        <line num="25" count="0" type="stmt"/>
        <line num="27" count="0" type="cond" truecount="0" falsecount="2"/>
        <line num="30" count="0" type="stmt"/>
        <line num="40" count="0" type="stmt"/>
        <line num="42" count="1" type="stmt"/>
      </file>
      <file name="api-extension-update.command.ts" path="/Users/piotrzielinski/Documents/GitHub/commerce-tools-integration/voucherify-service/src/cli/api-extension-update.command.ts">
        <metrics statements="14" coveredstatements="8" conditionals="4" coveredconditionals="0" methods="2" coveredmethods="1"/>
        <line num="1" count="1" type="stmt"/>
        <line num="2" count="1" type="stmt"/>
        <line num="3" count="1" type="stmt"/>
        <line num="4" count="1" type="stmt"/>
        <line num="11" count="1" type="stmt"/>
        <line num="13" count="2" type="stmt"/>
        <line num="14" count="2" type="stmt"/>
        <line num="16" count="2" type="stmt"/>
        <line num="20" count="0" type="cond" truecount="0" falsecount="2"/>
        <line num="23" count="0" type="stmt"/>
        <line num="24" count="0" type="stmt"/>
        <line num="25" count="0" type="cond" truecount="0" falsecount="2"/>
        <line num="26" count="0" type="stmt"/>
        <line num="28" count="0" type="stmt"/>
      </file>
      <file name="config.command.ts" path="/Users/piotrzielinski/Documents/GitHub/commerce-tools-integration/voucherify-service/src/cli/config.command.ts">
        <metrics statements="18" coveredstatements="8" conditionals="4" coveredconditionals="0" methods="2" coveredmethods="1"/>
        <line num="1" count="2" type="stmt"/>
        <line num="2" count="2" type="stmt"/>
        <line num="3" count="2" type="stmt"/>
        <line num="4" count="2" type="stmt"/>
        <line num="13" count="2" type="stmt"/>
        <line num="15" count="4" type="stmt"/>
        <line num="16" count="4" type="stmt"/>
        <line num="18" count="4" type="stmt"/>
        <line num="21" count="0" type="stmt"/>
        <line num="26" count="0" type="stmt"/>
        <line num="27" count="0" type="cond" truecount="0" falsecount="2"/>
        <line num="28" count="0" type="stmt"/>
        <line num="30" count="0" type="stmt"/>
        <line num="33" count="0" type="stmt"/>
        <line num="38" count="0" type="stmt"/>
        <line num="39" count="0" type="cond" truecount="0" falsecount="2"/>
        <line num="40" count="0" type="stmt"/>
        <line num="42" count="0" type="stmt"/>
      </file>
      <file name="migrate.command.ts" path="/Users/piotrzielinski/Documents/GitHub/commerce-tools-integration/voucherify-service/src/cli/migrate.command.ts">
        <metrics statements="50" coveredstatements="36" conditionals="14" coveredconditionals="0" methods="8" coveredmethods="6"/>
        <line num="2" count="7" type="stmt"/>
        <line num="3" count="7" type="stmt"/>
        <line num="4" count="7" type="stmt"/>
        <line num="5" count="7" type="stmt"/>
        <line num="6" count="7" type="stmt"/>
        <line num="28" count="7" type="stmt"/>
        <line num="30" count="14" type="stmt"/>
        <line num="31" count="14" type="stmt"/>
        <line num="32" count="14" type="stmt"/>
        <line num="34" count="14" type="stmt"/>
        <line num="37" count="7" type="stmt"/>
        <line num="42" count="0" type="cond" truecount="0" falsecount="3"/>
        <line num="44" count="0" type="stmt"/>
        <line num="51" count="0" type="stmt"/>
        <line num="58" count="0" type="stmt"/>
        <line num="65" count="0" type="stmt"/>
        <line num="68" count="7" type="stmt"/>
        <line num="73" count="1" type="stmt"/>
        <line num="74" count="1" type="stmt"/>
        <line num="75" count="1" type="stmt"/>
        <line num="76" count="1" type="stmt"/>
        <line num="79" count="7" type="stmt"/>
        <line num="84" count="1" type="stmt"/>
        <line num="85" count="1" type="stmt"/>
        <line num="86" count="1" type="stmt"/>
        <line num="87" count="1" type="stmt"/>
        <line num="89" count="7" type="stmt"/>
        <line num="94" count="1" type="stmt"/>
        <line num="95" count="1" type="stmt"/>
        <line num="96" count="1" type="stmt"/>
        <line num="97" count="1" type="stmt"/>
        <line num="100" count="7" type="stmt"/>
        <line num="105" count="1" type="stmt"/>
        <line num="106" count="1" type="stmt"/>
        <line num="107" count="1" type="stmt"/>
        <line num="108" count="1" type="stmt"/>
        <line num="111" count="7" type="stmt"/>
        <line num="116" count="1" type="stmt"/>
        <line num="117" count="1" type="stmt"/>
        <line num="120" count="1" type="stmt"/>
        <line num="121" count="1" type="stmt"/>
        <line num="128" count="0" type="cond" truecount="0" falsecount="1"/>
        <line num="129" count="0" type="stmt"/>
        <line num="134" count="0" type="stmt"/>
        <line num="138" count="0" type="cond" truecount="0" falsecount="6"/>
        <line num="145" count="0" type="stmt"/>
        <line num="151" count="0" type="stmt"/>
        <line num="153" count="0" type="cond" truecount="0" falsecount="2"/>
        <line num="154" count="0" type="stmt"/>
        <line num="156" count="0" type="stmt"/>
      </file>
    </package>
    <package name="src.commercetools">
      <metrics statements="213" coveredstatements="163" conditionals="118" coveredconditionals="72" methods="37" coveredmethods="25"/>
      <file name="api-extension.controller.ts" path="/Users/piotrzielinski/Documents/GitHub/commerce-tools-integration/voucherify-service/src/commercetools/api-extension.controller.ts">
        <metrics statements="33" coveredstatements="33" conditionals="19" coveredconditionals="16" methods="4" coveredmethods="4"/>
        <line num="1" count="3" type="stmt"/>
        <line num="10" count="3" type="stmt"/>
        <line num="11" count="3" type="stmt"/>
        <line num="14" count="3" type="stmt"/>
        <line num="15" count="3" type="stmt"/>
        <line num="16" count="3" type="stmt"/>
        <line num="17" count="3" type="stmt"/>
        <line num="22" count="3" type="stmt"/>
        <line num="24" count="6" type="stmt"/>
        <line num="25" count="6" type="stmt"/>
        <line num="30" count="4" type="stmt"/>
        <line num="31" count="4" type="stmt"/>
        <line num="32" count="4" type="stmt"/>
        <line num="33" count="3" type="stmt"/>
        <line num="40" count="1" type="stmt"/>
        <line num="41" count="1" type="stmt"/>
        <line num="44" count="1" type="stmt"/>
        <line num="46" count="3" type="cond" truecount="5" falsecount="0"/>
        <line num="47" count="2" type="stmt"/>
        <line num="49" count="1" type="stmt"/>
        <line num="50" count="1" type="stmt"/>
        <line num="54" count="1" type="stmt"/>
        <line num="57" count="1" type="stmt"/>
        <line num="58" count="1" type="stmt"/>
        <line num="62" count="3" type="stmt"/>
        <line num="66" count="5" type="cond" truecount="3" falsecount="1"/>
        <line num="67" count="5" type="stmt"/>
        <line num="68" count="5" type="cond" truecount="6" falsecount="2"/>
        <line num="70" count="5" type="stmt"/>
        <line num="76" count="5" type="cond" truecount="1" falsecount="0"/>
        <line num="77" count="4" type="stmt"/>
        <line num="82" count="1" type="cond" truecount="1" falsecount="0"/>
        <line num="83" count="1" type="stmt"/>
      </file>
      <file name="api-extension.guard.ts" path="/Users/piotrzielinski/Documents/GitHub/commerce-tools-integration/voucherify-service/src/commercetools/api-extension.guard.ts">
        <metrics statements="8" coveredstatements="3" conditionals="15" coveredconditionals="0" methods="2" coveredmethods="1"/>
        <line num="1" count="3" type="stmt"/>
        <line num="10" count="3" type="stmt"/>
        <line num="11" count="6" type="stmt"/>
        <line num="15" count="0" type="cond" truecount="0" falsecount="8"/>
        <line num="19" count="0" type="cond" truecount="0" falsecount="6"/>
        <line num="23" count="0" type="cond" truecount="0" falsecount="1"/>
        <line num="24" count="0" type="stmt"/>
        <line num="31" count="0" type="stmt"/>
      </file>
      <file name="api-extension.service.ts" path="/Users/piotrzielinski/Documents/GitHub/commerce-tools-integration/voucherify-service/src/commercetools/api-extension.service.ts">
        <metrics statements="33" coveredstatements="25" conditionals="17" coveredconditionals="10" methods="8" coveredmethods="6"/>
        <line num="1" count="5" type="stmt"/>
        <line num="2" count="5" type="stmt"/>
        <line num="5" count="5" type="stmt"/>
        <line num="8" count="5" type="stmt"/>
        <line num="11" count="15" type="stmt"/>
        <line num="12" count="15" type="stmt"/>
        <line num="14" count="15" type="stmt"/>
        <line num="20" count="8" type="stmt"/>
        <line num="22" count="8" type="stmt"/>
        <line num="26" count="3" type="stmt"/>
        <line num="27" count="3" type="stmt"/>
        <line num="28" count="0" type="stmt"/>
        <line num="31" count="3" type="cond" truecount="1" falsecount="0"/>
        <line num="32" count="3" type="stmt"/>
        <line num="34" count="0" type="cond" truecount="0" falsecount="4"/>
        <line num="44" count="3" type="stmt"/>
        <line num="45" count="3" type="stmt"/>
        <line num="46" count="0" type="stmt"/>
        <line num="48" count="3" type="cond" truecount="4" falsecount="1"/>
        <line num="49" count="3" type="stmt"/>
        <line num="52" count="0" type="stmt"/>
        <line num="54" count="0" type="stmt"/>
        <line num="55" count="0" type="stmt"/>
        <line num="66" count="0" type="stmt"/>
        <line num="70" count="2" type="stmt"/>
        <line num="73" count="2" type="stmt"/>
        <line num="95" count="2" type="stmt"/>
        <line num="96" count="2" type="cond" truecount="5" falsecount="1"/>
        <line num="100" count="1" type="stmt"/>
        <line num="104" count="1" type="cond" truecount="0" falsecount="1"/>
        <line num="105" count="0" type="stmt"/>
        <line num="108" count="1" type="stmt"/>
        <line num="110" count="1" type="stmt"/>
      </file>
      <file name="commercetools-connector.service.ts" path="/Users/piotrzielinski/Documents/GitHub/commerce-tools-integration/voucherify-service/src/commercetools/commercetools-connector.service.ts">
        <metrics statements="47" coveredstatements="31" conditionals="6" coveredconditionals="0" methods="12" coveredmethods="5"/>
        <line num="1" count="99" type="stmt"/>
        <line num="2" count="99" type="stmt"/>
        <line num="3" count="99" type="stmt"/>
        <line num="4" count="99" type="stmt"/>
        <line num="5" count="99" type="stmt"/>
        <line num="15" count="99" type="stmt"/>
        <line num="20" count="99" type="stmt"/>
        <line num="29" count="99" type="stmt"/>
        <line num="31" count="8" type="stmt"/>
        <line num="32" count="8" type="stmt"/>
        <line num="34" count="8" type="stmt"/>
        <line num="37" count="8" type="stmt"/>
        <line num="40" count="8" type="stmt"/>
        <line num="43" count="8" type="stmt"/>
        <line num="46" count="8" type="stmt"/>
        <line num="48" count="8" type="stmt"/>
        <line num="52" count="8" type="stmt"/>
        <line num="54" count="8" type="stmt"/>
        <line num="64" count="8" type="stmt"/>
        <line num="70" count="4" type="stmt"/>
        <line num="71" count="0" type="stmt"/>
        <line num="73" count="0" type="stmt"/>
        <line num="74" count="0" type="stmt"/>
        <line num="75" count="0" type="stmt"/>
        <line num="80" count="8" type="stmt"/>
        <line num="81" count="0" type="stmt"/>
        <line num="82" count="0" type="stmt"/>
        <line num="87" count="4" type="stmt"/>
        <line num="88" count="0" type="stmt"/>
        <line num="89" count="0" type="stmt"/>
        <line num="90" count="0" type="stmt"/>
        <line num="91" count="0" type="stmt"/>
        <line num="92" count="0" type="stmt"/>
        <line num="96" count="0" type="stmt"/>
        <line num="101" count="0" type="stmt"/>
        <line num="102" count="0" type="cond" truecount="0" falsecount="4"/>
        <line num="106" count="4" type="cond" truecount="0" falsecount="1"/>
        <line num="107" count="0" type="stmt"/>
        <line num="110" count="4" type="stmt"/>
        <line num="111" count="4" type="stmt"/>
        <line num="122" count="4" type="cond" truecount="0" falsecount="1"/>
        <line num="123" count="0" type="stmt"/>
        <line num="126" count="4" type="stmt"/>
        <line num="127" count="4" type="stmt"/>
        <line num="130" count="4" type="stmt"/>
        <line num="131" count="4" type="stmt"/>
        <line num="133" count="4" type="stmt"/>
      </file>
      <file name="commercetools.service.ts" path="/Users/piotrzielinski/Documents/GitHub/commerce-tools-integration/voucherify-service/src/commercetools/commercetools.service.ts">
        <metrics statements="74" coveredstatements="57" conditionals="36" coveredconditionals="26" methods="7" coveredmethods="6"/>
        <line num="1" count="34" type="stmt"/>
        <line num="6" count="34" type="stmt"/>
        <line num="7" count="34" type="stmt"/>
        <line num="13" count="34" type="stmt"/>
        <line num="15" count="34" type="stmt"/>
        <line num="16" count="34" type="stmt"/>
        <line num="17" count="34" type="stmt"/>
        <line num="18" count="34" type="stmt"/>
        <line num="19" count="34" type="stmt"/>
        <line num="20" count="34" type="stmt"/>
        <line num="21" count="34" type="stmt"/>
        <line num="22" count="34" type="stmt"/>
        <line num="25" count="34" type="stmt"/>
        <line num="27" count="68" type="stmt"/>
        <line num="28" count="68" type="stmt"/>
        <line num="29" count="68" type="stmt"/>
        <line num="30" count="68" type="stmt"/>
        <line num="31" count="68" type="stmt"/>
        <line num="35" count="58" type="stmt"/>
        <line num="39" count="54" type="stmt"/>
        <line num="41" count="68" type="stmt"/>
        <line num="48" count="68" type="stmt"/>
        <line num="57" count="47" type="cond" truecount="0" falsecount="1"/>
        <line num="58" count="0" type="stmt"/>
        <line num="61" count="47" type="stmt"/>
        <line num="62" count="47" type="stmt"/>
        <line num="63" count="47" type="stmt"/>
        <line num="66" count="47" type="stmt"/>
        <line num="67" count="47" type="stmt"/>
        <line num="71" count="47" type="stmt"/>
        <line num="73" count="47" type="cond" truecount="1" falsecount="0"/>
        <line num="74" count="38" type="stmt"/>
        <line num="81" count="47" type="cond" truecount="1" falsecount="0"/>
        <line num="82" count="1" type="stmt"/>
        <line num="85" count="1" type="stmt"/>
        <line num="90" count="46" type="stmt"/>
        <line num="95" count="46" type="stmt"/>
        <line num="97" count="46" type="stmt"/>
        <line num="98" count="46" type="stmt"/>
        <line num="108" count="4" type="cond" truecount="12" falsecount="5"/>
        <line num="109" count="0" type="stmt"/>
        <line num="111" count="4" type="cond" truecount="1" falsecount="0"/>
        <line num="115" count="1" type="stmt"/>
        <line num="117" count="3" type="stmt"/>
        <line num="118" count="6" type="stmt"/>
        <line num="119" count="6" type="stmt"/>
        <line num="122" count="6" type="cond" truecount="0" falsecount="1"/>
        <line num="123" count="0" type="stmt"/>
        <line num="126" count="3" type="cond" truecount="1" falsecount="0"/>
        <line num="127" count="1" type="stmt"/>
        <line num="130" count="1" type="stmt"/>
        <line num="133" count="2" type="stmt"/>
        <line num="134" count="2" type="stmt"/>
        <line num="135" count="2" type="stmt"/>
        <line num="141" count="0" type="cond" truecount="0" falsecount="1"/>
        <line num="142" count="0" type="stmt"/>
        <line num="147" count="0" type="stmt"/>
        <line num="149" count="0" type="stmt"/>
        <line num="150" count="0" type="cond" truecount="0" falsecount="1"/>
        <line num="151" count="0" type="stmt"/>
        <line num="154" count="0" type="stmt"/>
        <line num="156" count="0" type="stmt"/>
        <line num="157" count="0" type="stmt"/>
        <line num="160" count="0" type="stmt"/>
        <line num="164" count="0" type="stmt"/>
        <line num="166" count="0" type="stmt"/>
        <line num="167" count="0" type="stmt"/>
        <line num="170" count="0" type="stmt"/>
        <line num="175" count="2" type="stmt"/>
        <line num="176" count="2" type="cond" truecount="1" falsecount="0"/>
        <line num="177" count="1" type="stmt"/>
        <line num="178" count="1" type="stmt"/>
        <line num="179" count="1" type="stmt"/>
        <line num="182" count="1" type="stmt"/>
      </file>
      <file name="handle-timeout-interceptor.service.ts" path="/Users/piotrzielinski/Documents/GitHub/commerce-tools-integration/voucherify-service/src/commercetools/handle-timeout-interceptor.service.ts">
        <metrics statements="15" coveredstatements="11" conditionals="23" coveredconditionals="18" methods="3" coveredmethods="2"/>
        <line num="1" count="4" type="stmt"/>
        <line num="9" count="4" type="stmt"/>
        <line num="10" count="4" type="stmt"/>
        <line num="14" count="4" type="stmt"/>
        <line num="16" count="9" type="stmt"/>
        <line num="17" count="9" type="stmt"/>
        <line num="24" count="2" type="cond" truecount="9" falsecount="3"/>
        <line num="25" count="2" type="cond" truecount="9" falsecount="2"/>
        <line num="26" count="1" type="stmt"/>
        <line num="28" count="1" type="stmt"/>
        <line num="29" count="1" type="stmt"/>
        <line num="31" count="0" type="stmt"/>
        <line num="32" count="0" type="stmt"/>
        <line num="37" count="0" type="stmt"/>
        <line num="38" count="0" type="stmt"/>
      </file>
      <file name="types.ts" path="/Users/piotrzielinski/Documents/GitHub/commerce-tools-integration/voucherify-service/src/commercetools/types.ts">
        <metrics statements="3" coveredstatements="3" conditionals="2" coveredconditionals="2" methods="1" coveredmethods="1"/>
        <line num="19" count="34" type="cond" truecount="2" falsecount="0"/>
        <line num="20" count="34" type="stmt"/>
        <line num="21" count="34" type="stmt"/>
      </file>
    </package>
    <package name="src.commercetools.custom-types">
      <metrics statements="52" coveredstatements="28" conditionals="15" coveredconditionals="8" methods="9" coveredmethods="6"/>
      <file name="coupon-type-definition.ts" path="/Users/piotrzielinski/Documents/GitHub/commerce-tools-integration/voucherify-service/src/commercetools/custom-types/coupon-type-definition.ts">
        <metrics statements="2" coveredstatements="2" conditionals="0" coveredconditionals="0" methods="0" coveredmethods="0"/>
        <line num="3" count="53" type="stmt"/>
        <line num="39" count="53" type="stmt"/>
      </file>
      <file name="custom-types.service.ts" path="/Users/piotrzielinski/Documents/GitHub/commerce-tools-integration/voucherify-service/src/commercetools/custom-types/custom-types.service.ts">
        <metrics statements="50" coveredstatements="26" conditionals="15" coveredconditionals="8" methods="9" coveredmethods="6"/>
        <line num="1" count="53" type="stmt"/>
        <line num="2" count="53" type="stmt"/>
        <line num="4" count="53" type="stmt"/>
        <line num="10" count="53" type="stmt"/>
        <line num="12" count="21" type="stmt"/>
        <line num="13" count="21" type="stmt"/>
        <line num="17" count="3" type="stmt"/>
        <line num="18" count="3" type="stmt"/>
        <line num="22" count="3" type="cond" truecount="0" falsecount="1"/>
        <line num="26" count="0" type="stmt"/>
        <line num="27" count="0" type="stmt"/>
        <line num="29" count="3" type="stmt"/>
        <line num="30" count="3" type="stmt"/>
        <line num="31" count="3" type="stmt"/>
        <line num="35" count="1" type="stmt"/>
        <line num="39" count="1" type="stmt"/>
        <line num="43" count="1" type="cond" truecount="2" falsecount="0"/>
        <line num="45" count="1" type="stmt"/>
        <line num="51" count="1" type="stmt"/>
        <line num="57" count="2" type="stmt"/>
        <line num="61" count="2" type="stmt"/>
        <line num="63" count="2" type="cond" truecount="0" falsecount="1"/>
        <line num="64" count="0" type="stmt"/>
        <line num="67" count="0" type="stmt"/>
        <line num="70" count="2" type="stmt"/>
        <line num="72" count="8" type="stmt"/>
        <line num="73" count="24" type="stmt"/>
        <line num="77" count="2" type="cond" truecount="0" falsecount="1"/>
        <line num="78" count="0" type="stmt"/>
        <line num="82" count="0" type="stmt"/>
        <line num="83" count="0" type="stmt"/>
        <line num="88" count="0" type="stmt"/>
        <line num="90" count="2" type="stmt"/>
        <line num="94" count="2" type="stmt"/>
        <line num="98" count="0" type="stmt"/>
        <line num="100" count="0" type="stmt"/>
        <line num="104" count="0" type="cond" truecount="0" falsecount="1"/>
        <line num="105" count="0" type="stmt"/>
        <line num="106" count="0" type="stmt"/>
        <line num="111" count="0" type="stmt"/>
        <line num="114" count="0" type="stmt"/>
        <line num="119" count="0" type="stmt"/>
        <line num="126" count="0" type="stmt"/>
        <line num="128" count="0" type="stmt"/>
        <line num="139" count="0" type="cond" truecount="0" falsecount="1"/>
        <line num="140" count="0" type="stmt"/>
        <line num="144" count="0" type="stmt"/>
        <line num="146" count="0" type="stmt"/>
        <line num="148" count="0" type="stmt"/>
        <line num="153" count="0" type="stmt"/>
      </file>
    </package>
    <package name="src.commercetools.dto">
      <metrics statements="20" coveredstatements="16" conditionals="2" coveredconditionals="0" methods="4" coveredmethods="0"/>
      <file name="CartOrder.dto.ts" path="/Users/piotrzielinski/Documents/GitHub/commerce-tools-integration/voucherify-service/src/commercetools/dto/CartOrder.dto.ts">
        <metrics statements="20" coveredstatements="16" conditionals="2" coveredconditionals="0" methods="4" coveredmethods="0"/>
        <line num="1" count="3" type="stmt"/>
        <line num="28" count="3" type="stmt"/>
        <line num="31" count="3" type="stmt"/>
        <line num="32" count="3" type="stmt"/>
        <line num="37" count="3" type="stmt"/>
        <line num="40" count="3" type="stmt"/>
        <line num="42" count="0" type="stmt"/>
        <line num="45" count="3" type="stmt"/>
        <line num="62" count="3" type="stmt"/>
        <line num="80" count="3" type="stmt"/>
        <line num="84" count="3" type="stmt"/>
        <line num="86" count="0" type="stmt"/>
        <line num="90" count="3" type="stmt"/>
        <line num="91" count="3" type="stmt"/>
        <line num="96" count="3" type="stmt"/>
        <line num="98" count="0" type="cond" truecount="0" falsecount="2"/>
        <line num="102" count="3" type="stmt"/>
        <line num="103" count="3" type="stmt"/>
        <line num="104" count="0" type="stmt"/>
        <line num="107" count="3" type="stmt"/>
      </file>
    </package>
    <package name="src.commercetools.store-actions">
      <metrics statements="87" coveredstatements="84" conditionals="64" coveredconditionals="51" methods="40" coveredmethods="40"/>
      <file name="cart-update-actions.ts" path="/Users/piotrzielinski/Documents/GitHub/commerce-tools-integration/voucherify-service/src/commercetools/store-actions/cart-update-actions.ts">
        <metrics statements="47" coveredstatements="46" conditionals="18" coveredconditionals="15" methods="26" coveredmethods="26"/>
        <line num="12" count="34" type="stmt"/>
        <line num="13" count="34" type="stmt"/>
        <line num="16" count="34" type="stmt"/>
        <line num="18" count="34" type="stmt"/>
        <line num="20" count="34" type="stmt"/>
        <line num="23" count="38" type="stmt"/>
        <line num="27" count="47" type="stmt"/>
        <line num="31" count="47" type="stmt"/>
        <line num="35" count="47" type="stmt"/>
        <line num="37" count="47" type="stmt"/>
        <line num="39" count="45" type="stmt"/>
        <line num="41" count="47" type="stmt"/>
        <line num="43" count="38" type="stmt"/>
        <line num="45" count="47" type="stmt"/>
        <line num="47" count="37" type="stmt"/>
        <line num="49" count="47" type="stmt"/>
        <line num="51" count="38" type="stmt"/>
        <line num="53" count="47" type="stmt"/>
        <line num="55" count="41" type="stmt"/>
        <line num="59" count="38" type="stmt"/>
        <line num="64" count="47" type="stmt"/>
        <line num="69" count="47" type="stmt"/>
        <line num="73" count="46" type="stmt"/>
        <line num="74" count="138" type="stmt"/>
        <line num="75" count="324" type="stmt"/>
        <line num="84" count="37" type="stmt"/>
        <line num="85" count="26" type="stmt"/>
        <line num="87" count="37" type="stmt"/>
        <line num="92" count="37" type="stmt"/>
        <line num="94" count="22" type="stmt"/>
        <line num="95" count="22" type="stmt"/>
        <line num="97" count="22" type="cond" truecount="0" falsecount="1"/>
        <line num="98" count="0" type="stmt"/>
        <line num="100" count="22" type="stmt"/>
        <line num="105" count="22" type="stmt"/>
        <line num="110" count="22" type="stmt"/>
        <line num="111" count="37" type="stmt"/>
        <line num="113" count="26" type="stmt"/>
        <line num="114" count="26" type="stmt"/>
        <line num="118" count="37" type="stmt"/>
        <line num="128" count="37" type="stmt"/>
        <line num="129" count="26" type="stmt"/>
        <line num="131" count="37" type="cond" truecount="1" falsecount="0"/>
        <line num="132" count="15" type="stmt"/>
        <line num="134" count="22" type="stmt"/>
        <line num="150" count="138" type="stmt"/>
        <line num="151" count="138" type="stmt"/>
      </file>
      <file name="order-paid-actions.ts" path="/Users/piotrzielinski/Documents/GitHub/commerce-tools-integration/voucherify-service/src/commercetools/store-actions/order-paid-actions.ts">
        <metrics statements="40" coveredstatements="38" conditionals="46" coveredconditionals="36" methods="14" coveredmethods="14"/>
        <line num="4" count="35" type="stmt"/>
        <line num="5" count="35" type="stmt"/>
        <line num="6" count="35" type="stmt"/>
        <line num="8" count="35" type="stmt"/>
        <line num="10" count="35" type="stmt"/>
        <line num="11" count="9" type="cond" truecount="2" falsecount="0"/>
        <line num="12" count="6" type="stmt"/>
        <line num="13" count="3" type="cond" truecount="2" falsecount="0"/>
        <line num="14" count="1" type="stmt"/>
        <line num="15" count="2" type="cond" truecount="0" falsecount="1"/>
        <line num="16" count="0" type="stmt"/>
        <line num="18" count="2" type="stmt"/>
        <line num="20" count="2" type="cond" truecount="1" falsecount="0"/>
        <line num="21" count="2" type="stmt"/>
        <line num="23" count="9" type="stmt"/>
        <line num="26" count="35" type="stmt"/>
        <line num="30" count="1" type="stmt"/>
        <line num="32" count="10" type="cond" truecount="2" falsecount="0"/>
        <line num="35" count="1" type="cond" truecount="8" falsecount="3"/>
        <line num="36" count="0" type="stmt"/>
        <line num="38" count="1" type="stmt"/>
        <line num="40" count="1" type="cond" truecount="3" falsecount="1"/>
        <line num="44" count="1" type="stmt"/>
        <line num="53" count="35" type="stmt"/>
        <line num="54" count="1" type="stmt"/>
        <line num="57" count="10" type="cond" truecount="2" falsecount="0"/>
        <line num="62" count="8" type="stmt"/>
        <line num="67" count="35" type="stmt"/>
        <line num="71" count="1" type="stmt"/>
        <line num="75" count="1" type="cond" truecount="3" falsecount="1"/>
        <line num="83" count="1" type="stmt"/>
        <line num="88" count="1" type="cond" truecount="1" falsecount="0"/>
        <line num="89" count="1" type="stmt"/>
        <line num="90" count="1" type="cond" truecount="9" falsecount="3"/>
        <line num="91" count="3" type="stmt"/>
        <line num="92" count="1" type="stmt"/>
        <line num="94" count="1" type="stmt"/>
        <line num="95" count="1" type="cond" truecount="3" falsecount="1"/>
        <line num="96" count="1" type="stmt"/>
        <line num="99" count="1" type="stmt"/>
      </file>
    </package>
    <package name="src.commercetools.store-actions.cart-update-actions">
      <metrics statements="29" coveredstatements="27" conditionals="50" coveredconditionals="33" methods="6" coveredmethods="6"/>
      <file name="CartAction.ts" path="/Users/piotrzielinski/Documents/GitHub/commerce-tools-integration/voucherify-service/src/commercetools/store-actions/cart-update-actions/CartAction.ts">
        <metrics statements="1" coveredstatements="1" conditionals="0" coveredconditionals="0" methods="0" coveredmethods="0"/>
        <line num="157" count="34" type="stmt"/>
      </file>
      <file name="addDirectDiscountWithDiscountSummary.ts" path="/Users/piotrzielinski/Documents/GitHub/commerce-tools-integration/voucherify-service/src/commercetools/store-actions/cart-update-actions/addDirectDiscountWithDiscountSummary.ts">
        <metrics statements="21" coveredstatements="19" conditionals="50" coveredconditionals="33" methods="5" coveredmethods="5"/>
        <line num="6" count="34" type="stmt"/>
        <line num="8" count="34" type="stmt"/>
        <line num="9" count="8" type="stmt"/>
        <line num="10" count="18" type="cond" truecount="7" falsecount="2"/>
        <line num="11" count="14" type="stmt"/>
        <line num="14" count="34" type="stmt"/>
        <line num="18" count="8" type="stmt"/>
        <line num="19" count="8" type="cond" truecount="0" falsecount="1"/>
        <line num="20" count="0" type="stmt"/>
        <line num="26" count="8" type="stmt"/>
        <line num="28" count="8" type="stmt"/>
        <line num="30" count="8" type="stmt"/>
        <line num="31" count="15" type="cond" truecount="1" falsecount="0"/>
        <line num="32" count="3" type="stmt"/>
        <line num="50" count="3" type="stmt"/>
        <line num="53" count="12" type="stmt"/>
        <line num="54" count="24" type="cond" truecount="0" falsecount="1"/>
        <line num="55" count="0" type="stmt"/>
        <line num="58" count="24" type="cond" truecount="4" falsecount="1"/>
        <line num="59" count="14" type="stmt"/>
        <line num="80" count="8" type="stmt"/>
      </file>
      <file name="getCartActionBuilders.ts" path="/Users/piotrzielinski/Documents/GitHub/commerce-tools-integration/voucherify-service/src/commercetools/store-actions/cart-update-actions/getCartActionBuilders.ts">
        <metrics statements="7" coveredstatements="7" conditionals="0" coveredconditionals="0" methods="1" coveredmethods="1"/>
        <line num="2" count="34" type="stmt"/>
        <line num="3" count="34" type="stmt"/>
        <line num="4" count="34" type="stmt"/>
        <line num="6" count="34" type="stmt"/>
        <line num="7" count="46" type="stmt"/>
        <line num="9" count="46" type="stmt"/>
        <line num="13" count="46" type="stmt"/>
      </file>
    </package>
    <package name="src.commercetools.store-actions.cart-update-actions.builderActions">
      <metrics statements="103" coveredstatements="99" conditionals="169" coveredconditionals="98" methods="37" coveredmethods="35"/>
      <file name="applyDiscounts.ts" path="/Users/piotrzielinski/Documents/GitHub/commerce-tools-integration/voucherify-service/src/commercetools/store-actions/cart-update-actions/builderActions/applyDiscounts.ts">
        <metrics statements="31" coveredstatements="31" conditionals="12" coveredconditionals="9" methods="7" coveredmethods="7"/>
        <line num="2" count="34" type="stmt"/>
        <line num="9" count="34" type="stmt"/>
        <line num="10" count="34" type="stmt"/>
        <line num="11" count="34" type="stmt"/>
        <line num="12" count="34" type="stmt"/>
        <line num="20" count="38" type="stmt"/>
        <line num="21" count="5" type="stmt"/>
        <line num="22" count="1" type="cond" truecount="3" falsecount="1"/>
        <line num="23" count="38" type="cond" truecount="0" falsecount="1"/>
        <line num="26" count="38" type="stmt"/>
        <line num="28" count="38" type="cond" truecount="1" falsecount="0"/>
        <line num="30" count="30" type="stmt"/>
        <line num="31" count="30" type="stmt"/>
        <line num="32" count="30" type="stmt"/>
        <line num="33" count="30" type="stmt"/>
        <line num="34" count="30" type="stmt"/>
        <line num="38" count="30" type="stmt"/>
        <line num="41" count="30" type="stmt"/>
        <line num="47" count="30" type="stmt"/>
        <line num="49" count="30" type="stmt"/>
        <line num="70" count="46" type="cond" truecount="1" falsecount="1"/>
        <line num="71" count="5" type="stmt"/>
        <line num="73" count="4" type="stmt"/>
        <line num="80" count="34" type="stmt"/>
        <line num="83" count="46" type="stmt"/>
        <line num="85" count="46" type="stmt"/>
        <line num="87" count="46" type="cond" truecount="1" falsecount="0"/>
        <line num="88" count="38" type="stmt"/>
        <line num="97" count="46" type="cond" truecount="1" falsecount="0"/>
        <line num="98" count="8" type="stmt"/>
        <line num="107" count="46" type="stmt"/>
      </file>
      <file name="lineItemsAndTheirCustomFields.ts" path="/Users/piotrzielinski/Documents/GitHub/commerce-tools-integration/voucherify-service/src/commercetools/store-actions/cart-update-actions/builderActions/lineItemsAndTheirCustomFields.ts">
        <metrics statements="37" coveredstatements="37" conditionals="18" coveredconditionals="14" methods="16" coveredmethods="16"/>
        <line num="9" count="34" type="stmt"/>
        <line num="10" count="34" type="stmt"/>
        <line num="11" count="34" type="stmt"/>
        <line num="16" count="46" type="stmt"/>
        <line num="17" count="46" type="stmt"/>
        <line num="18" count="46" type="stmt"/>
        <line num="19" count="10" type="cond" truecount="1" falsecount="0"/>
        <line num="20" count="10" type="stmt"/>
        <line num="21" count="10" type="stmt"/>
        <line num="25" count="46" type="stmt"/>
        <line num="33" count="46" type="stmt"/>
        <line num="34" count="116" type="stmt"/>
        <line num="35" count="96" type="stmt"/>
        <line num="36" count="65" type="stmt"/>
        <line num="40" count="46" type="stmt"/>
        <line num="42" count="7" type="stmt"/>
        <line num="49" count="46" type="stmt"/>
        <line num="51" count="71" type="stmt"/>
        <line num="55" count="46" type="stmt"/>
        <line num="57" count="58" type="cond" truecount="1" falsecount="0"/>
        <line num="62" count="58" type="stmt"/>
        <line num="71" count="108" type="stmt"/>
        <line num="74" count="71" type="stmt"/>
        <line num="80" count="58" type="stmt"/>
        <line num="83" count="34" type="stmt"/>
        <line num="87" count="46" type="stmt"/>
        <line num="91" count="46" type="stmt"/>
        <line num="93" count="46" type="stmt"/>
        <line num="96" count="97" type="cond" truecount="3" falsecount="1"/>
        <line num="98" count="46" type="stmt"/>
        <line num="102" count="46" type="stmt"/>
        <line num="103" count="14" type="cond" truecount="3" falsecount="1"/>
        <line num="107" count="46" type="stmt"/>
        <line num="113" count="46" type="stmt"/>
        <line num="115" count="39" type="cond" truecount="3" falsecount="1"/>
        <line num="119" count="46" type="stmt"/>
        <line num="122" count="39" type="stmt"/>
      </file>
      <file name="setCustomFields.ts" path="/Users/piotrzielinski/Documents/GitHub/commerce-tools-integration/voucherify-service/src/commercetools/store-actions/cart-update-actions/builderActions/setCustomFields.ts">
        <metrics statements="35" coveredstatements="31" conditionals="139" coveredconditionals="75" methods="14" coveredmethods="12"/>
        <line num="12" count="34" type="stmt"/>
        <line num="16" count="34" type="stmt"/>
        <line num="21" count="46" type="stmt"/>
        <line num="23" count="46" type="cond" truecount="10" falsecount="2"/>
        <line num="25" count="46" type="cond" truecount="3" falsecount="0"/>
        <line num="26" count="35" type="stmt"/>
        <line num="29" count="11" type="stmt"/>
        <line num="39" count="46" type="stmt"/>
        <line num="42" count="58" type="cond" truecount="3" falsecount="1"/>
        <line num="44" count="26" type="cond" truecount="4" falsecount="2"/>
        <line num="45" count="0" type="stmt"/>
        <line num="46" count="0" type="cond" truecount="0" falsecount="8"/>
        <line num="49" count="26" type="cond" truecount="6" falsecount="2"/>
        <line num="52" count="26" type="stmt"/>
        <line num="60" count="46" type="stmt"/>
        <line num="72" count="46" type="stmt"/>
        <line num="85" count="46" type="stmt"/>
        <line num="86" count="46" type="stmt"/>
        <line num="87" count="46" type="stmt"/>
        <line num="91" count="46" type="stmt"/>
        <line num="95" count="58" type="cond" truecount="4" falsecount="2"/>
        <line num="96" count="58" type="stmt"/>
        <line num="109" count="0" type="cond" truecount="0" falsecount="4"/>
        <line num="110" count="0" type="stmt"/>
        <line num="113" count="58" type="stmt"/>
        <line num="123" count="4" type="stmt"/>
        <line num="133" count="46" type="stmt"/>
        <line num="137" count="64" type="stmt"/>
        <line num="143" count="34" type="stmt"/>
        <line num="146" count="46" type="stmt"/>
        <line num="148" count="46" type="stmt"/>
        <line num="149" count="46" type="stmt"/>
        <line num="150" count="46" type="stmt"/>
        <line num="151" count="46" type="stmt"/>
        <line num="153" count="46" type="stmt"/>
      </file>
    </package>
    <package name="src.commercetools.store-actions.cart-update-actions.helpers">
      <metrics statements="118" coveredstatements="117" conditionals="124" coveredconditionals="106" methods="54" coveredmethods="53"/>
      <file name="addFreeLineItems.ts" path="/Users/piotrzielinski/Documents/GitHub/commerce-tools-integration/voucherify-service/src/commercetools/store-actions/cart-update-actions/helpers/addFreeLineItems.ts">
        <metrics statements="54" coveredstatements="53" conditionals="67" coveredconditionals="57" methods="22" coveredmethods="22"/>
        <line num="10" count="34" type="stmt"/>
        <line num="17" count="26" type="stmt"/>
        <line num="30" count="13" type="stmt"/>
        <line num="41" count="13" type="stmt"/>
        <line num="61" count="10" type="stmt"/>
        <line num="75" count="34" type="stmt"/>
        <line num="79" count="46" type="stmt"/>
        <line num="80" count="58" type="stmt"/>
        <line num="83" count="46" type="stmt"/>
        <line num="84" count="26" type="stmt"/>
        <line num="85" count="42" type="stmt"/>
        <line num="88" count="46" type="stmt"/>
        <line num="89" count="3" type="cond" truecount="12" falsecount="4"/>
        <line num="90" count="3" type="stmt"/>
        <line num="91" count="3" type="stmt"/>
        <line num="94" count="46" type="stmt"/>
        <line num="95" count="36" type="cond" truecount="15" falsecount="1"/>
        <line num="98" count="46" type="stmt"/>
        <line num="99" count="13" type="stmt"/>
        <line num="104" count="25" type="stmt"/>
        <line num="105" count="25" type="stmt"/>
        <line num="107" count="13" type="stmt"/>
        <line num="108" count="25" type="stmt"/>
        <line num="111" count="13" type="stmt"/>
        <line num="112" count="19" type="stmt"/>
        <line num="114" count="13" type="cond" truecount="5" falsecount="0"/>
        <line num="115" count="8" type="stmt"/>
        <line num="116" count="14" type="stmt"/>
        <line num="117" count="14" type="stmt"/>
        <line num="118" count="8" type="stmt"/>
        <line num="119" count="14" type="stmt"/>
        <line num="120" count="14" type="stmt"/>
        <line num="121" count="14" type="stmt"/>
        <line num="124" count="13" type="stmt"/>
        <line num="127" count="46" type="stmt"/>
        <line num="129" count="46" type="stmt"/>
        <line num="130" count="26" type="cond" truecount="2" falsecount="0"/>
        <line num="131" count="4" type="stmt"/>
        <line num="133" count="22" type="stmt"/>
        <line num="137" count="46" type="stmt"/>
        <line num="138" count="26" type="stmt"/>
        <line num="140" count="26" type="cond" truecount="1" falsecount="0"/>
        <line num="141" count="11" type="stmt"/>
        <line num="146" count="11" type="cond" truecount="3" falsecount="0"/>
        <line num="147" count="3" type="stmt"/>
        <line num="150" count="8" type="cond" truecount="0" falsecount="1"/>
        <line num="151" count="0" type="stmt"/>
        <line num="156" count="8" type="stmt"/>
        <line num="160" count="15" type="cond" truecount="1" falsecount="0"/>
        <line num="162" count="13" type="cond" truecount="2" falsecount="0"/>
        <line num="166" count="13" type="stmt"/>
        <line num="172" count="13" type="stmt"/>
        <line num="178" count="2" type="stmt"/>
        <line num="184" count="2" type="stmt"/>
      </file>
      <file name="fixedPrice.ts" path="/Users/piotrzielinski/Documents/GitHub/commerce-tools-integration/voucherify-service/src/commercetools/store-actions/cart-update-actions/helpers/fixedPrice.ts">
        <metrics statements="49" coveredstatements="49" conditionals="35" coveredconditionals="30" methods="25" coveredmethods="24"/>
        <line num="14" count="47" type="stmt"/>
        <line num="15" count="1" type="stmt"/>
        <line num="19" count="47" type="stmt"/>
        <line num="20" count="47" type="stmt"/>
        <line num="21" count="3" type="stmt"/>
        <line num="24" count="47" type="stmt"/>
        <line num="28" count="47" type="stmt"/>
        <line num="29" count="1" type="cond" truecount="6" falsecount="2"/>
        <line num="30" count="1" type="stmt"/>
        <line num="38" count="47" type="stmt"/>
        <line num="39" count="47" type="stmt"/>
        <line num="40" count="1" type="stmt"/>
        <line num="43" count="47" type="stmt"/>
        <line num="50" count="47" type="stmt"/>
        <line num="51" count="1" type="stmt"/>
        <line num="52" count="2" type="cond" truecount="6" falsecount="2"/>
        <line num="54" count="1" type="cond" truecount="1" falsecount="0"/>
        <line num="58" count="1" type="stmt"/>
        <line num="64" count="1" type="stmt"/>
        <line num="73" count="47" type="stmt"/>
        <line num="74" count="61" type="stmt"/>
        <line num="76" count="47" type="stmt"/>
        <line num="77" count="61" type="stmt"/>
        <line num="86" count="61" type="stmt"/>
        <line num="88" count="3" type="stmt"/>
        <line num="91" count="61" type="cond" truecount="1" falsecount="0"/>
        <line num="92" count="1" type="stmt"/>
        <line num="96" count="61" type="cond" truecount="8" falsecount="0"/>
        <line num="97" count="61" type="cond" truecount="5" falsecount="0"/>
        <line num="98" count="7" type="stmt"/>
        <line num="99" count="9" type="stmt"/>
        <line num="100" count="9" type="stmt"/>
        <line num="101" count="7" type="stmt"/>
        <line num="102" count="7" type="stmt"/>
        <line num="103" count="9" type="stmt"/>
        <line num="105" count="7" type="stmt"/>
        <line num="106" count="9" type="stmt"/>
        <line num="108" count="9" type="stmt"/>
        <line num="110" count="7" type="stmt"/>
        <line num="111" count="9" type="stmt"/>
        <line num="115" count="61" type="stmt"/>
        <line num="119" count="35" type="stmt"/>
        <line num="122" count="47" type="stmt"/>
        <line num="124" count="47" type="stmt"/>
        <line num="125" count="61" type="cond" truecount="3" falsecount="1"/>
        <line num="128" count="47" type="stmt"/>
        <line num="129" count="47" type="stmt"/>
        <line num="131" count="47" type="stmt"/>
        <line num="136" count="47" type="stmt"/>
      </file>
      <file name="removeFreeLineItemsForNonApplicableCoupon.ts" path="/Users/piotrzielinski/Documents/GitHub/commerce-tools-integration/voucherify-service/src/commercetools/store-actions/cart-update-actions/helpers/removeFreeLineItemsForNonApplicableCoupon.ts">
        <metrics statements="15" coveredstatements="15" conditionals="22" coveredconditionals="19" methods="7" coveredmethods="7"/>
        <line num="3" count="34" type="stmt"/>
        <line num="6" count="46" type="stmt"/>
        <line num="7" count="46" type="stmt"/>
        <line num="8" count="46" type="stmt"/>
        <line num="9" count="58" type="cond" truecount="8" falsecount="0"/>
        <line num="12" count="7" type="cond" truecount="9" falsecount="3"/>
        <line num="13" count="9" type="stmt"/>
        <line num="14" count="9" type="stmt"/>
        <line num="17" count="9" type="stmt"/>
        <line num="18" count="15" type="stmt"/>
        <line num="22" count="7" type="cond" truecount="1" falsecount="0"/>
        <line num="23" count="7" type="stmt"/>
        <line num="30" count="7" type="cond" truecount="1" falsecount="0"/>
        <line num="31" count="7" type="stmt"/>
        <line num="39" count="46" type="stmt"/>
      </file>
    </package>
    <package name="src.commercetools.tax-categories">
      <metrics statements="73" coveredstatements="39" conditionals="48" coveredconditionals="31" methods="19" coveredmethods="14"/>
      <file name="tax-categories.service.ts" path="/Users/piotrzielinski/Documents/GitHub/commerce-tools-integration/voucherify-service/src/commercetools/tax-categories/tax-categories.service.ts">
        <metrics statements="73" coveredstatements="39" conditionals="48" coveredconditionals="31" methods="19" coveredmethods="14"/>
        <line num="1" count="55" type="stmt"/>
        <line num="2" count="55" type="stmt"/>
        <line num="11" count="55" type="stmt"/>
        <line num="13" count="17" type="stmt"/>
        <line num="14" count="17" type="stmt"/>
        <line num="17" count="17" type="stmt"/>
        <line num="22" count="1" type="cond" truecount="0" falsecount="1"/>
        <line num="23" count="0" type="stmt"/>
        <line num="24" count="0" type="stmt"/>
        <line num="25" count="0" type="stmt"/>
        <line num="28" count="1" type="stmt"/>
        <line num="29" count="1" type="cond" truecount="0" falsecount="1"/>
        <line num="30" count="0" type="stmt"/>
        <line num="31" count="0" type="stmt"/>
        <line num="32" count="0" type="stmt"/>
        <line num="35" count="3" type="cond" truecount="6" falsecount="3"/>
        <line num="36" count="0" type="stmt"/>
        <line num="37" count="0" type="stmt"/>
        <line num="39" count="1" type="stmt"/>
        <line num="43" count="2" type="cond" truecount="0" falsecount="1"/>
        <line num="44" count="0" type="stmt"/>
        <line num="46" count="2" type="stmt"/>
        <line num="47" count="2" type="stmt"/>
        <line num="52" count="2" type="cond" truecount="3" falsecount="0"/>
        <line num="53" count="2" type="stmt"/>
        <line num="57" count="2" type="stmt"/>
        <line num="60" count="0" type="stmt"/>
        <line num="70" count="0" type="cond" truecount="0" falsecount="1"/>
        <line num="71" count="0" type="stmt"/>
        <line num="74" count="0" type="stmt"/>
        <line num="79" count="0" type="stmt"/>
        <line num="83" count="1" type="stmt"/>
        <line num="85" count="1" type="stmt"/>
        <line num="87" count="1" type="cond" truecount="3" falsecount="1"/>
        <line num="89" count="1" type="stmt"/>
        <line num="92" count="4" type="stmt"/>
        <line num="95" count="1" type="stmt"/>
        <line num="99" count="1" type="cond" truecount="6" falsecount="2"/>
        <line num="100" count="4" type="stmt"/>
        <line num="109" count="1" type="stmt"/>
        <line num="111" count="1" type="stmt"/>
        <line num="114" count="0" type="stmt"/>
        <line num="121" count="0" type="stmt"/>
        <line num="128" count="0" type="stmt"/>
        <line num="131" count="0" type="stmt"/>
        <line num="138" count="1" type="stmt"/>
        <line num="143" count="1" type="cond" truecount="1" falsecount="0"/>
        <line num="144" count="1" type="stmt"/>
        <line num="147" count="0" type="stmt"/>
        <line num="158" count="0" type="stmt"/>
        <line num="159" count="0" type="cond" truecount="0" falsecount="2"/>
        <line num="160" count="0" type="stmt"/>
        <line num="162" count="0" type="stmt"/>
        <line num="163" count="0" type="stmt"/>
        <line num="168" count="0" type="stmt"/>
        <line num="175" count="1" type="cond" truecount="3" falsecount="1"/>
        <line num="177" count="16" type="cond" truecount="3" falsecount="1"/>
        <line num="180" count="1" type="stmt"/>
        <line num="181" count="4" type="stmt"/>
        <line num="182" count="10" type="stmt"/>
        <line num="184" count="4" type="stmt"/>
        <line num="191" count="1" type="cond" truecount="3" falsecount="1"/>
        <line num="193" count="16" type="stmt"/>
        <line num="195" count="1" type="stmt"/>
        <line num="202" count="0" type="stmt"/>
        <line num="203" count="0" type="stmt"/>
        <line num="223" count="0" type="stmt"/>
        <line num="224" count="0" type="cond" truecount="0" falsecount="2"/>
        <line num="225" count="0" type="stmt"/>
        <line num="226" count="0" type="stmt"/>
        <line num="227" count="0" type="stmt"/>
        <line num="229" count="0" type="stmt"/>
        <line num="233" count="0" type="stmt"/>
      </file>
    </package>
    <package name="src.commercetools.utils">
      <metrics statements="39" coveredstatements="35" conditionals="91" coveredconditionals="52" methods="13" coveredmethods="13"/>
      <file name="deleteObjectsFromObject.ts" path="/Users/piotrzielinski/Documents/GitHub/commerce-tools-integration/voucherify-service/src/commercetools/utils/deleteObjectsFromObject.ts">
        <metrics statements="6" coveredstatements="6" conditionals="4" coveredconditionals="4" methods="1" coveredmethods="1"/>
        <line num="1" count="36" type="stmt"/>
        <line num="2" count="6" type="cond" truecount="3" falsecount="0"/>
        <line num="3" count="6" type="stmt"/>
        <line num="4" count="496" type="cond" truecount="1" falsecount="0"/>
        <line num="5" count="15" type="stmt"/>
        <line num="8" count="6" type="stmt"/>
      </file>
      <file name="deserializeCoupons.ts" path="/Users/piotrzielinski/Documents/GitHub/commerce-tools-integration/voucherify-service/src/commercetools/utils/deserializeCoupons.ts">
        <metrics statements="4" coveredstatements="4" conditionals="1" coveredconditionals="1" methods="1" coveredmethods="1"/>
        <line num="3" count="36" type="stmt"/>
        <line num="4" count="172" type="cond" truecount="1" falsecount="0"/>
        <line num="5" count="171" type="stmt"/>
        <line num="8" count="1" type="stmt"/>
      </file>
      <file name="getCommercetoolstCurrentPriceAmount.ts" path="/Users/piotrzielinski/Documents/GitHub/commerce-tools-integration/voucherify-service/src/commercetools/utils/getCommercetoolstCurrentPriceAmount.ts">
        <metrics statements="23" coveredstatements="19" conditionals="72" coveredconditionals="36" methods="9" coveredmethods="9"/>
        <line num="4" count="35" type="stmt"/>
        <line num="5" count="5" type="cond" truecount="9" falsecount="2"/>
        <line num="6" count="1" type="stmt"/>
        <line num="8" count="4" type="cond" truecount="1" falsecount="6"/>
        <line num="9" count="0" type="stmt"/>
        <line num="11" count="4" type="stmt"/>
        <line num="12" count="0" type="cond" truecount="0" falsecount="1"/>
        <line num="16" count="0" type="stmt"/>
        <line num="19" count="4" type="stmt"/>
        <line num="22" count="35" type="stmt"/>
        <line num="23" count="5" type="cond" truecount="0" falsecount="1"/>
        <line num="24" count="0" type="stmt"/>
        <line num="29" count="5" type="cond" truecount="3" falsecount="1"/>
        <line num="32" count="35" type="stmt"/>
        <line num="37" count="23" type="stmt"/>
        <line num="41" count="29" type="stmt"/>
        <line num="46" count="23" type="stmt"/>
        <line num="47" count="23" type="stmt"/>
        <line num="49" count="17" type="stmt"/>
        <line num="52" count="33" type="cond" truecount="6" falsecount="2"/>
        <line num="56" count="23" type="cond" truecount="3" falsecount="1"/>
        <line num="59" count="5" type="stmt"/>
        <line num="62" count="5" type="stmt"/>
      </file>
      <file name="getCouponsFromCartOrOrder.ts" path="/Users/piotrzielinski/Documents/GitHub/commerce-tools-integration/voucherify-service/src/commercetools/utils/getCouponsFromCartOrOrder.ts">
        <metrics statements="6" coveredstatements="6" conditionals="14" coveredconditionals="11" methods="2" coveredmethods="2"/>
        <line num="4" count="35" type="stmt"/>
        <line num="5" count="35" type="stmt"/>
        <line num="7" count="35" type="stmt"/>
        <line num="10" count="49" type="cond" truecount="9" falsecount="3"/>
        <line num="14" count="87" type="cond" truecount="2" falsecount="0"/>
        <line num="16" count="49" type="stmt"/>
      </file>
    </package>
    <package name="src.commercetools.utils.mappers">
      <metrics statements="44" coveredstatements="36" conditionals="96" coveredconditionals="71" methods="14" coveredmethods="13"/>
      <file name="getCustomerFromCtOrder.ts" path="/Users/piotrzielinski/Documents/GitHub/commerce-tools-integration/voucherify-service/src/commercetools/utils/mappers/getCustomerFromCtOrder.ts">
        <metrics statements="2" coveredstatements="2" conditionals="34" coveredconditionals="26" methods="1" coveredmethods="1"/>
        <line num="3" count="35" type="stmt"/>
        <line num="4" count="1" type="stmt"/>
      </file>
      <file name="getPriceSelectorFromCtCart.ts" path="/Users/piotrzielinski/Documents/GitHub/commerce-tools-integration/voucherify-service/src/commercetools/utils/mappers/getPriceSelectorFromCtCart.ts">
        <metrics statements="4" coveredstatements="4" conditionals="0" coveredconditionals="0" methods="3" coveredmethods="3"/>
        <line num="4" count="34" type="stmt"/>
        <line num="7" count="47" type="stmt"/>
        <line num="14" count="59" type="stmt"/>
        <line num="15" count="59" type="stmt"/>
      </file>
      <file name="getSessionFromCtCart.ts" path="/Users/piotrzielinski/Documents/GitHub/commerce-tools-integration/voucherify-service/src/commercetools/utils/mappers/getSessionFromCtCart.ts">
        <metrics statements="2" coveredstatements="2" conditionals="12" coveredconditionals="10" methods="1" coveredmethods="1"/>
        <line num="3" count="34" type="stmt"/>
        <line num="6" count="48" type="cond" truecount="10" falsecount="2"/>
      </file>
      <file name="getSimpleMetadataForOrder.ts" path="/Users/piotrzielinski/Documents/GitHub/commerce-tools-integration/voucherify-service/src/commercetools/utils/mappers/getSimpleMetadataForOrder.ts">
        <metrics statements="21" coveredstatements="13" conditionals="6" coveredconditionals="2" methods="4" coveredmethods="3"/>
        <line num="1" count="27" type="stmt"/>
        <line num="2" count="27" type="stmt"/>
        <line num="4" count="27" type="stmt"/>
        <line num="8" count="1" type="stmt"/>
        <line num="10" count="1" type="stmt"/>
        <line num="11" count="1" type="cond" truecount="0" falsecount="1"/>
        <line num="12" count="0" type="stmt"/>
        <line num="14" count="1" type="cond" truecount="0" falsecount="1"/>
        <line num="15" count="0" type="stmt"/>
        <line num="16" count="0" type="stmt"/>
        <line num="17" count="0" type="cond" truecount="0" falsecount="2"/>
        <line num="18" count="0" type="stmt"/>
        <line num="20" count="0" type="stmt"/>
        <line num="23" count="0" type="stmt"/>
        <line num="25" count="1" type="cond" truecount="1" falsecount="0"/>
        <line num="26" count="1" type="stmt"/>
        <line num="28" count="0" type="stmt"/>
        <line num="31" count="1" type="stmt"/>
        <line num="32" count="5" type="cond" truecount="1" falsecount="0"/>
        <line num="33" count="1" type="stmt"/>
        <line num="36" count="1" type="stmt"/>
      </file>
      <file name="mapLineItemsToIntegrationType.ts" path="/Users/piotrzielinski/Documents/GitHub/commerce-tools-integration/voucherify-service/src/commercetools/utils/mappers/mapLineItemsToIntegrationType.ts">
        <metrics statements="5" coveredstatements="5" conditionals="28" coveredconditionals="21" methods="3" coveredmethods="3"/>
        <line num="3" count="35" type="stmt"/>
        <line num="5" count="35" type="stmt"/>
        <line num="6" count="49" type="stmt"/>
        <line num="7" count="61" type="stmt"/>
        <line num="9" count="58" type="stmt"/>
      </file>
      <file name="translateCtCartToCart.ts" path="/Users/piotrzielinski/Documents/GitHub/commerce-tools-integration/voucherify-service/src/commercetools/utils/mappers/translateCtCartToCart.ts">
        <metrics statements="5" coveredstatements="5" conditionals="8" coveredconditionals="6" methods="1" coveredmethods="1"/>
        <line num="3" count="34" type="stmt"/>
        <line num="4" count="34" type="stmt"/>
        <line num="5" count="34" type="stmt"/>
        <line num="7" count="34" type="stmt"/>
        <line num="8" count="48" type="stmt"/>
      </file>
      <file name="translateCtOrderToOrder.ts" path="/Users/piotrzielinski/Documents/GitHub/commerce-tools-integration/voucherify-service/src/commercetools/utils/mappers/translateCtOrderToOrder.ts">
        <metrics statements="5" coveredstatements="5" conditionals="8" coveredconditionals="6" methods="1" coveredmethods="1"/>
        <line num="7" count="35" type="stmt"/>
        <line num="8" count="35" type="stmt"/>
        <line num="9" count="35" type="stmt"/>
        <line num="11" count="35" type="stmt"/>
        <line num="12" count="1" type="stmt"/>
      </file>
    </package>
    <package name="src.configs">
      <metrics statements="18" coveredstatements="13" conditionals="2" coveredconditionals="1" methods="2" coveredmethods="2"/>
      <file name="appValidationPipe.ts" path="/Users/piotrzielinski/Documents/GitHub/commerce-tools-integration/voucherify-service/src/configs/appValidationPipe.ts">
        <metrics statements="3" coveredstatements="3" conditionals="0" coveredconditionals="0" methods="0" coveredmethods="0"/>
        <line num="1" count="1" type="stmt"/>
        <line num="2" count="1" type="stmt"/>
        <line num="4" count="1" type="stmt"/>
      </file>
      <file name="requestJsonLogger.ts" path="/Users/piotrzielinski/Documents/GitHub/commerce-tools-integration/voucherify-service/src/configs/requestJsonLogger.ts">
        <metrics statements="12" coveredstatements="7" conditionals="2" coveredconditionals="1" methods="1" coveredmethods="1"/>
        <line num="1" count="10" type="stmt"/>
        <line num="5" count="10" type="stmt"/>
        <line num="6" count="10" type="stmt"/>
        <line num="7" count="10" type="stmt"/>
        <line num="9" count="10" type="stmt"/>
        <line num="12" count="35" type="cond" truecount="1" falsecount="0"/>
        <line num="13" count="35" type="stmt"/>
        <line num="16" count="0" type="stmt"/>
        <line num="17" count="0" type="cond" truecount="0" falsecount="1"/>
        <line num="18" count="0" type="stmt"/>
        <line num="22" count="0" type="stmt"/>
        <line num="23" count="0" type="stmt"/>
      </file>
      <file name="validationSchema.ts" path="/Users/piotrzielinski/Documents/GitHub/commerce-tools-integration/voucherify-service/src/configs/validationSchema.ts">
        <metrics statements="3" coveredstatements="3" conditionals="0" coveredconditionals="0" methods="1" coveredmethods="1"/>
        <line num="1" count="1" type="stmt"/>
        <line num="3" count="2" type="stmt"/>
        <line num="5" count="1" type="stmt"/>
      </file>
    </package>
    <package name="src.consts">
      <metrics statements="3" coveredstatements="3" conditionals="0" coveredconditionals="0" methods="0" coveredmethods="0"/>
      <file name="voucherify.ts" path="/Users/piotrzielinski/Documents/GitHub/commerce-tools-integration/voucherify-service/src/consts/voucherify.ts">
        <metrics statements="3" coveredstatements="3" conditionals="0" coveredconditionals="0" methods="0" coveredmethods="0"/>
        <line num="1" count="35" type="stmt"/>
        <line num="2" count="35" type="stmt"/>
        <line num="3" count="35" type="stmt"/>
      </file>
    </package>
    <package name="src.import">
      <metrics statements="222" coveredstatements="48" conditionals="117" coveredconditionals="0" methods="34" coveredmethods="3"/>
      <file name="customer-import.service.ts" path="/Users/piotrzielinski/Documents/GitHub/commerce-tools-integration/voucherify-service/src/import/customer-import.service.ts">
        <metrics statements="72" coveredstatements="17" conditionals="63" coveredconditionals="0" methods="14" coveredmethods="1"/>
        <line num="1" count="7" type="stmt"/>
        <line num="2" count="7" type="stmt"/>
        <line num="3" count="7" type="stmt"/>
        <line num="4" count="7" type="stmt"/>
        <line num="5" count="7" type="stmt"/>
        <line num="7" count="7" type="stmt"/>
        <line num="8" count="7" type="stmt"/>
        <line num="9" count="7" type="stmt"/>
        <line num="10" count="7" type="stmt"/>
        <line num="11" count="7" type="stmt"/>
        <line num="13" count="7" type="stmt"/>
        <line num="14" count="0" type="stmt"/>
        <line num="15" count="0" type="stmt"/>
        <line num="16" count="0" type="stmt"/>
        <line num="21" count="7" type="stmt"/>
        <line num="23" count="14" type="stmt"/>
        <line num="24" count="14" type="stmt"/>
        <line num="25" count="14" type="stmt"/>
        <line num="26" count="14" type="stmt"/>
        <line num="27" count="14" type="stmt"/>
        <line num="33" count="0" type="stmt"/>
        <line num="34" count="0" type="stmt"/>
        <line num="35" count="0" type="stmt"/>
        <line num="36" count="0" type="stmt"/>
        <line num="38" count="0" type="stmt"/>
        <line num="39" count="0" type="stmt"/>
        <line num="51" count="0" type="stmt"/>
        <line num="52" count="0" type="stmt"/>
        <line num="53" count="0" type="cond" truecount="0" falsecount="1"/>
        <line num="54" count="0" type="stmt"/>
        <line num="61" count="0" type="stmt"/>
        <line num="62" count="0" type="stmt"/>
        <line num="64" count="0" type="stmt"/>
        <line num="65" count="0" type="stmt"/>
        <line num="66" count="0" type="stmt"/>
        <line num="80" count="0" type="stmt"/>
        <line num="81" count="0" type="stmt"/>
        <line num="87" count="0" type="stmt"/>
        <line num="90" count="0" type="stmt"/>
        <line num="91" count="0" type="cond" truecount="0" falsecount="3"/>
        <line num="92" count="0" type="stmt"/>
        <line num="95" count="0" type="stmt"/>
        <line num="111" count="0" type="stmt"/>
        <line num="115" count="0" type="stmt"/>
        <line num="116" count="0" type="stmt"/>
        <line num="119" count="0" type="stmt"/>
        <line num="123" count="0" type="stmt"/>
        <line num="129" count="0" type="stmt"/>
        <line num="130" count="0" type="stmt"/>
        <line num="131" count="0" type="stmt"/>
        <line num="133" count="0" type="stmt"/>
        <line num="138" count="0" type="stmt"/>
        <line num="140" count="0" type="stmt"/>
        <line num="141" count="0" type="cond" truecount="0" falsecount="1"/>
        <line num="142" count="0" type="stmt"/>
        <line num="146" count="0" type="stmt"/>
        <line num="150" count="0" type="stmt"/>
        <line num="154" count="0" type="stmt"/>
        <line num="155" count="0" type="stmt"/>
        <line num="157" count="0" type="stmt"/>
        <line num="158" count="0" type="stmt"/>
        <line num="164" count="0" type="stmt"/>
        <line num="165" count="0" type="stmt"/>
        <line num="166" count="0" type="stmt"/>
        <line num="168" count="0" type="stmt"/>
        <line num="174" count="0" type="stmt"/>
        <line num="178" count="0" type="stmt"/>
        <line num="180" count="0" type="stmt"/>
        <line num="181" count="0" type="stmt"/>
        <line num="184" count="0" type="stmt"/>
        <line num="187" count="0" type="stmt"/>
        <line num="189" count="0" type="cond" truecount="0" falsecount="2"/>
      </file>
      <file name="import.controller.ts" path="/Users/piotrzielinski/Documents/GitHub/commerce-tools-integration/voucherify-service/src/import/import.controller.ts">
        <metrics statements="13" coveredstatements="0" conditionals="0" coveredconditionals="0" methods="2" coveredmethods="0"/>
        <line num="1" count="0" type="stmt"/>
        <line num="2" count="0" type="stmt"/>
        <line num="3" count="0" type="stmt"/>
        <line num="4" count="0" type="stmt"/>
        <line num="7" count="0" type="stmt"/>
        <line num="9" count="0" type="stmt"/>
        <line num="10" count="0" type="stmt"/>
        <line num="11" count="0" type="stmt"/>
        <line num="14" count="0" type="stmt"/>
        <line num="15" count="0" type="stmt"/>
        <line num="16" count="0" type="stmt"/>
        <line num="17" count="0" type="stmt"/>
        <line num="19" count="0" type="stmt"/>
      </file>
      <file name="order-import.service.ts" path="/Users/piotrzielinski/Documents/GitHub/commerce-tools-integration/voucherify-service/src/import/order-import.service.ts">
        <metrics statements="56" coveredstatements="15" conditionals="19" coveredconditionals="0" methods="6" coveredmethods="1"/>
        <line num="1" count="7" type="stmt"/>
        <line num="3" count="7" type="stmt"/>
        <line num="4" count="7" type="stmt"/>
        <line num="5" count="7" type="stmt"/>
        <line num="6" count="7" type="stmt"/>
        <line num="7" count="7" type="stmt"/>
        <line num="8" count="7" type="stmt"/>
        <line num="9" count="7" type="stmt"/>
        <line num="11" count="7" type="stmt"/>
        <line num="12" count="0" type="stmt"/>
        <line num="13" count="0" type="stmt"/>
        <line num="17" count="7" type="stmt"/>
        <line num="19" count="14" type="stmt"/>
        <line num="20" count="14" type="stmt"/>
        <line num="21" count="14" type="stmt"/>
        <line num="22" count="14" type="stmt"/>
        <line num="23" count="14" type="stmt"/>
        <line num="29" count="0" type="stmt"/>
        <line num="30" count="0" type="stmt"/>
        <line num="31" count="0" type="stmt"/>
        <line num="32" count="0" type="stmt"/>
        <line num="34" count="0" type="stmt"/>
        <line num="35" count="0" type="stmt"/>
        <line num="47" count="0" type="stmt"/>
        <line num="48" count="0" type="stmt"/>
        <line num="49" count="0" type="cond" truecount="0" falsecount="1"/>
        <line num="50" count="0" type="stmt"/>
        <line num="52" count="0" type="stmt"/>
        <line num="64" count="0" type="stmt"/>
        <line num="66" count="0" type="stmt"/>
        <line num="68" count="0" type="stmt"/>
        <line num="69" count="0" type="stmt"/>
        <line num="71" count="0" type="stmt"/>
        <line num="72" count="0" type="stmt"/>
        <line num="73" count="0" type="cond" truecount="0" falsecount="1"/>
        <line num="74" count="0" type="stmt"/>
        <line num="77" count="0" type="stmt"/>
        <line num="87" count="0" type="stmt"/>
        <line num="89" count="0" type="stmt"/>
        <line num="94" count="0" type="stmt"/>
        <line num="98" count="0" type="stmt"/>
        <line num="99" count="0" type="stmt"/>
        <line num="101" count="0" type="stmt"/>
        <line num="102" count="0" type="stmt"/>
        <line num="103" count="0" type="stmt"/>
        <line num="105" count="0" type="stmt"/>
        <line num="107" count="0" type="cond" truecount="0" falsecount="2"/>
        <line num="110" count="0" type="cond" truecount="0" falsecount="2"/>
        <line num="114" count="0" type="cond" truecount="0" falsecount="1"/>
        <line num="115" count="0" type="cond" truecount="0" falsecount="2"/>
        <line num="118" count="0" type="stmt"/>
        <line num="123" count="0" type="stmt"/>
[...]
        <line num="337" count="0" type="stmt"/>
        <line num="339" count="0" type="stmt"/>
        <line num="348" count="0" type="stmt"/>
        <line num="355" count="0" type="stmt"/>
        <line num="356" count="0" type="cond" truecount="0" falsecount="2"/>
        <line num="357" count="0" type="stmt"/>
        <line num="359" count="0" type="stmt"/>
        <line num="363" count="0" type="stmt"/>
        <line num="370" count="0" type="stmt"/>
        <line num="383" count="0" type="stmt"/>
      </file>
    </package>
    <package name="src.integration.utils">
      <metrics statements="119" coveredstatements="102" conditionals="205" coveredconditionals="138" methods="58" coveredmethods="54"/>
      <file name="couponsOperationFunctions.ts" path="/Users/piotrzielinski/Documents/GitHub/commerce-tools-integration/voucherify-service/src/integration/utils/couponsOperationFunctions.ts">
        <metrics statements="17" coveredstatements="17" conditionals="1" coveredconditionals="1" methods="14" coveredmethods="12"/>
        <line num="2" count="19" type="stmt"/>
        <line num="4" count="19" type="stmt"/>
        <line num="5" count="61" type="stmt"/>
        <line num="8" count="19" type="stmt"/>
        <line num="9" count="61" type="stmt"/>
        <line num="12" count="19" type="stmt"/>
        <line num="13" count="61" type="stmt"/>
        <line num="16" count="19" type="stmt"/>
        <line num="17" count="41" type="stmt"/>
        <line num="20" count="19" type="stmt"/>
        <line num="21" count="45" type="stmt"/>
        <line num="24" count="19" type="stmt"/>
        <line num="25" count="41" type="stmt"/>
        <line num="28" count="19" type="stmt"/>
        <line num="32" count="41" type="stmt"/>
        <line num="40" count="19" type="stmt"/>
        <line num="44" count="93" type="stmt"/>
      </file>
      <file name="getCodesIfProductNotFoundIn.ts" path="/Users/piotrzielinski/Documents/GitHub/commerce-tools-integration/voucherify-service/src/integration/utils/getCodesIfProductNotFoundIn.ts">
        <metrics statements="9" coveredstatements="8" conditionals="13" coveredconditionals="9" methods="3" coveredmethods="3"/>
        <line num="3" count="19" type="stmt"/>
        <line num="8" count="37" type="stmt"/>
        <line num="11" count="26" type="cond" truecount="3" falsecount="1"/>
        <line num="13" count="26" type="cond" truecount="6" falsecount="2"/>
        <line num="15" count="26" type="cond" truecount="0" falsecount="1"/>
        <line num="16" count="0" type="stmt"/>
        <line num="18" count="26" type="stmt"/>
        <line num="20" count="26" type="stmt"/>
        <line num="22" count="37" type="stmt"/>
      </file>
      <file name="getIncorrectPrices.ts" path="/Users/piotrzielinski/Documents/GitHub/commerce-tools-integration/voucherify-service/src/integration/utils/getIncorrectPrices.ts">
        <metrics statements="9" coveredstatements="8" conditionals="13" coveredconditionals="11" methods="4" coveredmethods="4"/>
        <line num="4" count="19" type="stmt"/>
        <line num="8" count="37" type="stmt"/>
        <line num="10" count="22" type="stmt"/>
        <line num="11" count="22" type="stmt"/>
        <line num="12" count="52" type="cond" truecount="7" falsecount="1"/>
        <line num="14" count="22" type="cond" truecount="4" falsecount="1"/>
        <line num="15" count="22" type="stmt"/>
        <line num="17" count="0" type="stmt"/>
        <line num="19" count="22" type="stmt"/>
      </file>
      <file name="getItemsWithPricesCorrected.ts" path="/Users/piotrzielinski/Documents/GitHub/commerce-tools-integration/voucherify-service/src/integration/utils/getItemsWithPricesCorrected.ts">
        <metrics statements="11" coveredstatements="11" conditionals="25" coveredconditionals="20" methods="5" coveredmethods="5"/>
        <line num="3" count="19" type="stmt"/>
        <line num="5" count="19" type="stmt"/>
        <line num="10" count="22" type="stmt"/>
        <line num="14" count="52" type="cond" truecount="7" falsecount="1"/>
        <line num="15" count="52" type="stmt"/>
        <line num="16" count="52" type="stmt"/>
        <line num="20" count="22" type="cond" truecount="6" falsecount="2"/>
        <line num="21" count="22" type="stmt"/>
        <line num="22" count="22" type="stmt"/>
        <line num="24" count="22" type="cond" truecount="1" falsecount="0"/>
        <line num="25" count="22" type="stmt"/>
      </file>
      <file name="getOrderMetadata.ts" path="/Users/piotrzielinski/Documents/GitHub/commerce-tools-integration/voucherify-service/src/integration/utils/getOrderMetadata.ts">
        <metrics statements="11" coveredstatements="3" conditionals="10" coveredconditionals="0" methods="1" coveredmethods="0"/>
        <line num="1" count="19" type="stmt"/>
        <line num="2" count="19" type="stmt"/>
        <line num="4" count="19" type="stmt"/>
        <line num="9" count="0" type="cond" truecount="0" falsecount="1"/>
        <line num="13" count="0" type="stmt"/>
        <line num="15" count="0" type="stmt"/>
        <line num="19" count="0" type="cond" truecount="0" falsecount="2"/>
        <line num="20" count="0" type="stmt"/>
        <line num="22" count="0" type="stmt"/>
        <line num="26" count="0" type="cond" truecount="0" falsecount="1"/>
        <line num="27" count="0" type="stmt"/>
      </file>
      <file name="getProductsToAddWithPricesCorrected.ts" path="/Users/piotrzielinski/Documents/GitHub/commerce-tools-integration/voucherify-service/src/integration/utils/getProductsToAddWithPricesCorrected.ts">
        <metrics statements="14" coveredstatements="13" conditionals="51" coveredconditionals="39" methods="7" coveredmethods="7"/>
        <line num="6" count="19" type="stmt"/>
        <line num="11" count="19" type="stmt"/>
        <line num="12" count="37" type="stmt"/>
        <line num="19" count="26" type="stmt"/>
        <line num="36" count="19" type="stmt"/>
        <line num="48" count="37" type="stmt"/>
        <line num="50" count="22" type="stmt"/>
        <line num="51" count="26" type="stmt"/>
        <line num="53" count="22" type="cond" truecount="3" falsecount="2"/>
        <line num="54" count="0" type="stmt"/>
        <line num="57" count="22" type="stmt"/>
        <line num="58" count="26" type="cond" truecount="3" falsecount="1"/>
        <line num="60" count="60" type="cond" truecount="9" falsecount="1"/>
        <line num="63" count="26" type="stmt"/>
      </file>
      <file name="helperFunctions.ts" path="/Users/piotrzielinski/Documents/GitHub/commerce-tools-integration/voucherify-service/src/integration/utils/helperFunctions.ts">
        <metrics statements="14" coveredstatements="11" conditionals="41" coveredconditionals="19" methods="5" coveredmethods="5"/>
        <line num="6" count="34" type="stmt"/>
        <line num="9" count="126" type="stmt"/>
        <line num="10" count="12" type="stmt"/>
        <line num="13" count="126" type="stmt"/>
        <line num="16" count="34" type="stmt"/>
        <line num="19" count="37" type="stmt"/>
        <line num="20" count="57" type="stmt"/>
        <line num="22" count="37" type="stmt"/>
        <line num="23" count="101" type="stmt"/>
        <line num="30" count="37" type="cond" truecount="1" falsecount="0"/>
        <line num="31" count="37" type="stmt"/>
        <line num="38" count="0" type="cond" truecount="0" falsecount="13"/>
        <line num="39" count="0" type="stmt"/>
        <line num="41" count="0" type="stmt"/>
      </file>
      <file name="mergeTwoObjectsIntoOne.ts" path="/Users/piotrzielinski/Documents/GitHub/commerce-tools-integration/voucherify-service/src/integration/utils/mergeTwoObjectsIntoOne.ts">
        <metrics statements="2" coveredstatements="2" conditionals="0" coveredconditionals="0" methods="1" coveredmethods="1"/>
        <line num="1" count="27" type="stmt"/>
        <line num="5" count="1" type="stmt"/>
      </file>
      <file name="redeemableOperationFunctions.ts" path="/Users/piotrzielinski/Documents/GitHub/commerce-tools-integration/voucherify-service/src/integration/utils/redeemableOperationFunctions.ts">
        <metrics statements="29" coveredstatements="26" conditionals="50" coveredconditionals="38" methods="16" coveredmethods="15"/>
        <line num="7" count="19" type="stmt"/>
        <line num="11" count="19" type="stmt"/>
        <line num="15" count="78" type="cond" truecount="3" falsecount="1"/>
        <line num="16" count="118" type="stmt"/>
        <line num="20" count="19" type="stmt"/>
        <line num="23" count="41" type="cond" truecount="3" falsecount="1"/>
        <line num="26" count="19" type="stmt"/>
        <line num="29" count="74" type="stmt"/>
        <line num="31" count="114" type="cond" truecount="8" falsecount="2"/>
        <line num="36" count="19" type="stmt"/>
        <line num="39" count="74" type="stmt"/>
        <line num="41" count="74" type="stmt"/>
        <line num="42" count="52" type="cond" truecount="3" falsecount="1"/>
        <line num="43" count="52" type="stmt"/>
        <line num="44" count="52" type="cond" truecount="0" falsecount="1"/>
        <line num="45" count="0" type="stmt"/>
        <line num="47" count="52" type="stmt"/>
        <line num="49" count="0" type="stmt"/>
        <line num="58" count="52" type="stmt"/>
        <line num="62" count="120" type="stmt"/>
        <line num="68" count="52" type="stmt"/>
        <line num="69" count="52" type="cond" truecount="0" falsecount="1"/>
        <line num="70" count="0" type="stmt"/>
        <line num="72" count="52" type="stmt"/>
        <line num="76" count="19" type="stmt"/>
        <line num="79" count="37" type="stmt"/>
        <line num="82" count="19" type="stmt"/>
        <line num="86" count="37" type="stmt"/>
        <line num="87" count="57" type="stmt"/>
      </file>
      <file name="replaceCodesWithInapplicableCoupons.ts" path="/Users/piotrzielinski/Documents/GitHub/commerce-tools-integration/voucherify-service/src/integration/utils/replaceCodesWithInapplicableCoupons.ts">
        <metrics statements="3" coveredstatements="3" conditionals="1" coveredconditionals="1" methods="2" coveredmethods="2"/>
        <line num="3" count="20" type="stmt"/>
        <line num="7" count="38" type="stmt"/>
        <line num="8" count="1" type="stmt"/>
      </file>
    </package>
    <package name="src.integration.utils.mappers">
      <metrics statements="27" coveredstatements="26" conditionals="92" coveredconditionals="74" methods="18" coveredmethods="17"/>
      <file name="buildRedeemStackableRequestForVoucherify.ts" path="/Users/piotrzielinski/Documents/GitHub/commerce-tools-integration/voucherify-service/src/integration/utils/mappers/buildRedeemStackableRequestForVoucherify.ts">
        <metrics statements="4" coveredstatements="4" conditionals="2" coveredconditionals="1" methods="3" coveredmethods="3"/>
        <line num="4" count="20" type="stmt"/>
        <line num="9" count="1" type="stmt"/>
        <line num="15" count="1" type="stmt"/>
        <line num="22" count="2" type="stmt"/>
      </file>
      <file name="buildValidationsValidateStackableParamsForVoucherify.ts" path="/Users/piotrzielinski/Documents/GitHub/commerce-tools-integration/voucherify-service/src/integration/utils/mappers/buildValidationsValidateStackableParamsForVoucherify.ts">
        <metrics statements="4" coveredstatements="4" conditionals="8" coveredconditionals="8" methods="3" coveredmethods="3"/>
        <line num="4" count="19" type="stmt"/>
        <line num="9" count="63" type="stmt"/>
        <line num="12" count="97" type="stmt"/>
        <line num="26" count="103" type="stmt"/>
      </file>
      <file name="order.ts" path="/Users/piotrzielinski/Documents/GitHub/commerce-tools-integration/voucherify-service/src/integration/utils/mappers/order.ts">
        <metrics statements="3" coveredstatements="3" conditionals="50" coveredconditionals="38" methods="2" coveredmethods="2"/>
        <line num="3" count="8" type="stmt"/>
        <line num="5" count="1" type="stmt"/>
        <line num="25" count="1" type="stmt"/>
      </file>
      <file name="product.ts" path="/Users/piotrzielinski/Documents/GitHub/commerce-tools-integration/voucherify-service/src/integration/utils/mappers/product.ts">
        <metrics statements="16" coveredstatements="15" conditionals="32" coveredconditionals="27" methods="10" coveredmethods="9"/>
        <line num="4" count="54" type="stmt"/>
        <line num="8" count="83" type="cond" truecount="2" falsecount="0"/>
        <line num="11" count="299" type="stmt"/>
        <line num="12" count="0" type="stmt"/>
        <line num="17" count="54" type="stmt"/>
        <line num="21" count="64" type="stmt"/>
        <line num="22" count="83" type="stmt"/>
        <line num="24" count="83" type="stmt"/>
        <line num="45" count="54" type="stmt"/>
        <line num="46" count="260" type="cond" truecount="8" falsecount="0"/>
        <line num="47" count="260" type="cond" truecount="1" falsecount="0"/>
        <line num="48" count="245" type="cond" truecount="3" falsecount="1"/>
        <line num="51" count="15" type="stmt"/>
        <line num="52" count="21" type="stmt"/>
        <line num="54" count="21" type="cond" truecount="2" falsecount="0"/>
        <line num="57" count="3" type="stmt"/>
      </file>
    </package>
    <package name="src.misc">
      <metrics statements="13" coveredstatements="13" conditionals="2" coveredconditionals="1" methods="7" coveredmethods="7"/>
      <file name="elapsedTime.ts" path="/Users/piotrzielinski/Documents/GitHub/commerce-tools-integration/voucherify-service/src/misc/elapsedTime.ts">
        <metrics statements="2" coveredstatements="2" conditionals="0" coveredconditionals="0" methods="1" coveredmethods="1"/>
        <line num="1" count="48" type="stmt"/>
        <line num="2" count="7" type="stmt"/>
      </file>
      <file name="request-json-file-logger.ts" path="/Users/piotrzielinski/Documents/GitHub/commerce-tools-integration/voucherify-service/src/misc/request-json-file-logger.ts">
        <metrics statements="5" coveredstatements="5" conditionals="2" coveredconditionals="1" methods="2" coveredmethods="2"/>
        <line num="1" count="11" type="stmt"/>
        <line num="4" count="11" type="stmt"/>
        <line num="5" count="1" type="stmt"/>
        <line num="13" count="1" type="stmt"/>
        <line num="17" count="1" type="stmt"/>
      </file>
      <file name="request-json-logger-interface.ts" path="/Users/piotrzielinski/Documents/GitHub/commerce-tools-integration/voucherify-service/src/misc/request-json-logger-interface.ts">
        <metrics statements="3" coveredstatements="3" conditionals="0" coveredconditionals="0" methods="1" coveredmethods="1"/>
        <line num="1" count="118" type="stmt"/>
        <line num="12" count="118" type="stmt"/>
        <line num="16" count="2" type="stmt"/>
      </file>
      <file name="sleep.ts" path="/Users/piotrzielinski/Documents/GitHub/commerce-tools-integration/voucherify-service/src/misc/sleep.ts">
        <metrics statements="3" coveredstatements="3" conditionals="0" coveredconditionals="0" methods="3" coveredmethods="3"/>
        <line num="1" count="35" type="stmt"/>
        <line num="2" count="7" type="stmt"/>
        <line num="5" count="35" type="stmt"/>
      </file>
    </package>
    <package name="src.voucherify">
      <metrics statements="73" coveredstatements="64" conditionals="25" coveredconditionals="18" methods="22" coveredmethods="20"/>
      <file name="voucherify-connector.service.ts" path="/Users/piotrzielinski/Documents/GitHub/commerce-tools-integration/voucherify-service/src/voucherify/voucherify-connector.service.ts">
        <metrics statements="46" coveredstatements="39" conditionals="13" coveredconditionals="11" methods="11" coveredmethods="9"/>
        <line num="1" count="45" type="stmt"/>
        <line num="2" count="45" type="stmt"/>
        <line num="3" count="45" type="stmt"/>
        <line num="9" count="45" type="stmt"/>
        <line num="10" count="45" type="stmt"/>
        <line num="15" count="45" type="stmt"/>
        <line num="17" count="45" type="stmt"/>
        <line num="20" count="45" type="stmt"/>
        <line num="22" count="21" type="stmt"/>
        <line num="23" count="21" type="stmt"/>
        <line num="25" count="21" type="stmt"/>
        <line num="28" count="21" type="stmt"/>
        <line num="30" count="21" type="stmt"/>
        <line num="33" count="21" type="stmt"/>
        <line num="37" count="0" type="stmt"/>
        <line num="38" count="0" type="stmt"/>
        <line num="43" count="0" type="stmt"/>
        <line num="44" count="0" type="stmt"/>
        <line num="46" count="0" type="stmt"/>
        <line num="50" count="1" type="stmt"/>
        <line num="51" count="1" type="stmt"/>
        <line num="54" count="1" type="stmt"/>
        <line num="56" count="1" type="stmt"/>
        <line num="57" count="1" type="stmt"/>
        <line num="66" count="1" type="stmt"/>
        <line num="74" count="1" type="stmt"/>
        <line num="76" count="1" type="stmt"/>
        <line num="84" count="1" type="stmt"/>
        <line num="88" count="1" type="stmt"/>
        <line num="90" count="1" type="stmt"/>
        <line num="93" count="1" type="stmt"/>
        <line num="94" count="1" type="stmt"/>
        <line num="96" count="1" type="stmt"/>
        <line num="104" count="1" type="stmt"/>
        <line num="108" count="7" type="stmt"/>
        <line num="109" count="3" type="stmt"/>
        <line num="117" count="1" type="stmt"/>
        <line num="118" count="1" type="stmt"/>
        <line num="119" count="0" type="stmt"/>
        <line num="121" count="1" type="cond" truecount="6" falsecount="2"/>
        <line num="125" count="1" type="stmt"/>
        <line num="126" count="1" type="stmt"/>
        <line num="134" count="2" type="stmt"/>
        <line num="138" count="1" type="cond" truecount="1" falsecount="0"/>
        <line num="139" count="1" type="stmt"/>
        <line num="142" count="0" type="stmt"/>
      </file>
      <file name="voucherify.service.ts" path="/Users/piotrzielinski/Documents/GitHub/commerce-tools-integration/voucherify-service/src/voucherify/voucherify.service.ts">
        <metrics statements="27" coveredstatements="25" conditionals="12" coveredconditionals="7" methods="11" coveredmethods="11"/>
        <line num="1" count="19" type="stmt"/>
        <line num="2" count="19" type="stmt"/>
        <line num="3" count="19" type="stmt"/>
        <line num="8" count="19" type="stmt"/>
        <line num="10" count="47" type="stmt"/>
        <line num="11" count="47" type="stmt"/>
        <line num="15" count="45" type="cond" truecount="0" falsecount="1"/>
        <line num="16" count="0" type="stmt"/>
        <line num="20" count="45" type="cond" truecount="3" falsecount="1"/>
        <line num="23" count="45" type="stmt"/>
        <line num="25" count="3" type="cond" truecount="0" falsecount="1"/>
        <line num="26" count="0" type="stmt"/>
        <line num="29" count="3" type="stmt"/>
        <line num="30" count="3" type="stmt"/>
        <line num="31" count="3" type="stmt"/>
        <line num="32" count="3" type="stmt"/>
        <line num="35" count="2" type="stmt"/>
        <line num="44" count="45" type="stmt"/>
        <line num="51" count="37" type="stmt"/>
        <line num="52" count="57" type="stmt"/>
        <line num="54" count="1" type="stmt"/>
        <line num="55" count="2" type="stmt"/>
        <line num="57" count="1" type="cond" truecount="1" falsecount="0"/>
        <line num="58" count="1" type="cond" truecount="3" falsecount="1"/>
        <line num="61" count="1" type="stmt"/>
        <line num="64" count="37" type="stmt"/>
        <line num="65" count="57" type="stmt"/>
      </file>
    </package>
  </project>
</coverage>
