{"/Users/piotrzielinski/Documents/GitHub/commerce-tools-integration/voucherify-service/src/app.controller.ts": {"path":"/Users/piotrzielinski/Documents/GitHub/commerce-tools-integration/voucherify-service/src/app.controller.ts","statementMap":{"0":{"start":{"line":1,"column":0},"end":{"line":1,"column":49}},"1":{"start":{"line":2,"column":0},"end":{"line":2,"column":43}},"2":{"start":{"line":5,"column":7},"end":{"line":12,"column":null}},"3":{"start":{"line":6,"column":31},"end":{"line":6,"column":43}},"4":{"start":{"line":10,"column":4},"end":{"line":10,"column":38}},"5":{"start":{"line":8,"column":2},"end":{"line":11,"column":null}},"6":{"start":{"line":5,"column":13},"end":{"line":12,"column":null}},"7":{"start":{"line":5,"column":13},"end":{"line":5,"column":26}}},"fnMap":{"0":{"name":"(anonymous_2)","decl":{"start":{"line":6,"column":2},"end":{"line":6,"column":31}},"loc":{"start":{"line":6,"column":53},"end":{"line":6,"column":57}}},"1":{"name":"(anonymous_3)","decl":{"start":{"line":9,"column":2},"end":{"line":9,"column":10}},"loc":{"start":{"line":9,"column":10},"end":{"line":11,"column":3}}}},"branchMap":{},"s":{"0":1,"1":1,"2":1,"3":1,"4":1,"5":1,"6":1,"7":1},"f":{"0":1,"1":1},"b":{}}
,"/Users/piotrzielinski/Documents/GitHub/commerce-tools-integration/voucherify-service/src/app.module.ts": {"path":"/Users/piotrzielinski/Documents/GitHub/commerce-tools-integration/voucherify-service/src/app.module.ts","statementMap":{"0":{"start":{"line":1,"column":0},"end":{"line":1,"column":48}},"1":{"start":{"line":2,"column":0},"end":{"line":2,"column":46}},"2":{"start":{"line":3,"column":0},"end":{"line":3,"column":49}},"3":{"start":{"line":4,"column":0},"end":{"line":4,"column":43}},"4":{"start":{"line":5,"column":0},"end":{"line":5,"column":87}},"5":{"start":{"line":6,"column":0},"end":{"line":6,"column":96}},"6":{"start":{"line":7,"column":0},"end":{"line":7,"column":82}},"7":{"start":{"line":8,"column":0},"end":{"line":8,"column":71}},"8":{"start":{"line":9,"column":0},"end":{"line":9,"column":76}},"9":{"start":{"line":10,"column":0},"end":{"line":10,"column":93}},"10":{"start":{"line":11,"column":0},"end":{"line":11,"column":87}},"11":{"start":{"line":12,"column":0},"end":{"line":12,"column":71}},"12":{"start":{"line":13,"column":0},"end":{"line":13,"column":62}},"13":{"start":{"line":14,"column":0},"end":{"line":14,"column":67}},"14":{"start":{"line":15,"column":0},"end":{"line":15,"column":73}},"15":{"start":{"line":16,"column":0},"end":{"line":16,"column":73}},"16":{"start":{"line":17,"column":0},"end":{"line":17,"column":79}},"17":{"start":{"line":18,"column":0},"end":{"line":18,"column":79}},"18":{"start":{"line":19,"column":0},"end":{"line":19,"column":75}},"19":{"start":{"line":20,"column":0},"end":{"line":20,"column":53}},"20":{"start":{"line":21,"column":0},"end":{"line":21,"column":55}},"21":{"start":{"line":22,"column":0},"end":{"line":22,"column":64}},"22":{"start":{"line":23,"column":0},"end":{"line":23,"column":62}},"23":{"start":{"line":24,"column":0},"end":{"line":24,"column":64}},"24":{"start":{"line":25,"column":0},"end":{"line":25,"column":64}},"25":{"start":{"line":26,"column":0},"end":{"line":26,"column":77}},"26":{"start":{"line":27,"column":0},"end":{"line":27,"column":68}},"27":{"start":{"line":61,"column":7},"end":{"line":61,"column":null}},"28":{"start":{"line":61,"column":13},"end":{"line":61,"column":null}},"29":{"start":{"line":61,"column":13},"end":{"line":61,"column":22}}},"fnMap":{},"branchMap":{},"s":{"0":0,"1":0,"2":0,"3":0,"4":0,"5":0,"6":0,"7":0,"8":0,"9":0,"10":0,"11":0,"12":0,"13":0,"14":0,"15":0,"16":0,"17":0,"18":0,"19":0,"20":0,"21":0,"22":0,"23":0,"24":0,"25":0,"26":0,"27":0,"28":0,"29":0},"f":{},"b":{}}
,"/Users/piotrzielinski/Documents/GitHub/commerce-tools-integration/voucherify-service/src/app.service.ts": {"path":"/Users/piotrzielinski/Documents/GitHub/commerce-tools-integration/voucherify-service/src/app.service.ts","statementMap":{"0":{"start":{"line":1,"column":0},"end":{"line":1,"column":44}},"1":{"start":{"line":4,"column":7},"end":{"line":8,"column":null}},"2":{"start":{"line":6,"column":4},"end":{"line":6,"column":58}},"3":{"start":{"line":4,"column":13},"end":{"line":8,"column":null}},"4":{"start":{"line":4,"column":13},"end":{"line":4,"column":23}}},"fnMap":{"0":{"name":"(anonymous_1)","decl":{"start":{"line":5,"column":2},"end":{"line":5,"column":10}},"loc":{"start":{"line":5,"column":10},"end":{"line":7,"column":3}}}},"branchMap":{},"s":{"0":1,"1":1,"2":1,"3":1,"4":1},"f":{"0":1},"b":{}}
,"/Users/piotrzielinski/Documents/GitHub/commerce-tools-integration/voucherify-service/src/cli.ts": {"path":"/Users/piotrzielinski/Documents/GitHub/commerce-tools-integration/voucherify-service/src/cli.ts","statementMap":{"0":{"start":{"line":1,"column":0},"end":{"line":1,"column":41}},"1":{"start":{"line":2,"column":0},"end":{"line":2,"column":48}},"2":{"start":{"line":3,"column":0},"end":{"line":3,"column":45}},"3":{"start":{"line":4,"column":0},"end":{"line":4,"column":35}},"4":{"start":{"line":5,"column":0},"end":{"line":5,"column":71}},"5":{"start":{"line":8,"column":2},"end":{"line":22,"column":4}},"6":{"start":{"line":25,"column":0},"end":{"line":25,"column":12}}},"fnMap":{"0":{"name":"bootstrap","decl":{"start":{"line":7,"column":15},"end":{"line":7,"column":24}},"loc":{"start":{"line":7,"column":24},"end":{"line":23,"column":1}}}},"branchMap":{},"s":{"0":0,"1":0,"2":0,"3":0,"4":0,"5":0,"6":0},"f":{"0":0},"b":{}}
,"/Users/piotrzielinski/Documents/GitHub/commerce-tools-integration/voucherify-service/src/devAttached.ts": {"path":"/Users/piotrzielinski/Documents/GitHub/commerce-tools-integration/voucherify-service/src/devAttached.ts","statementMap":{"0":{"start":{"line":1,"column":0},"end":{"line":1,"column":43}},"1":{"start":{"line":2,"column":0},"end":{"line":2,"column":41}},"2":{"start":{"line":3,"column":0},"end":{"line":3,"column":76}},"3":{"start":{"line":4,"column":0},"end":{"line":4,"column":31}},"4":{"start":{"line":5,"column":0},"end":{"line":5,"column":28}},"5":{"start":{"line":6,"column":0},"end":{"line":6,"column":45}},"6":{"start":{"line":7,"column":0},"end":{"line":7,"column":35}},"7":{"start":{"line":8,"column":0},"end":{"line":8,"column":71}},"8":{"start":{"line":11,"column":20},"end":{"line":14,"column":null}},"9":{"start":{"line":16,"column":17},"end":{"line":23,"column":4}},"10":{"start":{"line":24,"column":2},"end":{"line":24,"column":40}},"11":{"start":{"line":25,"column":29},"end":{"line":25,"column":62}},"12":{"start":{"line":26,"column":15},"end":{"line":26,"column":39}},"13":{"start":{"line":27,"column":14},"end":{"line":30,"column":4}},"14":{"start":{"line":29,"column":40},"end":{"line":29,"column":64}},"15":{"start":{"line":31,"column":2},"end":{"line":31,"column":45}},"16":{"start":{"line":32,"column":14},"end":{"line":32,"column":61}},"17":{"start":{"line":33,"column":2},"end":{"line":33,"column":25}},"18":{"start":{"line":34,"column":2},"end":{"line":34,"column":43}},"19":{"start":{"line":35,"column":26},"end":{"line":35,"column":54}},"20":{"start":{"line":36,"column":35},"end":{"line":36,"column":68}},"21":{"start":{"line":37,"column":2},"end":{"line":41,"column":null}},"22":{"start":{"line":38,"column":4},"end":{"line":38,"column":60}},"23":{"start":{"line":40,"column":4},"end":{"line":40,"column":71}},"24":{"start":{"line":43,"column":0},"end":{"line":43,"column":12}}},"fnMap":{"0":{"name":"bootstrap","decl":{"start":{"line":10,"column":15},"end":{"line":10,"column":24}},"loc":{"start":{"line":10,"column":24},"end":{"line":42,"column":1}}},"1":{"name":"(anonymous_7)","decl":{"start":{"line":29,"column":34},"end":{"line":29,"column":37}},"loc":{"start":{"line":29,"column":40},"end":{"line":29,"column":64}}}},"branchMap":{"0":{"loc":{"start":{"line":26,"column":15},"end":{"line":26,"column":39}},"type":"binary-expr","locations":[{"start":{"line":26,"column":15},"end":{"line":26,"column":31}},{"start":{"line":26,"column":35},"end":{"line":26,"column":39}}]},"1":{"loc":{"start":{"line":29,"column":13},"end":{"line":29,"column":76}},"type":"cond-expr","locations":[{"start":{"line":29,"column":34},"end":{"line":29,"column":64}},{"start":{"line":29,"column":67},"end":{"line":29,"column":76}}]},"2":{"loc":{"start":{"line":37,"column":2},"end":{"line":41,"column":null}},"type":"if","locations":[{"start":{"line":37,"column":2},"end":{"line":41,"column":null}},{"start":{"line":39,"column":9},"end":{"line":41,"column":null}}]}},"s":{"0":0,"1":0,"2":0,"3":0,"4":0,"5":0,"6":0,"7":0,"8":0,"9":0,"10":0,"11":0,"12":0,"13":0,"14":0,"15":0,"16":0,"17":0,"18":0,"19":0,"20":0,"21":0,"22":0,"23":0,"24":0},"f":{"0":0,"1":0},"b":{"0":[0,0],"1":[0,0],"2":[0,0]}}
,"/Users/piotrzielinski/Documents/GitHub/commerce-tools-integration/voucherify-service/src/main.ts": {"path":"/Users/piotrzielinski/Documents/GitHub/commerce-tools-integration/voucherify-service/src/main.ts","statementMap":{"0":{"start":{"line":1,"column":0},"end":{"line":1,"column":43}},"1":{"start":{"line":2,"column":0},"end":{"line":2,"column":41}},"2":{"start":{"line":3,"column":0},"end":{"line":3,"column":45}},"3":{"start":{"line":4,"column":0},"end":{"line":4,"column":35}},"4":{"start":{"line":5,"column":0},"end":{"line":5,"column":71}},"5":{"start":{"line":9,"column":4},"end":{"line":18,"column":null}},"6":{"start":{"line":21,"column":14},"end":{"line":30,"column":4}},"7":{"start":{"line":32,"column":2},"end":{"line":32,"column":45}},"8":{"start":{"line":34,"column":0},"end":{"line":34,"column":12}}},"fnMap":{"0":{"name":"bootstrap","decl":{"start":{"line":7,"column":15},"end":{"line":7,"column":24}},"loc":{"start":{"line":7,"column":24},"end":{"line":33,"column":1}}}},"branchMap":{"0":{"loc":{"start":{"line":9,"column":4},"end":{"line":18,"column":null}},"type":"cond-expr","locations":[{"start":{"line":10,"column":8},"end":{"line":13,"column":null}},{"start":{"line":15,"column":8},"end":{"line":18,"column":null}}]},"1":{"loc":{"start":{"line":32,"column":19},"end":{"line":32,"column":43}},"type":"binary-expr","locations":[{"start":{"line":32,"column":19},"end":{"line":32,"column":35}},{"start":{"line":32,"column":39},"end":{"line":32,"column":43}}]}},"s":{"0":0,"1":0,"2":0,"3":0,"4":0,"5":0,"6":0,"7":0,"8":0},"f":{"0":0},"b":{"0":[0,0],"1":[0,0]}}
,"/Users/piotrzielinski/Documents/GitHub/commerce-tools-integration/voucherify-service/src/cli/api-extension-add.command.ts": {"path":"/Users/piotrzielinski/Documents/GitHub/commerce-tools-integration/voucherify-service/src/cli/api-extension-add.command.ts","statementMap":{"0":{"start":{"line":1,"column":0},"end":{"line":1,"column":56}},"1":{"start":{"line":2,"column":0},"end":{"line":2,"column":47}},"2":{"start":{"line":3,"column":0},"end":{"line":3,"column":77}},"3":{"start":{"line":4,"column":0},"end":{"line":4,"column":37}},"4":{"start":{"line":11,"column":7},"end":{"line":40,"column":null}},"5":{"start":{"line":16,"column":4},"end":{"line":16,"column":12}},"6":{"start":{"line":13,"column":21},"end":{"line":13,"column":38}},"7":{"start":{"line":14,"column":21},"end":{"line":14,"column":36}},"8":{"start":{"line":20,"column":6},"end":{"line":21,"column":59}},"9":{"start":{"line":23,"column":28},"end":{"line":24,"column":null}},"10":{"start":{"line":27,"column":4},"end":{"line":30,"column":null}},"11":{"start":{"line":28,"column":6},"end":{"line":28,"column":80}},"12":{"start":{"line":29,"column":6},"end":{"line":29,"column":13}},"13":{"start":{"line":32,"column":20},"end":{"line":32,"column":75}},"14":{"start":{"line":33,"column":19},"end":{"line":33,"column":71}},"15":{"start":{"line":34,"column":4},"end":{"line":38,"column":null}},"16":{"start":{"line":35,"column":6},"end":{"line":35,"column":61}},"17":{"start":{"line":37,"column":6},"end":{"line":37,"column":66}},"18":{"start":{"line":11,"column":13},"end":{"line":40,"column":null}},"19":{"start":{"line":11,"column":13},"end":{"line":11,"column":35}}},"fnMap":{"0":{"name":"(anonymous_3)","decl":{"start":{"line":12,"column":2},"end":{"line":12,"column":null}},"loc":{"start":{"line":14,"column":49},"end":{"line":17,"column":3}}},"1":{"name":"(anonymous_4)","decl":{"start":{"line":18,"column":2},"end":{"line":18,"column":7}},"loc":{"start":{"line":18,"column":11},"end":{"line":39,"column":3}}}},"branchMap":{"0":{"loc":{"start":{"line":20,"column":6},"end":{"line":21,"column":59}},"type":"binary-expr","locations":[{"start":{"line":20,"column":6},"end":{"line":20,"column":47}},{"start":{"line":21,"column":6},"end":{"line":21,"column":59}}]},"1":{"loc":{"start":{"line":27,"column":4},"end":{"line":30,"column":null}},"type":"if","locations":[{"start":{"line":27,"column":4},"end":{"line":30,"column":null}}]},"2":{"loc":{"start":{"line":34,"column":4},"end":{"line":38,"column":null}},"type":"if","locations":[{"start":{"line":34,"column":4},"end":{"line":38,"column":null}},{"start":{"line":36,"column":11},"end":{"line":38,"column":null}}]}},"s":{"0":1,"1":1,"2":1,"3":1,"4":1,"5":2,"6":2,"7":2,"8":0,"9":0,"10":0,"11":0,"12":0,"13":0,"14":0,"15":0,"16":0,"17":0,"18":1,"19":1},"f":{"0":2,"1":0},"b":{"0":[0,0],"1":[0],"2":[0,0]}}
,"/Users/piotrzielinski/Documents/GitHub/commerce-tools-integration/voucherify-service/src/cli/api-extension-delete.command.ts": {"path":"/Users/piotrzielinski/Documents/GitHub/commerce-tools-integration/voucherify-service/src/cli/api-extension-delete.command.ts","statementMap":{"0":{"start":{"line":1,"column":0},"end":{"line":1,"column":64}},"1":{"start":{"line":2,"column":0},"end":{"line":2,"column":77}},"2":{"start":{"line":3,"column":0},"end":{"line":3,"column":37}},"3":{"start":{"line":4,"column":0},"end":{"line":4,"column":47}},"4":{"start":{"line":16,"column":7},"end":{"line":79,"column":null}},"5":{"start":{"line":21,"column":4},"end":{"line":21,"column":12}},"6":{"start":{"line":18,"column":21},"end":{"line":18,"column":38}},"7":{"start":{"line":19,"column":21},"end":{"line":19,"column":36}},"8":{"start":{"line":27,"column":28},"end":{"line":28,"column":null}},"9":{"start":{"line":31,"column":20},"end":{"line":35,"column":13}},"10":{"start":{"line":37,"column":4},"end":{"line":69,"column":null}},"11":{"start":{"line":38,"column":45},"end":{"line":38,"column":47}},"12":{"start":{"line":40,"column":6},"end":{"line":56,"column":null}},"13":{"start":{"line":41,"column":33},"end":{"line":42,"column":null}},"14":{"start":{"line":45,"column":8},"end":{"line":47,"column":null}},"15":{"start":{"line":46,"column":10},"end":{"line":46,"column":51}},"16":{"start":{"line":49,"column":24},"end":{"line":51,"column":null}},"17":{"start":{"line":53,"column":8},"end":{"line":55,"column":null}},"18":{"start":{"line":54,"column":10},"end":{"line":54,"column":45}},"19":{"start":{"line":58,"column":6},"end":{"line":66,"column":null}},"20":{"start":{"line":59,"column":8},"end":{"line":63,"column":10}},"21":{"start":{"line":61,"column":32},"end":{"line":61,"column":44}},"22":{"start":{"line":65,"column":8},"end":{"line":65,"column":58}},"23":{"start":{"line":68,"column":6},"end":{"line":68,"column":72}},"24":{"start":{"line":77,"column":4},"end":{"line":77,"column":15}},"25":{"start":{"line":72,"column":2},"end":{"line":78,"column":null}},"26":{"start":{"line":16,"column":13},"end":{"line":79,"column":null}},"27":{"start":{"line":16,"column":13},"end":{"line":16,"column":38}}},"fnMap":{"0":{"name":"(anonymous_3)","decl":{"start":{"line":17,"column":2},"end":{"line":17,"column":null}},"loc":{"start":{"line":19,"column":49},"end":{"line":22,"column":3}}},"1":{"name":"(anonymous_4)","decl":{"start":{"line":23,"column":2},"end":{"line":23,"column":7}},"loc":{"start":{"line":25,"column":46},"end":{"line":70,"column":3}}},"2":{"name":"(anonymous_5)","decl":{"start":{"line":61,"column":17},"end":{"line":61,"column":18}},"loc":{"start":{"line":61,"column":32},"end":{"line":61,"column":44}}},"3":{"name":"(anonymous_6)","decl":{"start":{"line":76,"column":2},"end":{"line":76,"column":9}},"loc":{"start":{"line":76,"column":21},"end":{"line":78,"column":3}}}},"branchMap":{"0":{"loc":{"start":{"line":32,"column":6},"end":{"line":34,"column":88}},"type":"cond-expr","locations":[{"start":{"line":33,"column":10},"end":{"line":33,"column":82}},{"start":{"line":34,"column":10},"end":{"line":34,"column":88}}]},"1":{"loc":{"start":{"line":40,"column":6},"end":{"line":56,"column":null}},"type":"if","locations":[{"start":{"line":40,"column":6},"end":{"line":56,"column":null}},{"start":{"line":48,"column":13},"end":{"line":56,"column":null}}]},"2":{"loc":{"start":{"line":45,"column":8},"end":{"line":47,"column":null}},"type":"if","locations":[{"start":{"line":45,"column":8},"end":{"line":47,"column":null}}]},"3":{"loc":{"start":{"line":53,"column":8},"end":{"line":55,"column":null}},"type":"if","locations":[{"start":{"line":53,"column":8},"end":{"line":55,"column":null}}]},"4":{"loc":{"start":{"line":58,"column":6},"end":{"line":66,"column":null}},"type":"if","locations":[{"start":{"line":58,"column":6},"end":{"line":66,"column":null}},{"start":{"line":64,"column":13},"end":{"line":66,"column":null}}]}},"s":{"0":1,"1":1,"2":1,"3":1,"4":1,"5":2,"6":2,"7":2,"8":1,"9":1,"10":1,"11":1,"12":1,"13":1,"14":1,"15":0,"16":0,"17":0,"18":0,"19":1,"20":0,"21":0,"22":1,"23":0,"24":0,"25":1,"26":1,"27":1},"f":{"0":2,"1":1,"2":0,"3":0},"b":{"0":[1,0],"1":[1,0],"2":[0],"3":[0],"4":[0,1]}}
,"/Users/piotrzielinski/Documents/GitHub/commerce-tools-integration/voucherify-service/src/cli/api-extension-list.command.ts": {"path":"/Users/piotrzielinski/Documents/GitHub/commerce-tools-integration/voucherify-service/src/cli/api-extension-list.command.ts","statementMap":{"0":{"start":{"line":1,"column":0},"end":{"line":1,"column":56}},"1":{"start":{"line":2,"column":0},"end":{"line":2,"column":77}},"2":{"start":{"line":3,"column":0},"end":{"line":3,"column":37}},"3":{"start":{"line":4,"column":0},"end":{"line":4,"column":30}},"4":{"start":{"line":10,"column":7},"end":{"line":45,"column":null}},"5":{"start":{"line":12,"column":4},"end":{"line":12,"column":12}},"6":{"start":{"line":11,"column":31},"end":{"line":11,"column":48}},"7":{"start":{"line":15,"column":20},"end":{"line":15,"column":72}},"8":{"start":{"line":16,"column":23},"end":{"line":16,"column":56}},"9":{"start":{"line":17,"column":4},"end":{"line":43,"column":null}},"10":{"start":{"line":18,"column":6},"end":{"line":18,"column":49}},"11":{"start":{"line":19,"column":20},"end":{"line":21,"column":8}},"12":{"start":{"line":23,"column":6},"end":{"line":38,"column":8}},"13":{"start":{"line":25,"column":23},"end":{"line":25,"column":49}},"14":{"start":{"line":27,"column":12},"end":{"line":29,"column":41}},"15":{"start":{"line":30,"column":10},"end":{"line":36,"column":12}},"16":{"start":{"line":40,"column":6},"end":{"line":40,"column":36}},"17":{"start":{"line":42,"column":6},"end":{"line":42,"column":40}},"18":{"start":{"line":10,"column":13},"end":{"line":45,"column":null}},"19":{"start":{"line":10,"column":13},"end":{"line":10,"column":36}}},"fnMap":{"0":{"name":"(anonymous_3)","decl":{"start":{"line":11,"column":2},"end":{"line":11,"column":31}},"loc":{"start":{"line":11,"column":67},"end":{"line":13,"column":3}}},"1":{"name":"(anonymous_4)","decl":{"start":{"line":14,"column":2},"end":{"line":14,"column":7}},"loc":{"start":{"line":14,"column":11},"end":{"line":44,"column":3}}},"2":{"name":"(anonymous_5)","decl":{"start":{"line":24,"column":26},"end":{"line":24,"column":27}},"loc":{"start":{"line":24,"column":40},"end":{"line":37,"column":9}}}},"branchMap":{"0":{"loc":{"start":{"line":17,"column":4},"end":{"line":43,"column":null}},"type":"if","locations":[{"start":{"line":17,"column":4},"end":{"line":43,"column":null}},{"start":{"line":41,"column":11},"end":{"line":43,"column":null}}]},"1":{"loc":{"start":{"line":17,"column":8},"end":{"line":17,"column":26}},"type":"cond-expr","locations":[{"start":{"line":17,"column":18},"end":{"line":17,"column":20}},{"start":{"line":17,"column":8},"end":{"line":17,"column":26}}]},"2":{"loc":{"start":{"line":17,"column":8},"end":{"line":17,"column":20}},"type":"binary-expr","locations":[{"start":{"line":17,"column":8},"end":{"line":17,"column":20}},{"start":{"line":17,"column":8},"end":{"line":17,"column":20}}]},"3":{"loc":{"start":{"line":27,"column":12},"end":{"line":29,"column":41}},"type":"cond-expr","locations":[{"start":{"line":28,"column":16},"end":{"line":28,"column":41}},{"start":{"line":29,"column":16},"end":{"line":29,"column":41}}]},"4":{"loc":{"start":{"line":32,"column":12},"end":{"line":32,"column":31}},"type":"binary-expr","locations":[{"start":{"line":32,"column":12},"end":{"line":32,"column":25}},{"start":{"line":32,"column":29},"end":{"line":32,"column":31}}]}},"s":{"0":1,"1":1,"2":1,"3":1,"4":1,"5":2,"6":2,"7":1,"8":1,"9":1,"10":0,"11":0,"12":0,"13":0,"14":0,"15":0,"16":0,"17":1,"18":1,"19":1},"f":{"0":2,"1":1,"2":0},"b":{"0":[0,1],"1":[0,1],"2":[1,1],"3":[0,0],"4":[0,0]}}
,"/Users/piotrzielinski/Documents/GitHub/commerce-tools-integration/voucherify-service/src/cli/api-extension-update.command.ts": {"path":"/Users/piotrzielinski/Documents/GitHub/commerce-tools-integration/voucherify-service/src/cli/api-extension-update.command.ts","statementMap":{"0":{"start":{"line":1,"column":0},"end":{"line":1,"column":56}},"1":{"start":{"line":2,"column":0},"end":{"line":2,"column":47}},"2":{"start":{"line":3,"column":0},"end":{"line":3,"column":77}},"3":{"start":{"line":4,"column":0},"end":{"line":4,"column":37}},"4":{"start":{"line":11,"column":7},"end":{"line":31,"column":null}},"5":{"start":{"line":16,"column":4},"end":{"line":16,"column":12}},"6":{"start":{"line":13,"column":21},"end":{"line":13,"column":42}},"7":{"start":{"line":14,"column":21},"end":{"line":14,"column":36}},"8":{"start":{"line":20,"column":6},"end":{"line":21,"column":59}},"9":{"start":{"line":23,"column":20},"end":{"line":23,"column":70}},"10":{"start":{"line":24,"column":19},"end":{"line":24,"column":61}},"11":{"start":{"line":25,"column":4},"end":{"line":29,"column":null}},"12":{"start":{"line":26,"column":6},"end":{"line":26,"column":61}},"13":{"start":{"line":28,"column":6},"end":{"line":28,"column":66}},"14":{"start":{"line":11,"column":13},"end":{"line":31,"column":null}},"15":{"start":{"line":11,"column":13},"end":{"line":11,"column":38}}},"fnMap":{"0":{"name":"(anonymous_3)","decl":{"start":{"line":12,"column":2},"end":{"line":12,"column":null}},"loc":{"start":{"line":14,"column":49},"end":{"line":17,"column":3}}},"1":{"name":"(anonymous_4)","decl":{"start":{"line":18,"column":2},"end":{"line":18,"column":7}},"loc":{"start":{"line":18,"column":11},"end":{"line":30,"column":3}}}},"branchMap":{"0":{"loc":{"start":{"line":20,"column":6},"end":{"line":21,"column":59}},"type":"binary-expr","locations":[{"start":{"line":20,"column":6},"end":{"line":20,"column":47}},{"start":{"line":21,"column":6},"end":{"line":21,"column":59}}]},"1":{"loc":{"start":{"line":25,"column":4},"end":{"line":29,"column":null}},"type":"if","locations":[{"start":{"line":25,"column":4},"end":{"line":29,"column":null}},{"start":{"line":27,"column":11},"end":{"line":29,"column":null}}]}},"s":{"0":1,"1":1,"2":1,"3":1,"4":1,"5":2,"6":2,"7":2,"8":0,"9":0,"10":0,"11":0,"12":0,"13":0,"14":1,"15":1},"f":{"0":2,"1":0},"b":{"0":[0,0],"1":[0,0]}}
,"/Users/piotrzielinski/Documents/GitHub/commerce-tools-integration/voucherify-service/src/cli/config.command.ts": {"path":"/Users/piotrzielinski/Documents/GitHub/commerce-tools-integration/voucherify-service/src/cli/config.command.ts","statementMap":{"0":{"start":{"line":1,"column":0},"end":{"line":1,"column":56}},"1":{"start":{"line":2,"column":0},"end":{"line":2,"column":37}},"2":{"start":{"line":3,"column":0},"end":{"line":3,"column":94}},"3":{"start":{"line":4,"column":0},"end":{"line":4,"column":88}},"4":{"start":{"line":13,"column":7},"end":{"line":47,"column":null}},"5":{"start":{"line":18,"column":4},"end":{"line":18,"column":12}},"6":{"start":{"line":15,"column":21},"end":{"line":15,"column":35}},"7":{"start":{"line":16,"column":21},"end":{"line":16,"column":43}},"8":{"start":{"line":21,"column":32},"end":{"line":23,"column":13}},"9":{"start":{"line":26,"column":6},"end":{"line":26,"column":52}},"10":{"start":{"line":27,"column":4},"end":{"line":31,"column":null}},"11":{"start":{"line":28,"column":6},"end":{"line":28,"column":74}},"12":{"start":{"line":30,"column":6},"end":{"line":30,"column":73}},"13":{"start":{"line":33,"column":33},"end":{"line":35,"column":13}},"14":{"start":{"line":38,"column":6},"end":{"line":38,"column":66}},"15":{"start":{"line":39,"column":4},"end":{"line":45,"column":null}},"16":{"start":{"line":40,"column":6},"end":{"line":40,"column":77}},"17":{"start":{"line":42,"column":6},"end":{"line":44,"column":8}},"18":{"start":{"line":13,"column":13},"end":{"line":47,"column":null}},"19":{"start":{"line":13,"column":13},"end":{"line":13,"column":26}}},"fnMap":{"0":{"name":"(anonymous_3)","decl":{"start":{"line":14,"column":2},"end":{"line":14,"column":null}},"loc":{"start":{"line":16,"column":63},"end":{"line":19,"column":3}}},"1":{"name":"(anonymous_4)","decl":{"start":{"line":20,"column":2},"end":{"line":20,"column":7}},"loc":{"start":{"line":20,"column":11},"end":{"line":46,"column":3}}}},"branchMap":{"0":{"loc":{"start":{"line":27,"column":4},"end":{"line":31,"column":null}},"type":"if","locations":[{"start":{"line":27,"column":4},"end":{"line":31,"column":null}},{"start":{"line":29,"column":11},"end":{"line":31,"column":null}}]},"1":{"loc":{"start":{"line":39,"column":4},"end":{"line":45,"column":null}},"type":"if","locations":[{"start":{"line":39,"column":4},"end":{"line":45,"column":null}},{"start":{"line":41,"column":11},"end":{"line":45,"column":null}}]}},"s":{"0":2,"1":2,"2":2,"3":2,"4":2,"5":4,"6":4,"7":4,"8":0,"9":0,"10":0,"11":0,"12":0,"13":0,"14":0,"15":0,"16":0,"17":0,"18":2,"19":2},"f":{"0":4,"1":0},"b":{"0":[0,0],"1":[0,0]}}
,"/Users/piotrzielinski/Documents/GitHub/commerce-tools-integration/voucherify-service/src/cli/migrate.command.ts": {"path":"/Users/piotrzielinski/Documents/GitHub/commerce-tools-integration/voucherify-service/src/cli/migrate.command.ts","statementMap":{"0":{"start":{"line":2,"column":0},"end":{"line":2,"column":64}},"1":{"start":{"line":3,"column":0},"end":{"line":3,"column":37}},"2":{"start":{"line":4,"column":0},"end":{"line":4,"column":72}},"3":{"start":{"line":5,"column":0},"end":{"line":5,"column":68}},"4":{"start":{"line":6,"column":0},"end":{"line":6,"column":74}},"5":{"start":{"line":28,"column":7},"end":{"line":159,"column":null}},"6":{"start":{"line":34,"column":4},"end":{"line":34,"column":12}},"7":{"start":{"line":30,"column":21},"end":{"line":30,"column":43}},"8":{"start":{"line":31,"column":21},"end":{"line":31,"column":41}},"9":{"start":{"line":32,"column":21},"end":{"line":32,"column":44}},"10":{"start":{"line":42,"column":4},"end":{"line":64,"column":null}},"11":{"start":{"line":44,"column":8},"end":{"line":49,"column":10}},"12":{"start":{"line":51,"column":8},"end":{"line":56,"column":10}},"13":{"start":{"line":58,"column":8},"end":{"line":63,"column":10}},"14":{"start":{"line":65,"column":4},"end":{"line":65,"column":16}},"15":{"start":{"line":73,"column":17},"end":{"line":73,"column":27}},"16":{"start":{"line":74,"column":20},"end":{"line":74,"column":43}},"17":{"start":{"line":75,"column":4},"end":{"line":75,"column":56}},"18":{"start":{"line":76,"column":4},"end":{"line":76,"column":25}},"19":{"start":{"line":84,"column":17},"end":{"line":84,"column":27}},"20":{"start":{"line":85,"column":20},"end":{"line":85,"column":43}},"21":{"start":{"line":86,"column":4},"end":{"line":86,"column":58}},"22":{"start":{"line":87,"column":4},"end":{"line":87,"column":25}},"23":{"start":{"line":94,"column":17},"end":{"line":94,"column":27}},"24":{"start":{"line":95,"column":20},"end":{"line":95,"column":43}},"25":{"start":{"line":96,"column":4},"end":{"line":96,"column":72}},"26":{"start":{"line":97,"column":4},"end":{"line":97,"column":25}},"27":{"start":{"line":105,"column":17},"end":{"line":105,"column":27}},"28":{"start":{"line":106,"column":20},"end":{"line":106,"column":60}},"29":{"start":{"line":107,"column":4},"end":{"line":107,"column":41}},"30":{"start":{"line":108,"column":4},"end":{"line":108,"column":25}},"31":{"start":{"line":116,"column":17},"end":{"line":116,"column":27}},"32":{"start":{"line":117,"column":20},"end":{"line":118,"column":null}},"33":{"start":{"line":120,"column":4},"end":{"line":120,"column":41}},"34":{"start":{"line":121,"column":4},"end":{"line":121,"column":25}},"35":{"start":{"line":128,"column":4},"end":{"line":135,"column":null}},"36":{"start":{"line":129,"column":6},"end":{"line":133,"column":10}},"37":{"start":{"line":134,"column":6},"end":{"line":134,"column":13}},"38":{"start":{"line":138,"column":6},"end":{"line":143,"column":10}},"39":{"start":{"line":145,"column":32},"end":{"line":149,"column":13}},"40":{"start":{"line":151,"column":19},"end":{"line":151,"column":57}},"41":{"start":{"line":153,"column":4},"end":{"line":157,"column":null}},"42":{"start":{"line":154,"column":6},"end":{"line":154,"column":80}},"43":{"start":{"line":156,"column":6},"end":{"line":156,"column":73}},"44":{"start":{"line":37,"column":2},"end":{"line":66,"column":null}},"45":{"start":{"line":68,"column":2},"end":{"line":77,"column":null}},"46":{"start":{"line":79,"column":2},"end":{"line":88,"column":null}},"47":{"start":{"line":89,"column":2},"end":{"line":98,"column":null}},"48":{"start":{"line":100,"column":2},"end":{"line":109,"column":null}},"49":{"start":{"line":111,"column":2},"end":{"line":122,"column":null}},"50":{"start":{"line":28,"column":13},"end":{"line":159,"column":null}},"51":{"start":{"line":28,"column":13},"end":{"line":28,"column":27}}},"fnMap":{"0":{"name":"(anonymous_3)","decl":{"start":{"line":29,"column":2},"end":{"line":29,"column":null}},"loc":{"start":{"line":32,"column":65},"end":{"line":35,"column":3}}},"1":{"name":"(anonymous_4)","decl":{"start":{"line":41,"column":2},"end":{"line":41,"column":11}},"loc":{"start":{"line":41,"column":23},"end":{"line":66,"column":3}}},"2":{"name":"(anonymous_5)","decl":{"start":{"line":72,"column":2},"end":{"line":72,"column":11}},"loc":{"start":{"line":72,"column":23},"end":{"line":77,"column":3}}},"3":{"name":"(anonymous_6)","decl":{"start":{"line":83,"column":2},"end":{"line":83,"column":12}},"loc":{"start":{"line":83,"column":24},"end":{"line":88,"column":3}}},"4":{"name":"(anonymous_7)","decl":{"start":{"line":93,"column":2},"end":{"line":93,"column":9}},"loc":{"start":{"line":93,"column":21},"end":{"line":98,"column":3}}},"5":{"name":"(anonymous_8)","decl":{"start":{"line":104,"column":2},"end":{"line":104,"column":11}},"loc":{"start":{"line":104,"column":23},"end":{"line":109,"column":3}}},"6":{"name":"(anonymous_9)","decl":{"start":{"line":115,"column":2},"end":{"line":115,"column":15}},"loc":{"start":{"line":115,"column":27},"end":{"line":122,"column":3}}},"7":{"name":"(anonymous_10)","decl":{"start":{"line":124,"column":2},"end":{"line":124,"column":7}},"loc":{"start":{"line":126,"column":36},"end":{"line":158,"column":3}}}},"branchMap":{"0":{"loc":{"start":{"line":42,"column":4},"end":{"line":64,"column":null}},"type":"switch","locations":[{"start":{"line":43,"column":6},"end":{"line":49,"column":10}},{"start":{"line":50,"column":6},"end":{"line":56,"column":10}},{"start":{"line":57,"column":6},"end":{"line":63,"column":10}}]},"1":{"loc":{"start":{"line":128,"column":4},"end":{"line":135,"column":null}},"type":"if","locations":[{"start":{"line":128,"column":4},"end":{"line":135,"column":null}}]},"2":{"loc":{"start":{"line":138,"column":6},"end":{"line":143,"column":10}},"type":"binary-expr","locations":[{"start":{"line":138,"column":6},"end":{"line":138,"column":18}},{"start":{"line":139,"column":6},"end":{"line":139,"column":19}},{"start":{"line":140,"column":6},"end":{"line":140,"column":16}},{"start":{"line":141,"column":6},"end":{"line":141,"column":18}},{"start":{"line":142,"column":6},"end":{"line":142,"column":22}},{"start":{"line":143,"column":6},"end":{"line":143,"column":10}}]},"3":{"loc":{"start":{"line":146,"column":6},"end":{"line":148,"column":42}},"type":"cond-expr","locations":[{"start":{"line":147,"column":10},"end":{"line":147,"column":60}},{"start":{"line":148,"column":10},"end":{"line":148,"column":42}}]},"4":{"loc":{"start":{"line":153,"column":4},"end":{"line":157,"column":null}},"type":"if","locations":[{"start":{"line":153,"column":4},"end":{"line":157,"column":null}},{"start":{"line":155,"column":11},"end":{"line":157,"column":null}}]}},"s":{"0":7,"1":7,"2":7,"3":7,"4":7,"5":7,"6":14,"7":14,"8":14,"9":14,"10":0,"11":0,"12":0,"13":0,"14":0,"15":1,"16":1,"17":1,"18":1,"19":1,"20":1,"21":1,"22":1,"23":1,"24":1,"25":1,"26":1,"27":1,"28":1,"29":1,"30":1,"31":1,"32":1,"33":1,"34":1,"35":0,"36":0,"37":0,"38":0,"39":0,"40":0,"41":0,"42":0,"43":0,"44":7,"45":7,"46":7,"47":7,"48":7,"49":7,"50":7,"51":7},"f":{"0":14,"1":0,"2":1,"3":1,"4":1,"5":1,"6":1,"7":0},"b":{"0":[0,0,0],"1":[0],"2":[0,0,0,0,0,0],"3":[0,0],"4":[0,0]}}
,"/Users/piotrzielinski/Documents/GitHub/commerce-tools-integration/voucherify-service/src/commercetools/api-extension.controller.ts": {"path":"/Users/piotrzielinski/Documents/GitHub/commerce-tools-integration/voucherify-service/src/commercetools/api-extension.controller.ts","statementMap":{"0":{"start":{"line":1,"column":0},"end":{"line":1,"column":null}},"1":{"start":{"line":10,"column":0},"end":{"line":10,"column":51}},"2":{"start":{"line":11,"column":0},"end":{"line":11,"column":58}},"3":{"start":{"line":14,"column":0},"end":{"line":14,"column":41}},"4":{"start":{"line":15,"column":0},"end":{"line":15,"column":50}},"5":{"start":{"line":16,"column":0},"end":{"line":16,"column":63}},"6":{"start":{"line":17,"column":0},"end":{"line":17,"column":80}},"7":{"start":{"line":22,"column":7},"end":{"line":89,"column":null}},"8":{"start":{"line":24,"column":21},"end":{"line":24,"column":29}},"9":{"start":{"line":25,"column":21},"end":{"line":25,"column":43}},"10":{"start":{"line":30,"column":4},"end":{"line":45,"column":null}},"11":{"start":{"line":31,"column":20},"end":{"line":31,"column":37}},"12":{"start":{"line":32,"column":6},"end":{"line":32,"column":72}},"13":{"start":{"line":33,"column":6},"end":{"line":38,"column":8}},"14":{"start":{"line":40,"column":6},"end":{"line":40,"column":21}},"15":{"start":{"line":41,"column":6},"end":{"line":43,"column":9}},"16":{"start":{"line":44,"column":6},"end":{"line":44,"column":63}},"17":{"start":{"line":46,"column":4},"end":{"line":48,"column":null}},"18":{"start":{"line":47,"column":6},"end":{"line":47,"column":50}},"19":{"start":{"line":49,"column":4},"end":{"line":49,"column":68}},"20":{"start":{"line":50,"column":4},"end":{"line":50,"column":11}},"21":{"start":{"line":54,"column":4},"end":{"line":56,"column":7}},"22":{"start":{"line":57,"column":4},"end":{"line":57,"column":76}},"23":{"start":{"line":58,"column":4},"end":{"line":58,"column":11}},"24":{"start":{"line":66,"column":17},"end":{"line":66,"column":38}},"25":{"start":{"line":67,"column":19},"end":{"line":67,"column":30}},"26":{"start":{"line":68,"column":15},"end":{"line":68,"column":37}},"27":{"start":{"line":70,"column":4},"end":{"line":75,"column":7}},"28":{"start":{"line":76,"column":4},"end":{"line":81,"column":null}},"29":{"start":{"line":77,"column":6},"end":{"line":80,"column":8}},"30":{"start":{"line":82,"column":4},"end":{"line":87,"column":null}},"31":{"start":{"line":83,"column":6},"end":{"line":86,"column":8}},"32":{"start":{"line":62,"column":8},"end":{"line":88,"column":null}},"33":{"start":{"line":22,"column":13},"end":{"line":89,"column":null}},"34":{"start":{"line":22,"column":13},"end":{"line":22,"column":35}}},"fnMap":{"0":{"name":"(anonymous_4)","decl":{"start":{"line":23,"column":2},"end":{"line":23,"column":null}},"loc":{"start":{"line":25,"column":63},"end":{"line":26,"column":6}}},"1":{"name":"(anonymous_5)","decl":{"start":{"line":28,"column":2},"end":{"line":28,"column":7}},"loc":{"start":{"line":28,"column":63},"end":{"line":51,"column":3}}},"2":{"name":"(anonymous_6)","decl":{"start":{"line":53,"column":2},"end":{"line":53,"column":7}},"loc":{"start":{"line":53,"column":66},"end":{"line":59,"column":3}}},"3":{"name":"(anonymous_7)","decl":{"start":{"line":62,"column":2},"end":{"line":62,"column":7}},"loc":{"start":{"line":64,"column":36},"end":{"line":88,"column":3}}}},"branchMap":{"0":{"loc":{"start":{"line":46,"column":4},"end":{"line":48,"column":null}},"type":"if","locations":[{"start":{"line":46,"column":4},"end":{"line":48,"column":null}}]},"1":{"loc":{"start":{"line":46,"column":9},"end":{"line":46,"column":25}},"type":"cond-expr","locations":[{"start":{"line":46,"column":17},"end":{"line":46,"column":19}},{"start":{"line":46,"column":9},"end":{"line":46,"column":25}}]},"2":{"loc":{"start":{"line":46,"column":9},"end":{"line":46,"column":19}},"type":"binary-expr","locations":[{"start":{"line":46,"column":9},"end":{"line":46,"column":19}},{"start":{"line":46,"column":9},"end":{"line":46,"column":19}}]},"3":{"loc":{"start":{"line":66,"column":17},"end":{"line":66,"column":38}},"type":"cond-expr","locations":[{"start":{"line":66,"column":30},"end":{"line":66,"column":32}},{"start":{"line":66,"column":30},"end":{"line":66,"column":38}}]},"4":{"loc":{"start":{"line":66,"column":17},"end":{"line":66,"column":32}},"type":"binary-expr","locations":[{"start":{"line":66,"column":17},"end":{"line":66,"column":32}},{"start":{"line":66,"column":30},"end":{"line":66,"column":32}}]},"5":{"loc":{"start":{"line":68,"column":15},"end":{"line":68,"column":37}},"type":"cond-expr","locations":[{"start":{"line":68,"column":33},"end":{"line":68,"column":35}},{"start":{"line":68,"column":33},"end":{"line":68,"column":37}}]},"6":{"loc":{"start":{"line":68,"column":15},"end":{"line":68,"column":35}},"type":"binary-expr","locations":[{"start":{"line":68,"column":15},"end":{"line":68,"column":35}},{"start":{"line":68,"column":33},"end":{"line":68,"column":35}}]},"7":{"loc":{"start":{"line":68,"column":15},"end":{"line":68,"column":33}},"type":"cond-expr","locations":[{"start":{"line":68,"column":28},"end":{"line":68,"column":30}},{"start":{"line":68,"column":28},"end":{"line":68,"column":33}}]},"8":{"loc":{"start":{"line":68,"column":15},"end":{"line":68,"column":30}},"type":"binary-expr","locations":[{"start":{"line":68,"column":15},"end":{"line":68,"column":30}},{"start":{"line":68,"column":28},"end":{"line":68,"column":30}}]},"9":{"loc":{"start":{"line":76,"column":4},"end":{"line":81,"column":null}},"type":"if","locations":[{"start":{"line":76,"column":4},"end":{"line":81,"column":null}}]},"10":{"loc":{"start":{"line":82,"column":4},"end":{"line":87,"column":null}},"type":"if","locations":[{"start":{"line":82,"column":4},"end":{"line":87,"column":null}}]}},"s":{"0":3,"1":3,"2":3,"3":3,"4":3,"5":3,"6":3,"7":3,"8":6,"9":6,"10":4,"11":4,"12":4,"13":3,"14":1,"15":1,"16":1,"17":3,"18":2,"19":1,"20":1,"21":1,"22":1,"23":1,"24":5,"25":5,"26":5,"27":5,"28":5,"29":4,"30":1,"31":1,"32":3,"33":3,"34":3},"f":{"0":6,"1":4,"2":1,"3":5},"b":{"0":[2],"1":[1,2],"2":[3,3],"3":[0,5],"4":[5,5],"5":[0,5],"6":[5,5],"7":[0,5],"8":[5,5],"9":[4],"10":[1]}}
,"/Users/piotrzielinski/Documents/GitHub/commerce-tools-integration/voucherify-service/src/commercetools/api-extension.guard.ts": {"path":"/Users/piotrzielinski/Documents/GitHub/commerce-tools-integration/voucherify-service/src/commercetools/api-extension.guard.ts","statementMap":{"0":{"start":{"line":1,"column":0},"end":{"line":1,"column":null}},"1":{"start":{"line":10,"column":7},"end":{"line":33,"column":null}},"2":{"start":{"line":11,"column":31},"end":{"line":11,"column":39}},"3":{"start":{"line":15,"column":26},"end":{"line":16,"column":30}},"4":{"start":{"line":19,"column":6},"end":{"line":21,"column":64}},"5":{"start":{"line":23,"column":4},"end":{"line":30,"column":null}},"6":{"start":{"line":24,"column":6},"end":{"line":29,"column":9}},"7":{"start":{"line":31,"column":4},"end":{"line":31,"column":23}},"8":{"start":{"line":10,"column":13},"end":{"line":33,"column":null}},"9":{"start":{"line":10,"column":13},"end":{"line":10,"column":30}}},"fnMap":{"0":{"name":"(anonymous_2)","decl":{"start":{"line":11,"column":2},"end":{"line":11,"column":31}},"loc":{"start":{"line":11,"column":45},"end":{"line":11,"column":49}}},"1":{"name":"(anonymous_3)","decl":{"start":{"line":12,"column":2},"end":{"line":12,"column":13}},"loc":{"start":{"line":13,"column":29},"end":{"line":32,"column":3}}}},"branchMap":{"0":{"loc":{"start":{"line":15,"column":26},"end":{"line":16,"column":30}},"type":"cond-expr","locations":[{"start":{"line":16,"column":15},"end":{"line":16,"column":17}},{"start":{"line":16,"column":15},"end":{"line":16,"column":30}}]},"1":{"loc":{"start":{"line":15,"column":26},"end":{"line":16,"column":17}},"type":"binary-expr","locations":[{"start":{"line":15,"column":26},"end":{"line":16,"column":17}},{"start":{"line":16,"column":15},"end":{"line":16,"column":17}}]},"2":{"loc":{"start":{"line":15,"column":26},"end":{"line":16,"column":15}},"type":"cond-expr","locations":[{"start":{"line":15,"column":61},"end":{"line":15,"column":null}},{"start":{"line":15,"column":61},"end":{"line":16,"column":15}}]},"3":{"loc":{"start":{"line":15,"column":26},"end":{"line":15,"column":null}},"type":"binary-expr","locations":[{"start":{"line":15,"column":26},"end":{"line":15,"column":null}},{"start":{"line":15,"column":61},"end":{"line":15,"column":null}}]},"4":{"loc":{"start":{"line":19,"column":6},"end":{"line":21,"column":64}},"type":"binary-expr","locations":[{"start":{"line":19,"column":6},"end":{"line":19,"column":null}},{"start":{"line":20,"column":6},"end":{"line":21,"column":64}}]},"5":{"loc":{"start":{"line":19,"column":7},"end":{"line":19,"column":60}},"type":"cond-expr","locations":[{"start":{"line":19,"column":52},"end":{"line":19,"column":54}},{"start":{"line":19,"column":52},"end":{"line":19,"column":60}}]},"6":{"loc":{"start":{"line":19,"column":7},"end":{"line":19,"column":54}},"type":"binary-expr","locations":[{"start":{"line":19,"column":7},"end":{"line":19,"column":54}},{"start":{"line":19,"column":52},"end":{"line":19,"column":54}}]},"7":{"loc":{"start":{"line":23,"column":4},"end":{"line":30,"column":null}},"type":"if","locations":[{"start":{"line":23,"column":4},"end":{"line":30,"column":null}}]}},"s":{"0":3,"1":3,"2":6,"3":0,"4":0,"5":0,"6":0,"7":0,"8":3,"9":3},"f":{"0":6,"1":0},"b":{"0":[0,0],"1":[0,0],"2":[0,0],"3":[0,0],"4":[0,0],"5":[0,0],"6":[0,0],"7":[0]}}
,"/Users/piotrzielinski/Documents/GitHub/commerce-tools-integration/voucherify-service/src/commercetools/api-extension.service.ts": {"path":"/Users/piotrzielinski/Documents/GitHub/commerce-tools-integration/voucherify-service/src/commercetools/api-extension.service.ts","statementMap":{"0":{"start":{"line":1,"column":0},"end":{"line":1,"column":44}},"1":{"start":{"line":2,"column":0},"end":{"line":2,"column":82}},"2":{"start":{"line":5,"column":0},"end":{"line":5,"column":47}},"3":{"start":{"line":8,"column":7},"end":{"line":112,"column":null}},"4":{"start":{"line":11,"column":21},"end":{"line":11,"column":34}},"5":{"start":{"line":12,"column":21},"end":{"line":12,"column":36}},"6":{"start":{"line":14,"column":4},"end":{"line":14,"column":47}},"7":{"start":{"line":20,"column":8},"end":{"line":20,"column":54}},"8":{"start":{"line":22,"column":4},"end":{"line":22,"column":22}},"9":{"start":{"line":26,"column":23},"end":{"line":26,"column":40}},"10":{"start":{"line":27,"column":30},"end":{"line":28,"column":null}},"11":{"start":{"line":28,"column":21},"end":{"line":28,"column":40}},"12":{"start":{"line":31,"column":4},"end":{"line":33,"column":null}},"13":{"start":{"line":32,"column":6},"end":{"line":32,"column":19}},"14":{"start":{"line":34,"column":4},"end":{"line":40,"column":12}},"15":{"start":{"line":44,"column":23},"end":{"line":44,"column":40}},"16":{"start":{"line":45,"column":31},"end":{"line":46,"column":null}},"17":{"start":{"line":46,"column":21},"end":{"line":46,"column":46}},"18":{"start":{"line":48,"column":4},"end":{"line":50,"column":null}},"19":{"start":{"line":49,"column":6},"end":{"line":49,"column":19}},"20":{"start":{"line":52,"column":43},"end":{"line":52,"column":45}},"21":{"start":{"line":54,"column":4},"end":{"line":64,"column":null}},"22":{"start":{"line":55,"column":6},"end":{"line":63,"column":8}},"23":{"start":{"line":66,"column":4},"end":{"line":66,"column":29}},"24":{"start":{"line":70,"column":23},"end":{"line":71,"column":null}},"25":{"start":{"line":73,"column":17},"end":{"line":94,"column":6}},"26":{"start":{"line":95,"column":24},"end":{"line":95,"column":79}},"27":{"start":{"line":96,"column":4},"end":{"line":96,"column":41}},"28":{"start":{"line":100,"column":28},"end":{"line":101,"column":null}},"29":{"start":{"line":104,"column":4},"end":{"line":106,"column":null}},"30":{"start":{"line":105,"column":6},"end":{"line":105,"column":80}},"31":{"start":{"line":108,"column":4},"end":{"line":108,"column":52}},"32":{"start":{"line":110,"column":4},"end":{"line":110,"column":48}},"33":{"start":{"line":8,"column":13},"end":{"line":112,"column":null}},"34":{"start":{"line":8,"column":13},"end":{"line":8,"column":32}}},"fnMap":{"0":{"name":"(anonymous_2)","decl":{"start":{"line":10,"column":2},"end":{"line":10,"column":null}},"loc":{"start":{"line":12,"column":49},"end":{"line":15,"column":3}}},"1":{"name":"(anonymous_3)","decl":{"start":{"line":17,"column":2},"end":{"line":17,"column":7}},"loc":{"start":{"line":17,"column":12},"end":{"line":23,"column":3}}},"2":{"name":"(anonymous_4)","decl":{"start":{"line":25,"column":2},"end":{"line":25,"column":7}},"loc":{"start":{"line":25,"column":29},"end":{"line":41,"column":3}}},"3":{"name":"(anonymous_5)","decl":{"start":{"line":28,"column":6},"end":{"line":28,"column":7}},"loc":{"start":{"line":28,"column":21},"end":{"line":28,"column":40}}},"4":{"name":"(anonymous_6)","decl":{"start":{"line":43,"column":2},"end":{"line":43,"column":7}},"loc":{"start":{"line":43,"column":63},"end":{"line":67,"column":3}}},"5":{"name":"(anonymous_7)","decl":{"start":{"line":46,"column":6},"end":{"line":46,"column":7}},"loc":{"start":{"line":46,"column":21},"end":{"line":46,"column":46}}},"6":{"name":"(anonymous_8)","decl":{"start":{"line":69,"column":2},"end":{"line":69,"column":7}},"loc":{"start":{"line":69,"column":36},"end":{"line":97,"column":3}}},"7":{"name":"(anonymous_9)","decl":{"start":{"line":99,"column":2},"end":{"line":99,"column":7}},"loc":{"start":{"line":99,"column":26},"end":{"line":111,"column":3}}}},"branchMap":{"0":{"loc":{"start":{"line":31,"column":4},"end":{"line":33,"column":null}},"type":"if","locations":[{"start":{"line":31,"column":4},"end":{"line":33,"column":null}}]},"1":{"loc":{"start":{"line":34,"column":11},"end":{"line":40,"column":11}},"type":"cond-expr","locations":[{"start":{"line":40,"column":5},"end":{"line":40,"column":7}},{"start":{"line":40,"column":5},"end":{"line":40,"column":11}}]},"2":{"loc":{"start":{"line":34,"column":11},"end":{"line":40,"column":7}},"type":"binary-expr","locations":[{"start":{"line":34,"column":11},"end":{"line":40,"column":7}},{"start":{"line":40,"column":5},"end":{"line":40,"column":7}}]},"3":{"loc":{"start":{"line":48,"column":4},"end":{"line":50,"column":null}},"type":"if","locations":[{"start":{"line":48,"column":4},"end":{"line":50,"column":null}}]},"4":{"loc":{"start":{"line":48,"column":9},"end":{"line":48,"column":35}},"type":"cond-expr","locations":[{"start":{"line":48,"column":27},"end":{"line":48,"column":29}},{"start":{"line":48,"column":9},"end":{"line":48,"column":35}}]},"5":{"loc":{"start":{"line":48,"column":9},"end":{"line":48,"column":29}},"type":"binary-expr","locations":[{"start":{"line":48,"column":9},"end":{"line":48,"column":29}},{"start":{"line":48,"column":9},"end":{"line":48,"column":29}}]},"6":{"loc":{"start":{"line":96,"column":11},"end":{"line":96,"column":40}},"type":"binary-expr","locations":[{"start":{"line":96,"column":11},"end":{"line":96,"column":31}},{"start":{"line":96,"column":35},"end":{"line":96,"column":40}}]},"7":{"loc":{"start":{"line":96,"column":11},"end":{"line":96,"column":31}},"type":"cond-expr","locations":[{"start":{"line":96,"column":27},"end":{"line":96,"column":29}},{"start":{"line":96,"column":27},"end":{"line":96,"column":31}}]},"8":{"loc":{"start":{"line":96,"column":11},"end":{"line":96,"column":29}},"type":"binary-expr","locations":[{"start":{"line":96,"column":11},"end":{"line":96,"column":29}},{"start":{"line":96,"column":27},"end":{"line":96,"column":29}}]},"9":{"loc":{"start":{"line":104,"column":4},"end":{"line":106,"column":null}},"type":"if","locations":[{"start":{"line":104,"column":4},"end":{"line":106,"column":null}}]}},"s":{"0":5,"1":5,"2":5,"3":5,"4":15,"5":15,"6":15,"7":8,"8":8,"9":3,"10":3,"11":0,"12":3,"13":3,"14":0,"15":3,"16":3,"17":0,"18":3,"19":3,"20":0,"21":0,"22":0,"23":0,"24":2,"25":2,"26":2,"27":2,"28":1,"29":1,"30":0,"31":1,"32":1,"33":5,"34":5},"f":{"0":15,"1":8,"2":3,"3":0,"4":3,"5":0,"6":2,"7":1},"b":{"0":[3],"1":[0,0],"2":[0,0],"3":[3],"4":[0,3],"5":[3,3],"6":[2,2],"7":[0,2],"8":[2,2],"9":[0]}}
,"/Users/piotrzielinski/Documents/GitHub/commerce-tools-integration/voucherify-service/src/commercetools/commercetools-connector.service.ts": {"path":"/Users/piotrzielinski/Documents/GitHub/commerce-tools-integration/voucherify-service/src/commercetools/commercetools-connector.service.ts","statementMap":{"0":{"start":{"line":1,"column":0},"end":{"line":1,"column":60}},"1":{"start":{"line":2,"column":0},"end":{"line":2,"column":41}},"2":{"start":{"line":3,"column":0},"end":{"line":3,"column":32}},"3":{"start":{"line":4,"column":0},"end":{"line":4,"column":47}},"4":{"start":{"line":5,"column":0},"end":{"line":5,"column":null}},"5":{"start":{"line":15,"column":0},"end":{"line":15,"column":null}},"6":{"start":{"line":20,"column":0},"end":{"line":20,"column":null}},"7":{"start":{"line":29,"column":7},"end":{"line":135,"column":null}},"8":{"start":{"line":31,"column":12},"end":{"line":31,"column":27}},"9":{"start":{"line":32,"column":12},"end":{"line":32,"column":20}},"10":{"start":{"line":34,"column":21},"end":{"line":34,"column":66}},"11":{"start":{"line":37,"column":19},"end":{"line":39,"column":4}},"12":{"start":{"line":40,"column":19},"end":{"line":42,"column":4}},"13":{"start":{"line":43,"column":19},"end":{"line":45,"column":4}},"14":{"start":{"line":46,"column":19},"end":{"line":47,"column":56}},"15":{"start":{"line":48,"column":19},"end":{"line":50,"column":4}},"16":{"start":{"line":52,"column":10},"end":{"line":52,"column":54}},"17":{"start":{"line":54,"column":19},"end":{"line":62,"column":4}},"18":{"start":{"line":64,"column":19},"end":{"line":67,"column":4}},"19":{"start":{"line":70,"column":4},"end":{"line":76,"column":6}},"20":{"start":{"line":70,"column":21},"end":{"line":76,"column":5}},"21":{"start":{"line":71,"column":18},"end":{"line":71,"column":55}},"22":{"start":{"line":73,"column":18},"end":{"line":73,"column":44}},"23":{"start":{"line":74,"column":6},"end":{"line":74,"column":78}},"24":{"start":{"line":75,"column":6},"end":{"line":75,"column":30}},"25":{"start":{"line":80,"column":4},"end":{"line":83,"column":6}},"26":{"start":{"line":80,"column":21},"end":{"line":83,"column":5}},"27":{"start":{"line":81,"column":6},"end":{"line":81,"column":39}},"28":{"start":{"line":82,"column":6},"end":{"line":82,"column":30}},"29":{"start":{"line":87,"column":4},"end":{"line":97,"column":6}},"30":{"start":{"line":87,"column":21},"end":{"line":97,"column":5}},"31":{"start":{"line":88,"column":18},"end":{"line":88,"column":35}},"32":{"start":{"line":89,"column":22},"end":{"line":89,"column":56}},"33":{"start":{"line":90,"column":26},"end":{"line":90,"column":64}},"34":{"start":{"line":91,"column":19},"end":{"line":91,"column":69}},"35":{"start":{"line":92,"column":6},"end":{"line":94,"column":8}},"36":{"start":{"line":96,"column":6},"end":{"line":96,"column":30}},"37":{"start":{"line":101,"column":19},"end":{"line":101,"column":35}},"38":{"start":{"line":102,"column":4},"end":{"line":102,"column":75}},"39":{"start":{"line":106,"column":4},"end":{"line":108,"column":null}},"40":{"start":{"line":107,"column":6},"end":{"line":107,"column":27}},"41":{"start":{"line":110,"column":18},"end":{"line":110,"column":35}},"42":{"start":{"line":111,"column":26},"end":{"line":120,"column":48}},"43":{"start":{"line":122,"column":4},"end":{"line":124,"column":null}},"44":{"start":{"line":123,"column":6},"end":{"line":123,"column":61}},"45":{"start":{"line":126,"column":22},"end":{"line":126,"column":43}},"46":{"start":{"line":127,"column":4},"end":{"line":129,"column":7}},"47":{"start":{"line":130,"column":16},"end":{"line":130,"column":33}},"48":{"start":{"line":131,"column":4},"end":{"line":131,"column":65}},"49":{"start":{"line":133,"column":4},"end":{"line":133,"column":25}},"50":{"start":{"line":29,"column":13},"end":{"line":135,"column":null}},"51":{"start":{"line":29,"column":13},"end":{"line":29,"column":42}}},"fnMap":{"0":{"name":"(anonymous_5)","decl":{"start":{"line":30,"column":2},"end":{"line":30,"column":null}},"loc":{"start":{"line":34,"column":66},"end":{"line":35,"column":6}}},"1":{"name":"(anonymous_6)","decl":{"start":{"line":69,"column":2},"end":{"line":69,"column":14}},"loc":{"start":{"line":69,"column":34},"end":{"line":77,"column":3}}},"2":{"name":"(anonymous_7)","decl":{"start":{"line":70,"column":11},"end":{"line":70,"column":12}},"loc":{"start":{"line":70,"column":21},"end":{"line":76,"column":5}}},"3":{"name":"(anonymous_8)","decl":{"start":{"line":70,"column":21},"end":{"line":70,"column":26}},"loc":{"start":{"line":70,"column":49},"end":{"line":76,"column":5}}},"4":{"name":"(anonymous_9)","decl":{"start":{"line":79,"column":10},"end":{"line":79,"column":29}},"loc":{"start":{"line":79,"column":49},"end":{"line":84,"column":3}}},"5":{"name":"(anonymous_10)","decl":{"start":{"line":80,"column":11},"end":{"line":80,"column":12}},"loc":{"start":{"line":80,"column":21},"end":{"line":83,"column":5}}},"6":{"name":"(anonymous_11)","decl":{"start":{"line":80,"column":21},"end":{"line":80,"column":22}},"loc":{"start":{"line":80,"column":60},"end":{"line":83,"column":5}}},"7":{"name":"(anonymous_12)","decl":{"start":{"line":86,"column":2},"end":{"line":86,"column":14}},"loc":{"start":{"line":86,"column":34},"end":{"line":98,"column":3}}},"8":{"name":"(anonymous_13)","decl":{"start":{"line":87,"column":11},"end":{"line":87,"column":12}},"loc":{"start":{"line":87,"column":21},"end":{"line":97,"column":5}}},"9":{"name":"(anonymous_14)","decl":{"start":{"line":87,"column":21},"end":{"line":87,"column":22}},"loc":{"start":{"line":87,"column":60},"end":{"line":97,"column":5}}},"10":{"name":"(anonymous_15)","decl":{"start":{"line":100,"column":9},"end":{"line":100,"column":14}},"loc":{"start":{"line":100,"column":34},"end":{"line":103,"column":3}}},"11":{"name":"(anonymous_16)","decl":{"start":{"line":105,"column":9},"end":{"line":105,"column":18}},"loc":{"start":{"line":105,"column":18},"end":{"line":134,"column":3}}}},"branchMap":{"0":{"loc":{"start":{"line":102,"column":11},"end":{"line":102,"column":74}},"type":"cond-expr","locations":[{"start":{"line":102,"column":68},"end":{"line":102,"column":70}},{"start":{"line":102,"column":68},"end":{"line":102,"column":74}}]},"1":{"loc":{"start":{"line":102,"column":11},"end":{"line":102,"column":70}},"type":"binary-expr","locations":[{"start":{"line":102,"column":11},"end":{"line":102,"column":70}},{"start":{"line":102,"column":68},"end":{"line":102,"column":70}}]},"2":{"loc":{"start":{"line":106,"column":4},"end":{"line":108,"column":null}},"type":"if","locations":[{"start":{"line":106,"column":4},"end":{"line":108,"column":null}}]},"3":{"loc":{"start":{"line":122,"column":4},"end":{"line":124,"column":null}},"type":"if","locations":[{"start":{"line":122,"column":4},"end":{"line":124,"column":null}}]}},"s":{"0":99,"1":99,"2":99,"3":99,"4":99,"5":99,"6":99,"7":99,"8":8,"9":8,"10":8,"11":8,"12":8,"13":8,"14":8,"15":8,"16":8,"17":8,"18":8,"19":4,"20":0,"21":0,"22":0,"23":0,"24":0,"25":8,"26":0,"27":0,"28":0,"29":4,"30":0,"31":0,"32":0,"33":0,"34":0,"35":0,"36":0,"37":0,"38":0,"39":4,"40":0,"41":4,"42":4,"43":4,"44":0,"45":4,"46":4,"47":4,"48":4,"49":4,"50":99,"51":99},"f":{"0":8,"1":4,"2":0,"3":0,"4":8,"5":0,"6":0,"7":4,"8":0,"9":0,"10":0,"11":4},"b":{"0":[0,0],"1":[0,0],"2":[0],"3":[0]}}
,"/Users/piotrzielinski/Documents/GitHub/commerce-tools-integration/voucherify-service/src/commercetools/commercetools.service.ts": {"path":"/Users/piotrzielinski/Documents/GitHub/commerce-tools-integration/voucherify-service/src/commercetools/commercetools.service.ts","statementMap":{"0":{"start":{"line":1,"column":0},"end":{"line":1,"column":52}},"1":{"start":{"line":6,"column":0},"end":{"line":6,"column":82}},"2":{"start":{"line":7,"column":0},"end":{"line":7,"column":34}},"3":{"start":{"line":13,"column":0},"end":{"line":13,"column":73}},"4":{"start":{"line":15,"column":0},"end":{"line":15,"column":47}},"5":{"start":{"line":16,"column":0},"end":{"line":16,"column":79}},"6":{"start":{"line":17,"column":0},"end":{"line":17,"column":72}},"7":{"start":{"line":18,"column":0},"end":{"line":18,"column":78}},"8":{"start":{"line":19,"column":0},"end":{"line":19,"column":88}},"9":{"start":{"line":20,"column":0},"end":{"line":20,"column":82}},"10":{"start":{"line":21,"column":0},"end":{"line":21,"column":62}},"11":{"start":{"line":22,"column":0},"end":{"line":22,"column":70}},"12":{"start":{"line":25,"column":7},"end":{"line":195,"column":null}},"13":{"start":{"line":27,"column":21},"end":{"line":27,"column":29}},"14":{"start":{"line":28,"column":21},"end":{"line":28,"column":52}},"15":{"start":{"line":29,"column":21},"end":{"line":29,"column":35}},"16":{"start":{"line":30,"column":21},"end":{"line":30,"column":43}},"17":{"start":{"line":31,"column":21},"end":{"line":31,"column":36}},"18":{"start":{"line":41,"column":10},"end":{"line":46,"column":45}},"19":{"start":{"line":48,"column":10},"end":{"line":51,"column":6}},"20":{"start":{"line":35,"column":4},"end":{"line":35,"column":37}},"21":{"start":{"line":39,"column":4},"end":{"line":39,"column":36}},"22":{"start":{"line":57,"column":4},"end":{"line":59,"column":null}},"23":{"start":{"line":58,"column":6},"end":{"line":58,"column":58}},"24":{"start":{"line":61,"column":30},"end":{"line":61,"column":53}},"25":{"start":{"line":62,"column":4},"end":{"line":62,"column":73}},"26":{"start":{"line":63,"column":4},"end":{"line":65,"column":6}},"27":{"start":{"line":66,"column":4},"end":{"line":66,"column":36}},"28":{"start":{"line":67,"column":4},"end":{"line":69,"column":6}},"29":{"start":{"line":71,"column":4},"end":{"line":71,"column":75}},"30":{"start":{"line":73,"column":4},"end":{"line":79,"column":null}},"31":{"start":{"line":74,"column":6},"end":{"line":78,"column":8}},"32":{"start":{"line":81,"column":4},"end":{"line":89,"column":null}},"33":{"start":{"line":82,"column":6},"end":{"line":84,"column":9}},"34":{"start":{"line":85,"column":6},"end":{"line":88,"column":8}},"35":{"start":{"line":90,"column":4},"end":{"line":93,"column":6}},"36":{"start":{"line":95,"column":20},"end":{"line":95,"column":52}},"37":{"start":{"line":97,"column":4},"end":{"line":97,"column":51}},"38":{"start":{"line":98,"column":4},"end":{"line":101,"column":6}},"39":{"start":{"line":108,"column":4},"end":{"line":110,"column":null}},"40":{"start":{"line":109,"column":6},"end":{"line":109,"column":13}},"41":{"start":{"line":111,"column":4},"end":{"line":116,"column":null}},"42":{"start":{"line":115,"column":6},"end":{"line":115,"column":13}},"43":{"start":{"line":117,"column":4},"end":{"line":125,"column":null}},"44":{"start":{"line":117,"column":17},"end":{"line":117,"column":18}},"45":{"start":{"line":118,"column":6},"end":{"line":118,"column":23}},"46":{"start":{"line":119,"column":26},"end":{"line":120,"column":null}},"47":{"start":{"line":122,"column":6},"end":{"line":124,"column":null}},"48":{"start":{"line":123,"column":8},"end":{"line":123,"column":15}},"49":{"start":{"line":126,"column":4},"end":{"line":131,"column":null}},"50":{"start":{"line":127,"column":6},"end":{"line":129,"column":9}},"51":{"start":{"line":130,"column":6},"end":{"line":130,"column":13}},"52":{"start":{"line":133,"column":4},"end":{"line":133,"column":62}},"53":{"start":{"line":134,"column":4},"end":{"line":134,"column":71}},"54":{"start":{"line":135,"column":4},"end":{"line":135,"column":11}},"55":{"start":{"line":141,"column":4},"end":{"line":148,"column":null}},"56":{"start":{"line":142,"column":6},"end":{"line":146,"column":9}},"57":{"start":{"line":147,"column":6},"end":{"line":147,"column":13}},"58":{"start":{"line":149,"column":4},"end":{"line":171,"column":null}},"59":{"start":{"line":150,"column":6},"end":{"line":155,"column":null}},"60":{"start":{"line":151,"column":8},"end":{"line":153,"column":11}},"61":{"start":{"line":154,"column":8},"end":{"line":154,"column":15}},"62":{"start":{"line":156,"column":31},"end":{"line":156,"column":53}},"63":{"start":{"line":157,"column":6},"end":{"line":159,"column":8}},"64":{"start":{"line":160,"column":6},"end":{"line":163,"column":8}},"65":{"start":{"line":164,"column":6},"end":{"line":164,"column":13}},"66":{"start":{"line":166,"column":6},"end":{"line":166,"column":21}},"67":{"start":{"line":167,"column":6},"end":{"line":169,"column":9}},"68":{"start":{"line":170,"column":6},"end":{"line":170,"column":13}},"69":{"start":{"line":175,"column":23},"end":{"line":175,"column":76}},"70":{"start":{"line":176,"column":4},"end":{"line":180,"column":null}},"71":{"start":{"line":177,"column":18},"end":{"line":177,"column":40}},"72":{"start":{"line":178,"column":6},"end":{"line":178,"column":33}},"73":{"start":{"line":179,"column":6},"end":{"line":179,"column":27}},"74":{"start":{"line":182,"column":4},"end":{"line":193,"column":6}},"75":{"start":{"line":25,"column":13},"end":{"line":195,"column":null}},"76":{"start":{"line":25,"column":13},"end":{"line":25,"column":33}}},"fnMap":{"0":{"name":"(anonymous_3)","decl":{"start":{"line":26,"column":2},"end":{"line":26,"column":null}},"loc":{"start":{"line":31,"column":49},"end":{"line":32,"column":6}}},"1":{"name":"(anonymous_4)","decl":{"start":{"line":34,"column":9},"end":{"line":34,"column":30}},"loc":{"start":{"line":34,"column":57},"end":{"line":36,"column":3}}},"2":{"name":"(anonymous_5)","decl":{"start":{"line":38,"column":9},"end":{"line":38,"column":29}},"loc":{"start":{"line":38,"column":57},"end":{"line":40,"column":3}}},"3":{"name":"(anonymous_6)","decl":{"start":{"line":53,"column":2},"end":{"line":53,"column":7}},"loc":{"start":{"line":53,"column":48},"end":{"line":102,"column":3}}},"4":{"name":"(anonymous_7)","decl":{"start":{"line":104,"column":2},"end":{"line":104,"column":7}},"loc":{"start":{"line":106,"column":32},"end":{"line":136,"column":3}}},"5":{"name":"(anonymous_8)","decl":{"start":{"line":138,"column":9},"end":{"line":138,"column":14}},"loc":{"start":{"line":139,"column":29},"end":{"line":172,"column":3}}},"6":{"name":"(anonymous_9)","decl":{"start":{"line":174,"column":9},"end":{"line":174,"column":14}},"loc":{"start":{"line":174,"column":46},"end":{"line":194,"column":3}}}},"branchMap":{"0":{"loc":{"start":{"line":42,"column":4},"end":{"line":46,"column":44}},"type":"cond-expr","locations":[{"start":{"line":45,"column":8},"end":{"line":45,"column":44}},{"start":{"line":46,"column":8},"end":{"line":46,"column":44}}]},"1":{"loc":{"start":{"line":57,"column":4},"end":{"line":59,"column":null}},"type":"if","locations":[{"start":{"line":57,"column":4},"end":{"line":59,"column":null}}]},"2":{"loc":{"start":{"line":68,"column":6},"end":{"line":68,"column":73}},"type":"cond-expr","locations":[{"start":{"line":68,"column":68},"end":{"line":68,"column":72}},{"start":{"line":68,"column":72},"end":{"line":68,"column":73}}]},"3":{"loc":{"start":{"line":68,"column":6},"end":{"line":68,"column":72}},"type":"binary-expr","locations":[{"start":{"line":68,"column":6},"end":{"line":68,"column":72}},{"start":{"line":68,"column":68},"end":{"line":68,"column":72}}]},"4":{"loc":{"start":{"line":73,"column":4},"end":{"line":79,"column":null}},"type":"if","locations":[{"start":{"line":73,"column":4},"end":{"line":79,"column":null}}]},"5":{"loc":{"start":{"line":76,"column":10},"end":{"line":76,"column":23}},"type":"cond-expr","locations":[{"start":{"line":76,"column":14},"end":{"line":76,"column":16}},{"start":{"line":76,"column":10},"end":{"line":76,"column":23}}]},"6":{"loc":{"start":{"line":76,"column":10},"end":{"line":76,"column":16}},"type":"binary-expr","locations":[{"start":{"line":76,"column":10},"end":{"line":76,"column":16}},{"start":{"line":76,"column":10},"end":{"line":76,"column":16}}]},"7":{"loc":{"start":{"line":81,"column":4},"end":{"line":89,"column":null}},"type":"if","locations":[{"start":{"line":81,"column":4},"end":{"line":89,"column":null}}]},"8":{"loc":{"start":{"line":108,"column":4},"end":{"line":110,"column":null}},"type":"if","locations":[{"start":{"line":108,"column":4},"end":{"line":110,"column":null}}]},"9":{"loc":{"start":{"line":108,"column":9},"end":{"line":108,"column":53}},"type":"cond-expr","locations":[{"start":{"line":108,"column":45},"end":{"line":108,"column":47}},{"start":{"line":108,"column":45},"end":{"line":108,"column":53}}]},"10":{"loc":{"start":{"line":108,"column":9},"end":{"line":108,"column":47}},"type":"binary-expr","locations":[{"start":{"line":108,"column":9},"end":{"line":108,"column":47}},{"start":{"line":108,"column":45},"end":{"line":108,"column":47}}]},"11":{"loc":{"start":{"line":108,"column":9},"end":{"line":108,"column":45}},"type":"cond-expr","locations":[{"start":{"line":108,"column":29},"end":{"line":108,"column":31}},{"start":{"line":108,"column":29},"end":{"line":108,"column":45}}]},"12":{"loc":{"start":{"line":108,"column":9},"end":{"line":108,"column":31}},"type":"binary-expr","locations":[{"start":{"line":108,"column":9},"end":{"line":108,"column":31}},{"start":{"line":108,"column":29},"end":{"line":108,"column":31}}]},"13":{"loc":{"start":{"line":108,"column":9},"end":{"line":108,"column":29}},"type":"cond-expr","locations":[{"start":{"line":108,"column":21},"end":{"line":108,"column":23}},{"start":{"line":108,"column":21},"end":{"line":108,"column":29}}]},"14":{"loc":{"start":{"line":108,"column":9},"end":{"line":108,"column":23}},"type":"binary-expr","locations":[{"start":{"line":108,"column":9},"end":{"line":108,"column":23}},{"start":{"line":108,"column":21},"end":{"line":108,"column":23}}]},"15":{"loc":{"start":{"line":108,"column":9},"end":{"line":108,"column":21}},"type":"cond-expr","locations":[{"start":{"line":108,"column":13},"end":{"line":108,"column":15}},{"start":{"line":108,"column":9},"end":{"line":108,"column":21}}]},"16":{"loc":{"start":{"line":108,"column":9},"end":{"line":108,"column":15}},"type":"binary-expr","locations":[{"start":{"line":108,"column":9},"end":{"line":108,"column":15}},{"start":{"line":108,"column":9},"end":{"line":108,"column":15}}]},"17":{"loc":{"start":{"line":111,"column":4},"end":{"line":116,"column":null}},"type":"if","locations":[{"start":{"line":111,"column":4},"end":{"line":116,"column":null}}]},"18":{"loc":{"start":{"line":122,"column":6},"end":{"line":124,"column":null}},"type":"if","locations":[{"start":{"line":122,"column":6},"end":{"line":124,"column":null}}]},"19":{"loc":{"start":{"line":126,"column":4},"end":{"line":131,"column":null}},"type":"if","locations":[{"start":{"line":126,"column":4},"end":{"line":131,"column":null}}]},"20":{"loc":{"start":{"line":141,"column":4},"end":{"line":148,"column":null}},"type":"if","locations":[{"start":{"line":141,"column":4},"end":{"line":148,"column":null}}]},"21":{"loc":{"start":{"line":150,"column":6},"end":{"line":155,"column":null}},"type":"if","locations":[{"start":{"line":150,"column":6},"end":{"line":155,"column":null}}]},"22":{"loc":{"start":{"line":176,"column":4},"end":{"line":180,"column":null}},"type":"if","locations":[{"start":{"line":176,"column":4},"end":{"line":180,"column":null}}]}},"s":{"0":34,"1":34,"2":34,"3":34,"4":34,"5":34,"6":34,"7":34,"8":34,"9":34,"10":34,"11":34,"12":34,"13":68,"14":68,"15":68,"16":68,"17":68,"18":68,"19":68,"20":58,"21":54,"22":47,"23":0,"24":47,"25":47,"26":47,"27":47,"28":47,"29":47,"30":47,"31":38,"32":47,"33":1,"34":1,"35":46,"36":46,"37":46,"38":46,"39":4,"40":0,"41":4,"42":1,"43":3,"44":3,"45":6,"46":6,"47":6,"48":0,"49":3,"50":1,"51":1,"52":2,"53":2,"54":2,"55":0,"56":0,"57":0,"58":0,"59":0,"60":0,"61":0,"62":0,"63":0,"64":0,"65":0,"66":0,"67":0,"68":0,"69":2,"70":2,"71":1,"72":1,"73":1,"74":1,"75":34,"76":34},"f":{"0":68,"1":58,"2":54,"3":47,"4":4,"5":0,"6":2},"b":{"0":[18,50],"1":[0],"2":[7,40],"3":[47,45],"4":[38],"5":[0,38],"6":[38,38],"7":[1],"8":[0],"9":[0,4],"10":[4,4],"11":[0,4],"12":[4,4],"13":[0,4],"14":[4,4],"15":[0,4],"16":[4,4],"17":[1],"18":[0],"19":[1],"20":[0],"21":[0],"22":[1]}}
,"/Users/piotrzielinski/Documents/GitHub/commerce-tools-integration/voucherify-service/src/commercetools/handle-timeout-interceptor.service.ts": {"path":"/Users/piotrzielinski/Documents/GitHub/commerce-tools-integration/voucherify-service/src/commercetools/handle-timeout-interceptor.service.ts","statementMap":{"0":{"start":{"line":1,"column":0},"end":{"line":1,"column":null}},"1":{"start":{"line":9,"column":0},"end":{"line":9,"column":37}},"2":{"start":{"line":10,"column":0},"end":{"line":10,"column":63}},"3":{"start":{"line":14,"column":7},"end":{"line":45,"column":null}},"4":{"start":{"line":16,"column":21},"end":{"line":16,"column":29}},"5":{"start":{"line":17,"column":21},"end":{"line":17,"column":43}},"6":{"start":{"line":24,"column":17},"end":{"line":24,"column":60}},"7":{"start":{"line":25,"column":4},"end":{"line":27,"column":null}},"8":{"start":{"line":26,"column":6},"end":{"line":26,"column":27}},"9":{"start":{"line":28,"column":16},"end":{"line":28,"column":26}},"10":{"start":{"line":29,"column":4},"end":{"line":43,"column":6}},"11":{"start":{"line":31,"column":8},"end":{"line":41,"column":null}},"12":{"start":{"line":32,"column":10},"end":{"line":35,"column":12}},"13":{"start":{"line":37,"column":10},"end":{"line":37,"column":25}},"14":{"start":{"line":38,"column":10},"end":{"line":40,"column":13}},"15":{"start":{"line":14,"column":13},"end":{"line":45,"column":null}},"16":{"start":{"line":14,"column":13},"end":{"line":14,"column":37}}},"fnMap":{"0":{"name":"(anonymous_2)","decl":{"start":{"line":15,"column":2},"end":{"line":15,"column":null}},"loc":{"start":{"line":17,"column":63},"end":{"line":18,"column":6}}},"1":{"name":"(anonymous_3)","decl":{"start":{"line":20,"column":2},"end":{"line":20,"column":7}},"loc":{"start":{"line":22,"column":21},"end":{"line":44,"column":3}}},"2":{"name":"(anonymous_4)","decl":{"start":{"line":30,"column":10},"end":{"line":30,"column":15}},"loc":{"start":{"line":30,"column":21},"end":{"line":42,"column":7}}}},"branchMap":{"0":{"loc":{"start":{"line":24,"column":17},"end":{"line":24,"column":60}},"type":"cond-expr","locations":[{"start":{"line":24,"column":54},"end":{"line":24,"column":56}},{"start":{"line":24,"column":54},"end":{"line":24,"column":60}}]},"1":{"loc":{"start":{"line":24,"column":17},"end":{"line":24,"column":56}},"type":"binary-expr","locations":[{"start":{"line":24,"column":17},"end":{"line":24,"column":56}},{"start":{"line":24,"column":54},"end":{"line":24,"column":56}}]},"2":{"loc":{"start":{"line":24,"column":17},"end":{"line":24,"column":54}},"type":"cond-expr","locations":[{"start":{"line":24,"column":40},"end":{"line":24,"column":42}},{"start":{"line":24,"column":40},"end":{"line":24,"column":54}}]},"3":{"loc":{"start":{"line":24,"column":17},"end":{"line":24,"column":42}},"type":"binary-expr","locations":[{"start":{"line":24,"column":17},"end":{"line":24,"column":42}},{"start":{"line":24,"column":40},"end":{"line":24,"column":42}}]},"4":{"loc":{"start":{"line":24,"column":17},"end":{"line":24,"column":40}},"type":"cond-expr","locations":[{"start":{"line":24,"column":24},"end":{"line":24,"column":26}},{"start":{"line":24,"column":17},"end":{"line":24,"column":40}}]},"5":{"loc":{"start":{"line":24,"column":17},"end":{"line":24,"column":26}},"type":"binary-expr","locations":[{"start":{"line":24,"column":17},"end":{"line":24,"column":26}},{"start":{"line":24,"column":17},"end":{"line":24,"column":26}}]},"6":{"loc":{"start":{"line":25,"column":4},"end":{"line":27,"column":null}},"type":"if","locations":[{"start":{"line":25,"column":4},"end":{"line":27,"column":null}}]},"7":{"loc":{"start":{"line":25,"column":10},"end":{"line":25,"column":71}},"type":"binary-expr","locations":[{"start":{"line":25,"column":10},"end":{"line":25,"column":35}},{"start":{"line":25,"column":39},"end":{"line":25,"column":71}}]},"8":{"loc":{"start":{"line":25,"column":10},"end":{"line":25,"column":22}},"type":"cond-expr","locations":[{"start":{"line":25,"column":14},"end":{"line":25,"column":16}},{"start":{"line":25,"column":10},"end":{"line":25,"column":22}}]},"9":{"loc":{"start":{"line":25,"column":10},"end":{"line":25,"column":16}},"type":"binary-expr","locations":[{"start":{"line":25,"column":10},"end":{"line":25,"column":16}},{"start":{"line":25,"column":10},"end":{"line":25,"column":16}}]},"10":{"loc":{"start":{"line":25,"column":39},"end":{"line":25,"column":60}},"type":"cond-expr","locations":[{"start":{"line":25,"column":43},"end":{"line":25,"column":45}},{"start":{"line":25,"column":39},"end":{"line":25,"column":60}}]},"11":{"loc":{"start":{"line":25,"column":39},"end":{"line":25,"column":45}},"type":"binary-expr","locations":[{"start":{"line":25,"column":39},"end":{"line":25,"column":45}},{"start":{"line":25,"column":39},"end":{"line":25,"column":45}}]}},"s":{"0":4,"1":4,"2":4,"3":4,"4":9,"5":9,"6":2,"7":2,"8":1,"9":1,"10":1,"11":0,"12":0,"13":0,"14":0,"15":4,"16":4},"f":{"0":9,"1":2,"2":0},"b":{"0":[0,2],"1":[2,2],"2":[0,2],"3":[2,2],"4":[0,2],"5":[2,2],"6":[1],"7":[2,2],"8":[0,2],"9":[2,2],"10":[0,2],"11":[2,2]}}
,"/Users/piotrzielinski/Documents/GitHub/commerce-tools-integration/voucherify-service/src/commercetools/types.ts": {"path":"/Users/piotrzielinski/Documents/GitHub/commerce-tools-integration/voucherify-service/src/commercetools/types.ts","statementMap":{"0":{"start":{"line":19,"column":0},"end":{"line":19,"column":null}},"1":{"start":{"line":20,"column":2},"end":{"line":20,"column":null}},"2":{"start":{"line":21,"column":2},"end":{"line":21,"column":null}}},"fnMap":{"0":{"name":"(anonymous_0)","decl":{"start":{"line":19,"column":0},"end":{"line":19,"column":12}},"loc":{"start":{"line":19,"column":33},"end":{"line":22,"column":1}}}},"branchMap":{"0":{"loc":{"start":{"line":19,"column":12},"end":{"line":19,"column":null}},"type":"binary-expr","locations":[{"start":{"line":19,"column":12},"end":{"line":19,"column":33}},{"start":{"line":19,"column":12},"end":{"line":19,"column":null}}]}},"s":{"0":34,"1":34,"2":34},"f":{"0":34},"b":{"0":[34,34]}}
,"/Users/piotrzielinski/Documents/GitHub/commerce-tools-integration/voucherify-service/src/commercetools/custom-types/coupon-type-definition.ts": {"path":"/Users/piotrzielinski/Documents/GitHub/commerce-tools-integration/voucherify-service/src/commercetools/custom-types/coupon-type-definition.ts","statementMap":{"0":{"start":{"line":3,"column":13},"end":{"line":37,"column":2}},"1":{"start":{"line":39,"column":13},"end":{"line":119,"column":2}}},"fnMap":{},"branchMap":{},"s":{"0":53,"1":53},"f":{},"b":{}}
,"/Users/piotrzielinski/Documents/GitHub/commerce-tools-integration/voucherify-service/src/commercetools/custom-types/custom-types.service.ts": {"path":"/Users/piotrzielinski/Documents/GitHub/commerce-tools-integration/voucherify-service/src/commercetools/custom-types/custom-types.service.ts","statementMap":{"0":{"start":{"line":1,"column":0},"end":{"line":1,"column":52}},"1":{"start":{"line":2,"column":0},"end":{"line":2,"column":83}},"2":{"start":{"line":4,"column":0},"end":{"line":4,"column":null}},"3":{"start":{"line":10,"column":7},"end":{"line":155,"column":null}},"4":{"start":{"line":12,"column":21},"end":{"line":12,"column":52}},"5":{"start":{"line":13,"column":21},"end":{"line":13,"column":29}},"6":{"start":{"line":17,"column":21},"end":{"line":17,"column":67}},"7":{"start":{"line":18,"column":21},"end":{"line":21,"column":16}},"8":{"start":{"line":22,"column":4},"end":{"line":28,"column":null}},"9":{"start":{"line":26,"column":6},"end":{"line":26,"column":63}},"10":{"start":{"line":27,"column":6},"end":{"line":27,"column":18}},"11":{"start":{"line":29,"column":23},"end":{"line":29,"column":47}},"12":{"start":{"line":30,"column":4},"end":{"line":30,"column":76}},"13":{"start":{"line":31,"column":4},"end":{"line":31,"column":22}},"14":{"start":{"line":35,"column":24},"end":{"line":36,"column":null}},"15":{"start":{"line":39,"column":26},"end":{"line":40,"column":null}},"16":{"start":{"line":43,"column":22},"end":{"line":43,"column":54}},"17":{"start":{"line":45,"column":4},"end":{"line":49,"column":7}},"18":{"start":{"line":51,"column":4},"end":{"line":51,"column":34}},"19":{"start":{"line":57,"column":4},"end":{"line":59,"column":7}},"20":{"start":{"line":61,"column":23},"end":{"line":61,"column":68}},"21":{"start":{"line":63,"column":4},"end":{"line":68,"column":null}},"22":{"start":{"line":64,"column":6},"end":{"line":66,"column":9}},"23":{"start":{"line":67,"column":6},"end":{"line":67,"column":57}},"24":{"start":{"line":70,"column":26},"end":{"line":74,"column":null}},"25":{"start":{"line":72,"column":8},"end":{"line":73,"column":null}},"26":{"start":{"line":73,"column":21},"end":{"line":73,"column":56}},"27":{"start":{"line":77,"column":4},"end":{"line":89,"column":null}},"28":{"start":{"line":78,"column":6},"end":{"line":81,"column":9}},"29":{"start":{"line":82,"column":42},"end":{"line":86,"column":null}},"30":{"start":{"line":83,"column":30},"end":{"line":86,"column":10}},"31":{"start":{"line":88,"column":6},"end":{"line":88,"column":55}},"32":{"start":{"line":90,"column":4},"end":{"line":92,"column":7}},"33":{"start":{"line":94,"column":4},"end":{"line":94,"column":22}},"34":{"start":{"line":98,"column":21},"end":{"line":98,"column":67}},"35":{"start":{"line":100,"column":21},"end":{"line":103,"column":16}},"36":{"start":{"line":104,"column":4},"end":{"line":112,"column":null}},"37":{"start":{"line":105,"column":23},"end":{"line":105,"column":75}},"38":{"start":{"line":106,"column":6},"end":{"line":110,"column":9}},"39":{"start":{"line":111,"column":6},"end":{"line":111,"column":32}},"40":{"start":{"line":114,"column":4},"end":{"line":117,"column":7}},"41":{"start":{"line":119,"column":4},"end":{"line":119,"column":25}},"42":{"start":{"line":126,"column":21},"end":{"line":126,"column":67}},"43":{"start":{"line":128,"column":21},"end":{"line":137,"column":16}},"44":{"start":{"line":139,"column":4},"end":{"line":145,"column":null}},"45":{"start":{"line":140,"column":6},"end":{"line":143,"column":9}},"46":{"start":{"line":144,"column":6},"end":{"line":144,"column":27}},"47":{"start":{"line":146,"column":21},"end":{"line":146,"column":63}},"48":{"start":{"line":148,"column":4},"end":{"line":152,"column":7}},"49":{"start":{"line":153,"column":4},"end":{"line":153,"column":30}},"50":{"start":{"line":10,"column":13},"end":{"line":155,"column":null}},"51":{"start":{"line":10,"column":13},"end":{"line":10,"column":31}}},"fnMap":{"0":{"name":"(anonymous_2)","decl":{"start":{"line":11,"column":2},"end":{"line":11,"column":null}},"loc":{"start":{"line":13,"column":35},"end":{"line":14,"column":6}}},"1":{"name":"(anonymous_3)","decl":{"start":{"line":16,"column":9},"end":{"line":16,"column":14}},"loc":{"start":{"line":16,"column":46},"end":{"line":32,"column":3}}},"2":{"name":"(anonymous_4)","decl":{"start":{"line":34,"column":9},"end":{"line":34,"column":14}},"loc":{"start":{"line":34,"column":35},"end":{"line":52,"column":3}}},"3":{"name":"(anonymous_5)","decl":{"start":{"line":54,"column":10},"end":{"line":54,"column":15}},"loc":{"start":{"line":55,"column":29},"end":{"line"
[...]
d":{"line":46,"column":36}},"type":"cond-expr","locations":[{"start":{"line":46,"column":28},"end":{"line":46,"column":30}},{"start":{"line":46,"column":28},"end":{"line":46,"column":36}}]},"10":{"loc":{"start":{"line":46,"column":17},"end":{"line":46,"column":30}},"type":"binary-expr","locations":[{"start":{"line":46,"column":17},"end":{"line":46,"column":30}},{"start":{"line":46,"column":28},"end":{"line":46,"column":30}}]},"11":{"loc":{"start":{"line":47,"column":2},"end":{"line":49,"column":null}},"type":"if","locations":[{"start":{"line":47,"column":2},"end":{"line":49,"column":null}}]},"12":{"loc":{"start":{"line":48,"column":11},"end":{"line":48,"column":25}},"type":"cond-expr","locations":[{"start":{"line":48,"column":15},"end":{"line":48,"column":17}},{"start":{"line":48,"column":11},"end":{"line":48,"column":25}}]},"13":{"loc":{"start":{"line":48,"column":11},"end":{"line":48,"column":17}},"type":"binary-expr","locations":[{"start":{"line":48,"column":11},"end":{"line":48,"column":17}},{"start":{"line":48,"column":11},"end":{"line":48,"column":17}}]},"14":{"loc":{"start":{"line":54,"column":16},"end":{"line":54,"column":75}},"type":"binary-expr","locations":[{"start":{"line":54,"column":16},"end":{"line":54,"column":36}},{"start":{"line":54,"column":40},"end":{"line":54,"column":75}}]},"15":{"loc":{"start":{"line":58,"column":7},"end":{"line":58,"column":21}},"type":"cond-expr","locations":[{"start":{"line":58,"column":11},"end":{"line":58,"column":13}},{"start":{"line":58,"column":7},"end":{"line":58,"column":21}}]},"16":{"loc":{"start":{"line":58,"column":7},"end":{"line":58,"column":13}},"type":"binary-expr","locations":[{"start":{"line":58,"column":7},"end":{"line":58,"column":13}},{"start":{"line":58,"column":7},"end":{"line":58,"column":13}}]}},"s":{"0":83,"1":299,"2":0,"3":54,"4":64,"5":83,"6":83,"7":54,"8":260,"9":260,"10":245,"11":15,"12":21,"13":21,"14":3,"15":54},"f":{"0":83,"1":299,"2":0,"3":64,"4":83,"5":83,"6":260,"7":21,"8":21,"9":3},"b":{"0":[23,60],"1":[64],"2":[0,83],"3":[83,83],"4":[83,0],"5":[0,83],"6":[83,83],"7":[221,39],"8":[260,260],"9":[221,39],"10":[260,260],"11":[245],"12":[0,245],"13":[245,245],"14":[21,21],"15":[0,15],"16":[15,15]}}
,"/Users/piotrzielinski/Documents/GitHub/commerce-tools-integration/voucherify-service/src/misc/elapsedTime.ts": {"path":"/Users/piotrzielinski/Documents/GitHub/commerce-tools-integration/voucherify-service/src/misc/elapsedTime.ts","statementMap":{"0":{"start":{"line":2,"column":2},"end":{"line":2,"column":47}},"1":{"start":{"line":1,"column":0},"end":{"line":1,"column":16}}},"fnMap":{"0":{"name":"elapsedTime","decl":{"start":{"line":1,"column":16},"end":{"line":1,"column":27}},"loc":{"start":{"line":1,"column":54},"end":{"line":3,"column":1}}}},"branchMap":{},"s":{"0":7,"1":48},"f":{"0":7},"b":{}}
,"/Users/piotrzielinski/Documents/GitHub/commerce-tools-integration/voucherify-service/src/misc/request-json-file-logger.ts": {"path":"/Users/piotrzielinski/Documents/GitHub/commerce-tools-integration/voucherify-service/src/misc/request-json-file-logger.ts","statementMap":{"0":{"start":{"line":1,"column":0},"end":{"line":1,"column":25}},"1":{"start":{"line":5,"column":31},"end":{"line":5,"column":55}},"2":{"start":{"line":13,"column":21},"end":{"line":15,"column":34}},"3":{"start":{"line":17,"column":4},"end":{"line":30,"column":6}},"4":{"start":{"line":4,"column":0},"end":{"line":4,"column":13}}},"fnMap":{"0":{"name":"(anonymous_6)","decl":{"start":{"line":5,"column":2},"end":{"line":5,"column":31}},"loc":{"start":{"line":5,"column":55},"end":{"line":5,"column":59}}},"1":{"name":"(anonymous_7)","decl":{"start":{"line":7,"column":2},"end":{"line":7,"column":5}},"loc":{"start":{"line":11,"column":33},"end":{"line":31,"column":3}}}},"branchMap":{"0":{"loc":{"start":{"line":14,"column":6},"end":{"line":14,"column":null}},"type":"cond-expr","locations":[{"start":{"line":14,"column":30},"end":{"line":14,"column":57}},{"start":{"line":14,"column":60},"end":{"line":14,"column":null}}]}},"s":{"0":11,"1":1,"2":1,"3":1,"4":11},"f":{"0":1,"1":1},"b":{"0":[0,1]}}
,"/Users/piotrzielinski/Documents/GitHub/commerce-tools-integration/voucherify-service/src/misc/request-json-logger-interface.ts": {"path":"/Users/piotrzielinski/Documents/GitHub/commerce-tools-integration/voucherify-service/src/misc/request-json-logger-interface.ts","statementMap":{"0":{"start":{"line":1,"column":13},"end":{"line":1,"column":57}},"1":{"start":{"line":16,"column":4},"end":{"line":16,"column":29}},"2":{"start":{"line":12,"column":0},"end":{"line":12,"column":13}}},"fnMap":{"0":{"name":"(anonymous_0)","decl":{"start":{"line":15,"column":2},"end":{"line":15,"column":7}},"loc":{"start":{"line":15,"column":11},"end":{"line":17,"column":3}}}},"branchMap":{},"s":{"0":118,"1":2,"2":118},"f":{"0":2},"b":{}}
,"/Users/piotrzielinski/Documents/GitHub/commerce-tools-integration/voucherify-service/src/misc/sleep.ts": {"path":"/Users/piotrzielinski/Documents/GitHub/commerce-tools-integration/voucherify-service/src/misc/sleep.ts","statementMap":{"0":{"start":{"line":1,"column":14},"end":{"line":3,"column":1}},"1":{"start":{"line":2,"column":2},"end":{"line":2,"column":76}},"2":{"start":{"line":2,"column":34},"end":{"line":2,"column":57}},"3":{"start":{"line":2,"column":70},"end":{"line":2,"column":74}},"4":{"start":{"line":5,"column":0},"end":{"line":5,"column":21}}},"fnMap":{"0":{"name":"(anonymous_0)","decl":{"start":{"line":1,"column":14},"end":{"line":1,"column":15}},"loc":{"start":{"line":1,"column":21},"end":{"line":3,"column":1}}},"1":{"name":"(anonymous_1)","decl":{"start":{"line":2,"column":21},"end":{"line":2,"column":22}},"loc":{"start":{"line":2,"column":34},"end":{"line":2,"column":57}}},"2":{"name":"(anonymous_2)","decl":{"start":{"line":2,"column":64},"end":{"line":2,"column":67}},"loc":{"start":{"line":2,"column":70},"end":{"line":2,"column":74}}}},"branchMap":{},"s":{"0":35,"1":7,"2":7,"3":7,"4":35},"f":{"0":7,"1":7,"2":7},"b":{}}
,"/Users/piotrzielinski/Documents/GitHub/commerce-tools-integration/voucherify-service/src/voucherify/voucherify-connector.service.ts": {"path":"/Users/piotrzielinski/Documents/GitHub/commerce-tools-integration/voucherify-service/src/voucherify/voucherify-connector.service.ts","statementMap":{"0":{"start":{"line":1,"column":0},"end":{"line":1,"column":41}},"1":{"start":{"line":2,"column":0},"end":{"line":2,"column":60}},"2":{"start":{"line":3,"column":0},"end":{"line":3,"column":null}},"3":{"start":{"line":9,"column":0},"end":{"line":9,"column":47}},"4":{"start":{"line":10,"column":0},"end":{"line":10,"column":null}},"5":{"start":{"line":15,"column":0},"end":{"line":15,"column":87}},"6":{"start":{"line":17,"column":0},"end":{"line":17,"column":50}},"7":{"start":{"line":20,"column":7},"end":{"line":144,"column":null}},"8":{"start":{"line":22,"column":12},"end":{"line":22,"column":27}},"9":{"start":{"line":23,"column":12},"end":{"line":23,"column":20}},"10":{"start":{"line":25,"column":21},"end":{"line":25,"column":66}},"11":{"start":{"line":28,"column":19},"end":{"line":29,"column":56}},"12":{"start":{"line":30,"column":19},"end":{"line":32,"column":4}},"13":{"start":{"line":33,"column":19},"end":{"line":34,"column":57}},"14":{"start":{"line":37,"column":18},"end":{"line":37,"column":35}},"15":{"start":{"line":38,"column":23},"end":{"line":42,"column":6}},"16":{"start":{"line":43,"column":16},"end":{"line":43,"column":33}},"17":{"start":{"line":44,"column":4},"end":{"line":44,"column":65}},"18":{"start":{"line":46,"column":4},"end":{"line":46,"column":22}},"19":{"start":{"line":50,"column":18},"end":{"line":50,"column":35}},"20":{"start":{"line":51,"column":21},"end":{"line":52,"column":null}},"21":{"start":{"line":54,"column":16},"end":{"line":54,"column":33}},"22":{"start":{"line":56,"column":4},"end":{"line":56,"column":62}},"23":{"start":{"line":57,"column":4},"end":{"line":64,"column":6}},"24":{"start":{"line":66,"column":4},"end":{"line":66,"column":20}},"25":{"start":{"line":74,"column":24},"end":{"line":82,"column":22}},"26":{"start":{"line":76,"column":48},"end":{"line":76,"column":65}},"27":{"start":{"line":84,"column":4},"end":{"line":84,"column":54}},"28":{"start":{"line":88,"column":18},"end":{"line":88,"column":35}},"29":{"start":{"line":90,"column":21},"end":{"line":91,"column":null}},"30":{"start":{"line":93,"column":16},"end":{"line":93,"column":33}},"31":{"start":{"line":94,"column":4},"end":{"line":94,"column":60}},"32":{"start":{"line":96,"column":4},"end":{"line":103,"column":6}},"33":{"start":{"line":104,"column":4},"end":{"line":104,"column":20}},"34":{"start":{"line":108,"column":4},"end":{"line":113,"column":null}},"35":{"start":{"line":108,"column":29},"end":{"line":108,"column":34}},"36":{"start":{"line":108,"column":29},"end":{"line":108,"column":null}},"37":{"start":{"line":108,"column":25},"end":{"line":108,"column":29}},"38":{"start":{"line":109,"column":6},"end":{"line":112,"column":8}},"39":{"start":{"line":117,"column":28},"end":{"line":117,"column":73}},"40":{"start":{"line":118,"column":27},"end":{"line":119,"column":null}},"41":{"start":{"line":119,"column":18},"end":{"line":119,"column":56}},"42":{"start":{"line":121,"column":4},"end":{"line":121,"column":57}},"43":{"start":{"line":125,"column":18},"end":{"line":125,"column":61}},"44":{"start":{"line":126,"column":23},"end":{"line":136,"column":6}},"45":{"start":{"line":134,"column":44},"end":{"line":134,"column":61}},"46":{"start":{"line":138,"column":4},"end":{"line":140,"column":null}},"47":{"start":{"line":139,"column":6},"end":{"line":139,"column":35}},"48":{"start":{"line":142,"column":4},"end":{"line":142,"column":14}},"49":{"start":{"line":20,"column":13},"end":{"line":144,"column":null}},"50":{"start":{"line":20,"column":13},"end":{"line":20,"column":39}}},"fnMap":{"0":{"name":"(anonymous_11)","decl":{"start":{"line":21,"column":2},"end":{"line":21,"column":null}},"loc":{"start":{"line":25,"column":66},"end":{"line":26,"column":6}}},"1":{"name":"(anonymous_12)","decl":{"start":{"line":36,"column":2},"end":{"line":36,"column":11}},"loc":{"start":{"line":36,"column":11},"end":{"line":47,"column":3}}},"2":{"name":"(anonymous_13)","decl":{"start":{"line":49,"column":2},"end":{"line":49,"column":7}},"loc":{"start":{"line":49,"column":77},"end":{"line":67,"column":3}}},"3":{"name":"(anonymous_14)","decl":{"start":{"line":69,"column":2},"end":{"line":69,"column":7}},"loc":{"start":{"line":72,"column":38},"end":{"line":85,"column":3}}},"4":{"name":"(anonymous_15)","decl":{"start":{"line":76,"column":33},"end":{"line":76,"column":34}},"loc":{"start":{"line":76,"column":48},"end":{"line":76,"column":65}}},"5":{"name":"(anonymous_16)","decl":{"start":{"line":87,"column":2},"end":{"line":87,"column":7}},"loc":{"start":{"line":87,"column":73},"end":{"line":105,"column":3}}},"6":{"name":"(anonymous_17)","decl":{"start":{"line":107,"column":2},"end":{"line":107,"column":7}},"loc":{"start":{"line":107,"column":68},"end":{"line":114,"column":3}}},"7":{"name":"(anonymous_18)","decl":{"start":{"line":116,"column":2},"end":{"line":116,"column":7}},"loc":{"start":{"line":116,"column":56},"end":{"line":122,"column":3}}},"8":{"name":"(anonymous_19)","decl":{"start":{"line":119,"column":6},"end":{"line":119,"column":7}},"loc":{"start":{"line":119,"column":18},"end":{"line":119,"column":56}}},"9":{"name":"(anonymous_20)","decl":{"start":{"line":124,"column":2},"end":{"line":124,"column":7}},"loc":{"start":{"line":124,"column":35},"end":{"line":143,"column":3}}},"10":{"name":"(anonymous_21)","decl":{"start":{"line":134,"column":29},"end":{"line":134,"column":30}},"loc":{"start":{"line":134,"column":44},"end":{"line":134,"column":61}}}},"branchMap":{"0":{"loc":{"start":{"line":121,"column":23},"end":{"line":121,"column":55}},"type":"cond-expr","locations":[{"start":{"line":121,"column":49},"end":{"line":121,"column":53}},{"start":{"line":121,"column":53},"end":{"line":121,"column":55}}]},"1":{"loc":{"start":{"line":121,"column":23},"end":{"line":121,"column":53}},"type":"binary-expr","locations":[{"start":{"line":121,"column":23},"end":{"line":121,"column":53}},{"start":{"line":121,"column":49},"end":{"line":121,"column":53}}]},"2":{"loc":{"start":{"line":121,"column":23},"end":{"line":121,"column":49}},"type":"cond-expr","locations":[{"start":{"line":121,"column":37},"end":{"line":121,"column":39}},{"start":{"line":121,"column":23},"end":{"line":121,"column":49}}]},"3":{"loc":{"start":{"line":121,"column":23},"end":{"line":121,"column":39}},"type":"binary-expr","locations":[{"start":{"line":121,"column":23},"end":{"line":121,"column":39}},{"start":{"line":121,"column":23},"end":{"line":121,"column":39}}]},"4":{"loc":{"start":{"line":128,"column":12},"end":{"line":128,"column":47}},"type":"binary-expr","locations":[{"start":{"line":128,"column":12},"end":{"line":128,"column":27}},{"start":{"line":128,"column":31},"end":{"line":128,"column":47}}]},"5":{"loc":{"start":{"line":129,"column":19},"end":{"line":129,"column":54}},"type":"binary-expr","locations":[{"start":{"line":129,"column":19},"end":{"line":129,"column":34}},{"start":{"line":129,"column":38},"end":{"line":129,"column":54}}]},"6":{"loc":{"start":{"line":138,"column":4},"end":{"line":140,"column":null}},"type":"if","locations":[{"start":{"line":138,"column":4},"end":{"line":140,"column":null}}]}},"s":{"0":45,"1":45,"2":45,"3":45,"4":45,"5":45,"6":45,"7":45,"8":21,"9":21,"10":21,"11":21,"12":21,"13":21,"14":0,"15":0,"16":0,"17":0,"18":0,"19":1,"20":1,"21":1,"22":1,"23":1,"24":1,"25":1,"26":1,"27":1,"28":1,"29":1,"30":1,"31":1,"32":1,"33":1,"34":1,"35":7,"36":1,"37":3,"38":3,"39":1,"40":1,"41":0,"42":1,"43":1,"44":1,"45":2,"46":1,"47":1,"48":0,"49":45,"50":45},"f":{"0":21,"1":0,"2":1,"3":1,"4":1,"5":1,"6":1,"7":1,"8":0,"9":1,"10":2},"b":{"0":[0,1],"1":[1,1],"2":[1,0],"3":[1,1],"4":[1,1],"5":[1,1],"6":[1]}}
,"/Users/piotrzielinski/Documents/GitHub/commerce-tools-integration/voucherify-service/src/voucherify/voucherify.service.ts": {"path":"/Users/piotrzielinski/Documents/GitHub/commerce-tools-integration/voucherify-service/src/voucherify/voucherify.service.ts","statementMap":{"0":{"start":{"line":1,"column":0},"end":{"line":1,"column":44}},"1":{"start":{"line":2,"column":0},"end":{"line":2,"column":76}},"2":{"start":{"line":3,"column":0},"end":{"line":3,"column":47}},"3":{"start":{"line":8,"column":7},"end":{"line":69,"column":null}},"4":{"start":{"line":10,"column":21},"end":{"line":10,"column":49}},"5":{"start":{"line":11,"column":21},"end":{"line":11,"column":36}},"6":{"start":{"line":15,"column":4},"end":{"line":17,"column":null}},"7":{"start":{"line":16,"column":6},"end":{"line":16,"column":57}},"8":{"start":{"line":20,"column":6},"end":{"line":21,"column":8}},"9":{"start":{"line":23,"column":32},"end":{"line":42,"column":8}},"10":{"start":{"line":25,"column":8},"end":{"line":27,"column":null}},"11":{"start":{"line":26,"column":10},"end":{"line":26,"column":22}},"12":{"start":{"line":29,"column":22},"end":{"line":31,"column":39}},"13":{"start":{"line":30,"column":30},"end":{"line":30,"column":57}},"14":{"start":{"line":31,"column":27},"end":{"line":31,"column":38}},"15":{"start":{"line":32,"column":8},"end":{"line":32,"column":41}},"16":{"start":{"line":35,"column":8},"end":{"line":41,"column":10}},"17":{"start":{"line":44,"column":4},"end":{"line":44,"column":47}},"18":{"start":{"line":51,"column":37},"end":{"line":62,"column":8}},"19":{"start":{"line":52,"column":30},"end":{"line":52,"column":68}},"20":{"start":{"line":54,"column":33},"end":{"line":55,"column":null}},"21":{"start":{"line":55,"column":25},"end":{"line":55,"column":55}},"22":{"start":{"line":57,"column":8},"end":{"line":59,"column":null}},"23":{"start":{"line":58,"column":10},"end":{"line":58,"column":58}},"24":{"start":{"line":61,"column":8},"end":{"line":61,"column":26}},"25":{"start":{"line":64,"column":4},"end":{"line":67,"column":6}},"26":{"start":{"line":65,"column":41},"end":{"line":65,"column":76}},"27":{"start":{"line":8,"column":13},"end":{"line":69,"column":null}},"28":{"start":{"line":8,"column":13},"end":{"line":8,"column":30}}},"fnMap":{"0":{"name":"(anonymous_2)","decl":{"start":{"line":9,"column":2},"end":{"line":9,"column":null}},"loc":{"start":{"line":11,"column":49},"end":{"line":12,"column":6}}},"1":{"name":"(anonymous_3)","decl":{"start":{"line":14,"column":9},"end":{"line":14,"column":14}},"loc":{"start":{"line":14,"column":56},"end":{"line":45,"column":3}}},"2":{"name":"(anonymous_4)","decl":{"start":{"line":24,"column":14},"end":{"line":24,"column":15}},"loc":{"start":{"line":24,"column":24},"end":{"line":33,"column":7}}},"3":{"name":"(anonymous_5)","decl":{"start":{"line":30,"column":18},"end":{"line":30,"column":19}},"loc":{"start":{"line":30,"column":30},"end":{"line":30,"column":57}}},"4":{"name":"(anonymous_6)","decl":{"start":{"line":31,"column":15},"end":{"line":31,"column":16}},"loc":{"start":{"line":31,"column":27},"end":{"line":31,"column":38}}},"5":{"name":"(anonymous_7)","decl":{"start":{"line":34,"column":11},"end":{"line":34,"column":12}},"loc":{"start":{"line":34,"column":21},"end":{"line":42,"column":7}}},"6":{"name":"(anonymous_8)","decl":{"start":{"line":47,"column":9},"end":{"line":47,"column":39}},"loc":{"start":{"line":49,"column":19},"end":{"line":68,"column":3}}},"7":{"name":"(anonymous_9)","decl":{"start":{"line":52,"column":14},"end":{"line":52,"column":15}},"loc":{"start":{"line":52,"column":30},"end":{"line":52,"column":68}}},"8":{"name":"(anonymous_10)","decl":{"start":{"line":53,"column":11},"end":{"line":53,"column":12}},"loc":{"start":{"line":53,"column":26},"end":{"line":62,"column":7}}},"9":{"name":"(anonymous_11)","decl":{"start":{"line":55,"column":10},"end":{"line":55,"column":11}},"loc":{"start":{"line":55,"column":25},"end":{"line":55,"column":55}}},"10":{"name":"(anonymous_12)","decl":{"start":{"line":65,"column":28},"end":{"line":65,"column":29}},"loc":{"start":{"line":65,"column":41},"end":{"line":65,"column":76}}}},"branchMap":{"0":{"loc":{"start":{"line":15,"column":4},"end":{"line":17,"column":null}},"type":"if","locations":[{"start":{"line":15,"column":4},"end":{"line":17,"column":null}}]},"1":{"loc":{"start":{"line":20,"column":6},"end":{"line":21,"column":8}},"type":"cond-expr","locations":[{"start":{"line":20,"column":74},"end":{"line":20,"column":null}},{"start":{"line":21,"column":6},"end":{"line":21,"column":8}}]},"2":{"loc":{"start":{"line":20,"column":6},"end":{"line":20,"column":null}},"type":"binary-expr","locations":[{"start":{"line":20,"column":6},"end":{"line":20,"column":null}},{"start":{"line":20,"column":74},"end":{"line":20,"column":null}}]},"3":{"loc":{"start":{"line":25,"column":8},"end":{"line":27,"column":null}},"type":"if","locations":[{"start":{"line":25,"column":8},"end":{"line":27,"column":null}}]},"4":{"loc":{"start":{"line":49,"column":4},"end":{"line":49,"column":19}},"type":"default-arg","locations":[{"start":{"line":49,"column":17},"end":{"line":49,"column":19}}]},"5":{"loc":{"start":{"line":57,"column":8},"end":{"line":59,"column":null}},"type":"if","locations":[{"start":{"line":57,"column":8},"end":{"line":59,"column":null}}]},"6":{"loc":{"start":{"line":58,"column":33},"end":{"line":58,"column":57}},"type":"cond-expr","locations":[{"start":{"line":58,"column":49},"end":{"line":58,"column":51}},{"start":{"line":58,"column":33},"end":{"line":58,"column":57}}]},"7":{"loc":{"start":{"line":58,"column":33},"end":{"line":58,"column":51}},"type":"binary-expr","locations":[{"start":{"line":58,"column":33},"end":{"line":58,"column":51}},{"start":{"line":58,"column":33},"end":{"line":58,"column":51}}]}},"s":{"0":19,"1":19,"2":19,"3":19,"4":47,"5":47,"6":45,"7":0,"8":45,"9":45,"10":3,"11":0,"12":3,"13":3,"14":3,"15":3,"16":2,"17":45,"18":37,"19":57,"20":1,"21":2,"22":1,"23":1,"24":1,"25":37,"26":57,"27":19,"28":19},"f":{"0":47,"1":45,"2":3,"3":3,"4":3,"5":2,"6":37,"7":57,"8":1,"9":2,"10":57},"b":{"0":[0],"1":[45,0],"2":[45,45],"3":[0],"4":[0],"5":[1],"6":[0,1],"7":[1,1]}}
}
