TN:
SF:src/app.controller.ts
FN:6,(anonymous_2)
FN:9,(anonymous_3)
FNF:2
FNH:2
FNDA:1,(anonymous_2)
FNDA:1,(anonymous_3)
DA:1,1
DA:2,1
DA:5,1
DA:6,1
DA:8,1
DA:10,1
LF:6
LH:6
BRF:0
BRH:0
end_of_record
TN:
SF:src/app.module.ts
FNF:0
FNH:0
DA:1,0
DA:2,0
DA:3,0
DA:4,0
DA:5,0
DA:6,0
DA:7,0
DA:8,0
DA:9,0
DA:10,0
DA:11,0
DA:12,0
DA:13,0
DA:14,0
DA:15,0
DA:16,0
DA:17,0
DA:18,0
DA:19,0
DA:20,0
DA:21,0
DA:22,0
DA:23,0
DA:24,0
DA:25,0
DA:26,0
DA:27,0
DA:61,0
LF:28
LH:0
BRF:0
BRH:0
end_of_record
TN:
SF:src/app.service.ts
FN:5,(anonymous_1)
FNF:1
FNH:1
FNDA:1,(anonymous_1)
DA:1,1
DA:4,1
DA:6,1
LF:3
LH:3
BRF:0
BRH:0
end_of_record
TN:
SF:src/cli.ts
FN:7,bootstrap
FNF:1
FNH:0
FNDA:0,bootstrap
DA:1,0
DA:2,0
DA:3,0
DA:4,0
DA:5,0
DA:8,0
DA:25,0
LF:7
LH:0
BRF:0
BRH:0
end_of_record
TN:
SF:src/devAttached.ts
FN:10,bootstrap
FN:29,(anonymous_7)
FNF:2
FNH:0
FNDA:0,bootstrap
FNDA:0,(anonymous_7)
DA:1,0
DA:2,0
DA:3,0
DA:4,0
DA:5,0
DA:6,0
DA:7,0
DA:8,0
DA:11,0
DA:16,0
DA:24,0
DA:25,0
DA:26,0
DA:27,0
DA:29,0
DA:31,0
DA:32,0
DA:33,0
DA:34,0
DA:35,0
DA:36,0
DA:37,0
DA:38,0
DA:40,0
DA:43,0
LF:25
LH:0
BRDA:26,0,0,0
BRDA:26,0,1,0
BRDA:29,1,0,0
BRDA:29,1,1,0
BRDA:37,2,0,0
BRDA:37,2,1,0
BRF:6
BRH:0
end_of_record
TN:
SF:src/main.ts
FN:7,bootstrap
FNF:1
FNH:0
FNDA:0,bootstrap
DA:1,0
DA:2,0
DA:3,0
DA:4,0
DA:5,0
DA:9,0
DA:21,0
DA:32,0
DA:34,0
LF:9
LH:0
BRDA:9,0,0,0
BRDA:9,0,1,0
BRDA:32,1,0,0
BRDA:32,1,1,0
BRF:4
BRH:0
end_of_record
TN:
SF:src/cli/api-extension-add.command.ts
FN:12,(anonymous_3)
FN:18,(anonymous_4)
FNF:2
FNH:1
FNDA:2,(anonymous_3)
FNDA:0,(anonymous_4)
DA:1,1
DA:2,1
DA:3,1
DA:4,1
DA:11,1
DA:13,2
DA:14,2
DA:16,2
DA:20,0
DA:23,0
DA:27,0
DA:28,0
DA:29,0
DA:32,0
DA:33,0
DA:34,0
DA:35,0
DA:37,0
LF:18
LH:8
BRDA:20,0,0,0
BRDA:20,0,1,0
BRDA:27,1,0,0
BRDA:34,2,0,0
BRDA:34,2,1,0
BRF:5
BRH:0
end_of_record
TN:
SF:src/cli/api-extension-delete.command.ts
FN:17,(anonymous_3)
FN:23,(anonymous_4)
FN:61,(anonymous_5)
FN:76,(anonymous_6)
FNF:4
FNH:2
FNDA:2,(anonymous_3)
FNDA:1,(anonymous_4)
FNDA:0,(anonymous_5)
FNDA:0,(anonymous_6)
DA:1,1
DA:2,1
DA:3,1
DA:4,1
DA:16,1
DA:18,2
DA:19,2
DA:21,2
DA:27,1
DA:31,1
DA:37,1
DA:38,1
DA:40,1
DA:41,1
DA:45,1
DA:46,0
DA:49,0
DA:53,0
DA:54,0
DA:58,1
DA:59,0
DA:61,0
DA:65,1
DA:68,0
DA:72,1
DA:77,0
LF:26
LH:18
BRDA:32,0,0,1
BRDA:32,0,1,0
BRDA:40,1,0,1
BRDA:40,1,1,0
BRDA:45,2,0,0
BRDA:53,3,0,0
BRDA:58,4,0,0
BRDA:58,4,1,1
BRF:8
BRH:3
end_of_record
TN:
SF:src/cli/api-extension-list.command.ts
FN:11,(anonymous_3)
FN:14,(anonymous_4)
FN:24,(anonymous_5)
FNF:3
FNH:2
FNDA:2,(anonymous_3)
FNDA:1,(anonymous_4)
FNDA:0,(anonymous_5)
DA:1,1
DA:2,1
DA:3,1
DA:4,1
DA:10,1
DA:11,2
DA:12,2
DA:15,1
DA:16,1
DA:17,1
DA:18,0
DA:19,0
DA:23,0
DA:25,0
DA:27,0
DA:30,0
DA:40,0
DA:42,1
LF:18
LH:11
BRDA:17,0,0,0
BRDA:17,0,1,1
BRDA:17,1,0,0
BRDA:17,1,1,1
BRDA:17,2,0,1
BRDA:17,2,1,1
BRDA:27,3,0,0
BRDA:27,3,1,0
BRDA:32,4,0,0
BRDA:32,4,1,0
BRF:10
BRH:4
end_of_record
TN:
SF:src/cli/api-extension-update.command.ts
FN:12,(anonymous_3)
FN:18,(anonymous_4)
FNF:2
FNH:1
FNDA:2,(anonymous_3)
FNDA:0,(anonymous_4)
DA:1,1
DA:2,1
DA:3,1
DA:4,1
DA:11,1
DA:13,2
DA:14,2
DA:16,2
DA:20,0
DA:23,0
DA:24,0
DA:25,0
DA:26,0
DA:28,0
LF:14
LH:8
BRDA:20,0,0,0
BRDA:20,0,1,0
BRDA:25,1,0,0
BRDA:25,1,1,0
BRF:4
BRH:0
end_of_record
TN:
SF:src/cli/config.command.ts
FN:14,(anonymous_3)
FN:20,(anonymous_4)
FNF:2
FNH:1
FNDA:4,(anonymous_3)
FNDA:0,(anonymous_4)
DA:1,2
DA:2,2
DA:3,2
DA:4,2
DA:13,2
DA:15,4
DA:16,4
DA:18,4
DA:21,0
DA:26,0
DA:27,0
DA:28,0
DA:30,0
DA:33,0
DA:38,0
DA:39,0
DA:40,0
DA:42,0
LF:18
LH:8
BRDA:27,0,0,0
BRDA:27,0,1,0
BRDA:39,1,0,0
BRDA:39,1,1,0
BRF:4
BRH:0
end_of_record
TN:
SF:src/cli/migrate.command.ts
FN:29,(anonymous_3)
FN:41,(anonymous_4)
FN:72,(anonymous_5)
FN:83,(anonymous_6)
FN:93,(anonymous_7)
FN:104,(anonymous_8)
FN:115,(anonymous_9)
FN:124,(anonymous_10)
FNF:8
FNH:6
FNDA:14,(anonymous_3)
FNDA:0,(anonymous_4)
FNDA:1,(anonymous_5)
FNDA:1,(anonymous_6)
FNDA:1,(anonymous_7)
FNDA:1,(anonymous_8)
FNDA:1,(anonymous_9)
FNDA:0,(anonymous_10)
DA:2,7
DA:3,7
DA:4,7
DA:5,7
DA:6,7
DA:28,7
DA:30,14
DA:31,14
DA:32,14
DA:34,14
DA:37,7
DA:42,0
DA:44,0
DA:51,0
DA:58,0
DA:65,0
DA:68,7
DA:73,1
DA:74,1
DA:75,1
DA:76,1
DA:79,7
DA:84,1
DA:85,1
DA:86,1
DA:87,1
DA:89,7
DA:94,1
DA:95,1
DA:96,1
DA:97,1
DA:100,7
DA:105,1
DA:106,1
DA:107,1
DA:108,1
DA:111,7
DA:116,1
DA:117,1
DA:120,1
DA:121,1
DA:128,0
DA:129,0
DA:134,0
DA:138,0
DA:145,0
DA:151,0
DA:153,0
DA:154,0
DA:156,0
LF:50
LH:36
BRDA:42,0,0,0
BRDA:42,0,1,0
BRDA:42,0,2,0
BRDA:128,1,0,0
BRDA:138,2,0,0
BRDA:138,2,1,0
BRDA:138,2,2,0
BRDA:138,2,3,0
BRDA:138,2,4,0
BRDA:138,2,5,0
BRDA:146,3,0,0
BRDA:146,3,1,0
BRDA:153,4,0,0
BRDA:153,4,1,0
BRF:14
BRH:0
end_of_record
TN:
SF:src/commercetools/api-extension.controller.ts
FN:23,(anonymous_4)
FN:28,(anonymous_5)
FN:53,(anonymous_6)
FN:62,(anonymous_7)
FNF:4
FNH:4
FNDA:6,(anonymous_4)
FNDA:4,(anonymous_5)
FNDA:1,(anonymous_6)
FNDA:5,(anonymous_7)
DA:1,3
DA:10,3
DA:11,3
DA:14,3
DA:15,3
DA:16,3
DA:17,3
DA:22,3
DA:24,6
DA:25,6
DA:30,4
DA:31,4
DA:32,4
DA:33,3
DA:40,1
DA:41,1
DA:44,1
DA:46,3
DA:47,2
DA:49,1
DA:50,1
DA:54,1
DA:57,1
DA:58,1
DA:62,3
DA:66,5
DA:67,5
DA:68,5
DA:70,5
DA:76,5
DA:77,4
DA:82,1
DA:83,1
LF:33
LH:33
BRDA:46,0,0,2
BRDA:46,1,0,1
BRDA:46,1,1,2
BRDA:46,2,0,3
BRDA:46,2,1,3
BRDA:66,3,0,0
BRDA:66,3,1,5
BRDA:66,4,0,5
BRDA:66,4,1,5
BRDA:68,5,0,0
BRDA:68,5,1,5
BRDA:68,6,0,5
BRDA:68,6,1,5
BRDA:68,7,0,0
BRDA:68,7,1,5
BRDA:68,8,0,5
BRDA:68,8,1,5
BRDA:76,9,0,4
BRDA:82,10,0,1
BRF:19
BRH:16
end_of_record
TN:
SF:src/commercetools/api-extension.guard.ts
FN:11,(anonymous_2)
FN:12,(anonymous_3)
FNF:2
FNH:1
FNDA:6,(anonymous_2)
FNDA:0,(anonymous_3)
DA:1,3
DA:10,3
DA:11,6
DA:15,0
DA:19,0
DA:23,0
DA:24,0
DA:31,0
LF:8
LH:3
BRDA:15,0,0,0
BRDA:15,0,1,0
BRDA:15,1,0,0
BRDA:15,1,1,0
BRDA:15,2,0,0
BRDA:15,2,1,0
BRDA:15,3,0,0
BRDA:15,3,1,0
BRDA:19,4,0,0
BRDA:19,4,1,0
BRDA:19,5,0,0
BRDA:19,5,1,0
BRDA:19,6,0,0
BRDA:19,6,1,0
BRDA:23,7,0,0
BRF:15
BRH:0
end_of_record
TN:
SF:src/commercetools/api-extension.service.ts
FN:10,(anonymous_2)
FN:17,(anonymous_3)
FN:25,(anonymous_4)
FN:28,(anonymous_5)
FN:43,(anonymous_6)
FN:46,(anonymous_7)
FN:69,(anonymous_8)
FN:99,(anonymous_9)
FNF:8
FNH:6
FNDA:15,(anonymous_2)
FNDA:8,(anonymous_3)
FNDA:3,(anonymous_4)
FNDA:0,(anonymous_5)
FNDA:3,(anonymous_6)
FNDA:0,(anonymous_7)
FNDA:2,(anonymous_8)
FNDA:1,(anonymous_9)
DA:1,5
DA:2,5
DA:5,5
DA:8,5
DA:11,15
DA:12,15
DA:14,15
DA:20,8
DA:22,8
DA:26,3
DA:27,3
DA:28,0
DA:31,3
DA:32,3
DA:34,0
DA:44,3
DA:45,3
DA:46,0
DA:48,3
DA:49,3
DA:52,0
DA:54,0
DA:55,0
DA:66,0
DA:70,2
DA:73,2
DA:95,2
DA:96,2
DA:100,1
DA:104,1
DA:105,0
DA:108,1
DA:110,1
LF:33
LH:25
BRDA:31,0,0,3
BRDA:34,1,0,0
BRDA:34,1,1,0
BRDA:34,2,0,0
BRDA:34,2,1,0
BRDA:48,3,0,3
BRDA:48,4,0,0
BRDA:48,4,1,3
BRDA:48,5,0,3
BRDA:48,5,1,3
BRDA:96,6,0,2
BRDA:96,6,1,2
BRDA:96,7,0,0
BRDA:96,7,1,2
BRDA:96,8,0,2
BRDA:96,8,1,2
BRDA:104,9,0,0
BRF:17
BRH:10
end_of_record
TN:
SF:src/commercetools/commercetools-connector.service.ts
FN:30,(anonymous_5)
FN:69,(anonymous_6)
FN:70,(anonymous_7)
FN:70,(anonymous_8)
FN:79,(anonymous_9)
FN:80,(anonymous_10)
FN:80,(anonymous_11)
FN:86,(anonymous_12)
FN:87,(anonymous_13)
FN:87,(anonymous_14)
FN:100,(anonymous_15)
FN:105,(anonymous_16)
FNF:12
FNH:5
FNDA:8,(anonymous_5)
FNDA:4,(anonymous_6)
FNDA:0,(anonymous_7)
FNDA:0,(anonymous_8)
FNDA:8,(anonymous_9)
FNDA:0,(anonymous_10)
FNDA:0,(anonymous_11)
FNDA:4,(anonymous_12)
FNDA:0,(anonymous_13)
FNDA:0,(anonymous_14)
FNDA:0,(anonymous_15)
FNDA:4,(anonymous_16)
DA:1,99
DA:2,99
DA:3,99
DA:4,99
DA:5,99
DA:15,99
DA:20,99
DA:29,99
DA:31,8
DA:32,8
DA:34,8
DA:37,8
DA:40,8
DA:43,8
DA:46,8
DA:48,8
DA:52,8
DA:54,8
DA:64,8
DA:70,4
DA:71,0
DA:73,0
DA:74,0
DA:75,0
DA:80,8
DA:81,0
DA:82,0
DA:87,4
DA:88,0
DA:89,0
DA:90,0
DA:91,0
DA:92,0
DA:96,0
DA:101,0
DA:102,0
DA:106,4
DA:107,0
DA:110,4
DA:111,4
DA:122,4
DA:123,0
DA:126,4
DA:127,4
DA:130,4
DA:131,4
DA:133,4
LF:47
LH:31
BRDA:102,0,0,0
BRDA:102,0,1,0
BRDA:102,1,0,0
BRDA:102,1,1,0
BRDA:106,2,0,0
BRDA:122,3,0,0
BRF:6
BRH:0
end_of_record
TN:
SF:src/commercetools/commercetools.service.ts
FN:26,(anonymous_3)
FN:34,(anonymous_4)
FN:38,(anonymous_5)
FN:53,(anonymous_6)
FN:104,(anonymous_7)
FN:138,(anonymous_8)
FN:174,(anonymous_9)
FNF:7
FNH:6
FNDA:68,(anonymous_3)
FNDA:58,(anonymous_4)
FNDA:54,(anonymous_5)
FNDA:47,(anonymous_6)
FNDA:4,(anonymous_7)
FNDA:0,(anonymous_8)
FNDA:2,(anonymous_9)
DA:1,34
DA:6,34
DA:7,34
DA:13,34
DA:15,34
DA:16,34
DA:17,34
DA:18,34
DA:19,34
DA:20,34
DA:21,34
DA:22,34
DA:25,34
DA:27,68
DA:28,68
DA:29,68
DA:30,68
DA:31,68
DA:35,58
DA:39,54
DA:41,68
DA:48,68
DA:57,47
DA:58,0
DA:61,47
DA:62,47
DA:63,47
DA:66,47
DA:67,47
DA:71,47
DA:73,47
DA:74,38
DA:81,47
DA:82,1
DA:85,1
DA:90,46
DA:95,46
DA:97,46
DA:98,46
DA:108,4
DA:109,0
DA:111,4
DA:115,1
DA:117,3
DA:118,6
DA:119,6
DA:122,6
DA:123,0
DA:126,3
DA:127,1
DA:130,1
DA:133,2
DA:134,2
DA:135,2
DA:141,0
DA:142,0
DA:147,0
DA:149,0
DA:150,0
DA:151,0
DA:154,0
DA:156,0
DA:157,0
DA:160,0
DA:164,0
DA:166,0
DA:167,0
DA:170,0
DA:175,2
DA:176,2
DA:177,1
DA:178,1
DA:179,1
DA:182,1
LF:74
LH:57
BRDA:42,0,0,18
BRDA:42,0,1,50
BRDA:57,1,0,0
BRDA:68,2,0,7
BRDA:68,2,1,40
BRDA:68,3,0,47
BRDA:68,3,1,45
BRDA:73,4,0,38
BRDA:76,5,0,0
BRDA:76,5,1,38
BRDA:76,6,0,38
BRDA:76,6,1,38
BRDA:81,7,0,1
BRDA:108,8,0,0
BRDA:108,9,0,0
BRDA:108,9,1,4
BRDA:108,10,0,4
BRDA:108,10,1,4
BRDA:108,11,0,0
BRDA:108,11,1,4
BRDA:108,12,0,4
BRDA:108,12,1,4
BRDA:108,13,0,0
BRDA:108,13,1,4
BRDA:108,14,0,4
BRDA:108,14,1,4
BRDA:108,15,0,0
BRDA:108,15,1,4
BRDA:108,16,0,4
BRDA:108,16,1,4
BRDA:111,17,0,1
BRDA:122,18,0,0
BRDA:126,19,0,1
BRDA:141,20,0,0
BRDA:150,21,0,0
BRDA:176,22,0,1
BRF:36
BRH:26
end_of_record
TN:
SF:src/commercetools/handle-timeout-interceptor.service.ts
FN:15,(anonymous_2)
FN:20,(anonymous_3)
FN:30,(anonymous_4)
FNF:3
FNH:2
FNDA:9,(anonymous_2)
FNDA:2,(anonymous_3)
FNDA:0,(anonymous_4)
DA:1,4
DA:9,4
DA:10,4
DA:14,4
DA:16,9
DA:17,9
DA:24,2
DA:25,2
DA:26,1
DA:28,1
DA:29,1
DA:31,0
DA:32,0
DA:37,0
DA:38,0
LF:15
LH:11
BRDA:24,0,0,0
BRDA:24,0,1,2
BRDA:24,1,0,2
BRDA:24,1,1,2
BRDA:24,2,0,0
BRDA:24,2,1,2
BRDA:24,3,0,2
BRDA:24,3,1,2
BRDA:24,4,0,0
BRDA:24,4,1,2
BRDA:24,5,0,2
BRDA:24,5,1,2
BRDA:25,6,0,1
BRDA:25,7,0,2
BRDA:25,7,1,2
BRDA:25,8,0,0
BRDA:25,8,1,2
BRDA:25,9,0,2
BRDA:25,9,1,2
BRDA:25,10,0,0
BRDA:25,10,1,2
BRDA:25,11,0,2
BRDA:25,11,1,2
BRF:23
BRH:18
end_of_record
TN:
SF:src/commercetools/types.ts
FN:19,(anonymous_0)
FNF:1
FNH:1
FNDA:34,(anonymous_0)
DA:19,34
DA:20,34
DA:21,34
LF:3
LH:3
BRDA:19,0,0,34
BRDA:19,0,1,34
BRF:2
BRH:2
end_of_record
TN:
SF:src/commercetools/custom-types/coupon-type-definition.ts
FNF:0
FNH:0
DA:3,53
DA:39,53
LF:2
LH:2
BRF:0
BRH:0
end_of_record
TN:
SF:src/commercetools/custom-types/custom-types.service.ts
FN:11,(anonymous_2)
FN:16,(anonymous_3)
FN:34,(anonymous_4)
FN:54,(anonymous_5)
FN:71,(anonymous_6)
FN:73,(anonymous_7)
FN:83,(anonymous_8)
FN:97,(anonymous_9)
FN:122,(anonymous_10)
FNF:9
FNH:6
FNDA:21,(anonymous_2)
FNDA:3,(anonymous_3)
FNDA:1,(anonymous_4)
FNDA:2,(anonymous_5)
FNDA:8,(anonymous_6)
FNDA:24,(anonymous_7)
FNDA:0,(anonymous_8)
FNDA:0,(anonymous_9)
FNDA:0,(anonymous_10)
DA:1,53
DA:2,53
DA:4,53
DA:10,53
DA:12,21
DA:13,21
DA:17,3
DA:18,3
DA:22,3
DA:26,0
DA:27,0
DA:29,3
DA:30,3
DA:31,3
DA:35,1
DA:39,1
DA:43,1
DA:45,1
DA:51,1
DA:57,2
DA:61,2
DA:63,2
DA:64,0
DA:67,0
DA:70,2
DA:72,8
DA:73,24
DA:77,2
DA:78,0
DA:82,0
DA:83,0
DA:88,0
DA:90,2
DA:94,2
DA:98,0
DA:100,0
DA:104,0
DA:105,0
DA:106,0
DA:111,0
DA:114,0
DA:119,0
DA:126,0
DA:128,0
DA:139,0
DA:140,0
DA:144,0
DA:146,0
DA:148,0
DA:153,0
LF:50
LH:26
BRDA:22,0,0,0
BRDA:23,1,0,3
BRDA:23,1,1,3
BRDA:24,2,0,0
BRDA:24,2,1,3
BRDA:24,3,0,3
BRDA:24,3,1,3
BRDA:43,4,0,1
BRDA:43,4,1,1
BRDA:46,5,0,1
BRDA:46,5,1,0
BRDA:63,6,0,0
BRDA:77,7,0,0
BRDA:104,8,0,0
BRDA:139,9,0,0
BRF:15
BRH:8
end_of_record
TN:
SF:src/commercetools/dto/CartOrder.dto.ts
FN:42,(anonymous_2)
FN:86,(anonymous_3)
FN:98,(anonymous_4)
FN:104,(anonymous_5)
FNF:4
FNH:0
FNDA:0,(anonymous_2)
FNDA:0,(anonymous_3)
FNDA:0,(anonymous_4)
FNDA:0,(anonymous_5)
DA:1,3
DA:28,3
DA:31,3
DA:32,3
DA:37,3
DA:40,3
DA:42,0
DA:45,3
DA:62,3
DA:80,3
DA:84,3
DA:86,0
DA:90,3
DA:91,3
DA:96,3
DA:98,0
DA:102,3
DA:103,3
DA:104,0
DA:107,3
LF:20
LH:16
BRDA:98,0,0,0
BRDA:98,0,1,0
BRF:2
BRH:0
end_of_record
TN:
SF:src/commercetools/store-actions/cart-update-actions.ts
FN:20,(anonymous_1)
FN:22,(anonymous_2)
FN:26,(anonymous_3)
FN:30,(anonymous_4)
FN:34,(anonymous_5)
FN:38,(anonymous_6)
FN:42,(anonymous_7)
FN:46,(anonymous_8)
FN:50,(anonymous_9)
FN:54,(anonymous_10)
FN:58,(anonymous_11)
FN:63,(anonymous_12)
FN:68,(anonymous_13)
FN:72,(anonymous_14)
FN:74,(anonymous_15)
FN:75,(anonymous_16)
FN:78,(anonymous_17)
FN:84,(anonymous_18)
FN:93,(anonymous_19)
FN:95,(anonymous_20)
FN:110,(anonymous_21)
FN:112,(anonymous_22)
FN:114,(anonymous_23)
FN:124,(anonymous_24)
FN:129,(anonymous_25)
FN:149,(anonymous_26)
FNF:26
FNH:26
FNDA:47,(anonymous_1)
FNDA:38,(anonymous_2)
FNDA:47,(anonymous_3)
FNDA:47,(anonymous_4)
FNDA:47,(anonymous_5)
FNDA:45,(anonymous_6)
FNDA:38,(anonymous_7)
FNDA:37,(anonymous_8)
FNDA:38,(anonymous_9)
FNDA:41,(anonymous_10)
FNDA:38,(anonymous_11)
FNDA:47,(anonymous_12)
FNDA:47,(anonymous_13)
FNDA:46,(anonymous_14)
FNDA:138,(anonymous_15)
FNDA:324,(anonymous_16)
FNDA:37,(anonymous_17)
FNDA:26,(anonymous_18)
FNDA:22,(anonymous_19)
FNDA:22,(anonymous_20)
FNDA:22,(anonymous_21)
FNDA:26,(anonymous_22)
FNDA:26,(anonymous_23)
FNDA:37,(anonymous_24)
FNDA:26,(anonymous_25)
FNDA:138,(anonymous_26)
DA:12,34
DA:13,34
DA:16,34
DA:18,34
DA:20,34
DA:23,38
DA:27,47
DA:31,47
DA:35,47
DA:37,47
DA:39,45
DA:41,47
DA:43,38
DA:45,47
DA:47,37
DA:49,47
DA:51,38
DA:53,47
DA:55,41
DA:59,38
DA:64,47
DA:69,47
DA:73,46
DA:74,138
DA:75,324
DA:84,37
DA:85,26
DA:87,37
DA:92,37
DA:94,22
DA:95,22
DA:97,22
DA:98,0
DA:100,22
DA:105,22
DA:110,22
DA:111,37
DA:113,26
DA:114,26
DA:118,37
DA:128,37
DA:129,26
DA:131,37
DA:132,15
DA:134,22
DA:150,138
DA:151,138
LF:47
LH:46
BRDA:97,0,0,0
BRDA:102,1,0,0
BRDA:102,1,1,22
BRDA:102,2,0,22
BRDA:102,2,1,22
BRDA:131,3,0,15
BRDA:155,4,0,114
BRDA:155,4,1,24
BRDA:155,5,0,138
BRDA:155,5,1,138
BRDA:157,6,0,138
BRDA:157,6,1,0
BRDA:157,7,0,138
BRDA:157,7,1,138
BRDA:159,8,0,126
BRDA:159,8,1,12
BRDA:159,9,0,138
BRDA:159,9,1,24
BRF:18
BRH:15
end_of_record
TN:
SF:src/commercetools/store-actions/order-paid-actions.ts
FN:10,(anonymous_8)
FN:14,(anonymous_9)
FN:26,(anonymous_10)
FN:31,(anonymous_11)
FN:40,(anonymous_12)
FN:43,(anonymous_13)
FN:53,(anonymous_14)
FN:56,(anonymous_15)
FN:61,(anonymous_16)
FN:70,(anonymous_17)
FN:74,(anonymous_18)
FN:79,(anonymous_19)
FN:95,(anonymous_20)
FN:96,(anonymous_21)
FNF:14
FNH:14
FNDA:9,(anonymous_8)
FNDA:2,(anonymous_9)
FNDA:1,(anonymous_10)
FNDA:10,(anonymous_11)
FNDA:1,(anonymous_12)
FNDA:1,(anonymous_13)
FNDA:1,(anonymous_14)
FNDA:10,(anonymous_15)
FNDA:8,(anonymous_16)
FNDA:1,(anonymous_17)
FNDA:1,(anonymous_18)
FNDA:1,(anonymous_19)
FNDA:1,(anonymous_20)
FNDA:1,(anonymous_21)
DA:4,35
DA:5,35
DA:6,35
DA:8,35
DA:10,35
DA:11,9
DA:12,6
DA:13,3
DA:14,1
DA:15,2
DA:16,0
DA:18,2
DA:20,2
DA:21,2
DA:23,9
DA:26,35
DA:30,1
DA:32,10
DA:35,1
DA:36,0
DA:38,1
DA:40,1
DA:44,1
DA:53,35
DA:54,1
DA:57,10
DA:62,8
DA:67,35
DA:71,1
DA:75,1
DA:83,1
DA:88,1
DA:89,1
DA:90,1
DA:91,3
DA:92,1
DA:94,1
DA:95,1
DA:96,1
DA:99,1
LF:40
LH:38
BRDA:11,0,0,6
BRDA:11,0,1,3
BRDA:13,1,0,1
BRDA:13,1,1,2
BRDA:15,2,0,0
BRDA:20,3,0,2
BRDA:32,4,0,10
BRDA:32,4,1,4
BRDA:35,5,0,0
BRDA:35,6,0,1
BRDA:35,6,1,1
BRDA:35,7,0,0
BRDA:35,7,1,1
BRDA:35,8,0,1
BRDA:35,8,1,1
BRDA:35,9,0,0
BRDA:35,9,1,1
BRDA:35,10,0,1
BRDA:35,10,1,1
BRDA:40,11,0,0
BRDA:40,11,1,1
BRDA:40,12,0,1
BRDA:40,12,1,1
BRDA:57,13,0,10
BRDA:57,13,1,9
BRDA:75,14,0,0
BRDA:75,14,1,1
BRDA:75,15,0,1
BRDA:75,15,1,1
BRDA:88,16,0,1
BRDA:90,17,0,1
BRDA:90,17,1,0
BRDA:90,18,0,1
BRDA:90,18,1,1
BRDA:90,19,0,0
BRDA:90,19,1,1
BRDA:90,20,0,1
BRDA:90,20,1,1
BRDA:90,21,0,0
BRDA:90,21,1,1
BRDA:90,22,0,1
BRDA:90,22,1,1
BRDA:95,23,0,0
BRDA:95,23,1,1
BRDA:95,24,0,1
BRDA:95,24,1,1
BRF:46
BRH:36
end_of_record
TN:
SF:src/commercetools/store-actions/cart-update-actions/CartAction.ts
FNF:0
FNH:0
DA:157,34
LF:1
LH:1
BRF:0
BRH:0
end_of_record
TN:
SF:src/commercetools/store-actions/cart-update-actions/addDirectDiscountWithDiscountSummary.ts
FN:8,(anonymous_0)
FN:9,(anonymous_1)
FN:14,addDirectDiscountWithDiscountSummary
FN:30,(anonymous_3)
FN:53,(anonymous_4)
FNF:5
FNH:5
FNDA:8,(anonymous_0)
FNDA:18,(anonymous_1)
FNDA:8,addDirectDiscountWithDiscountSummary
FNDA:15,(anonymous_3)
FNDA:24,(anonymous_4)
DA:6,34
DA:8,34
DA:9,8
DA:10,18
DA:11,14
DA:14,34
DA:18,8
DA:19,8
DA:20,0
DA:26,8
DA:28,8
DA:30,8
DA:31,15
DA:32,3
DA:50,3
DA:53,12
DA:54,24
DA:55,0
DA:58,24
DA:59,14
DA:80,8
LF:21
LH:19
BRDA:10,0,0,4
BRDA:10,1,0,0
BRDA:10,1,1,18
BRDA:10,2,0,18
BRDA:10,2,1,18
BRDA:10,3,0,0
BRDA:10,3,1,18
BRDA:10,4,0,18
BRDA:10,4,1,18
BRDA:19,5,0,0
BRDA:31,6,0,3
BRDA:42,7,0,3
BRDA:42,7,1,0
BRDA:42,7,2,0
BRDA:42,8,0,0
BRDA:42,8,1,3
BRDA:42,9,0,3
BRDA:42,9,1,3
BRDA:42,10,0,0
BRDA:42,10,1,3
BRDA:42,11,0,3
BRDA:42,11,1,3
BRDA:43,12,0,0
BRDA:43,12,1,0
BRDA:43,13,0,0
BRDA:43,13,1,0
BRDA:54,14,0,0
BRDA:58,15,0,14
BRDA:58,16,0,0
BRDA:58,16,1,24
BRDA:58,17,0,24
BRDA:58,17,1,24
BRDA:62,18,0,11
BRDA:62,18,1,3
BRDA:62,19,0,0
BRDA:62,19,1,14
BRDA:62,20,0,14
BRDA:62,20,1,14
BRDA:62,21,0,0
BRDA:62,21,1,14
BRDA:62,22,0,14
BRDA:62,22,1,14
BRDA:63,23,0,0
BRDA:63,23,1,11
BRDA:63,24,0,11
BRDA:63,24,1,11
BRDA:63,25,0,0
BRDA:63,25,1,11
BRDA:63,26,0,11
BRDA:63,26,1,11
BRF:50
BRH:33
end_of_record
TN:
SF:src/commercetools/store-actions/cart-update-actions/getCartActionBuilders.ts
FN:6,getCartActionBuilders
FNF:1
FNH:1
FNDA:46,getCartActionBuilders
DA:2,34
DA:3,34
DA:4,34
DA:6,34
DA:7,46
DA:9,46
DA:13,46
LF:7
LH:7
BRF:0
BRH:0
end_of_record
TN:
SF:src/commercetools/store-actions/cart-update-actions/builderActions/applyDiscounts.ts
FN:15,addCustomLineItemWithDiscountSummary
FN:21,(anonymous_2)
FN:22,(anonymous_3)
FN:67,removeDiscountedCustomLineItems
FN:71,(anonymous_5)
FN:72,(anonymous_6)
FN:80,applyDiscounts
FNF:7
FNH:7
FNDA:38,addCustomLineItemWithDiscountSummary
FNDA:5,(anonymous_2)
FNDA:1,(anonymous_3)
FNDA:46,removeDiscountedCustomLineItems
FNDA:5,(anonymous_5)
FNDA:4,(anonymous_6)
FNDA:46,applyDiscounts
DA:2,34
DA:9,34
DA:10,34
DA:11,34
DA:12,34
DA:20,38
DA:21,5
DA:22,1
DA:23,38
DA:26,38
DA:28,38
DA:30,30
DA:31,30
DA:32,30
DA:33,30
DA:34,30
DA:38,30
DA:41,30
DA:47,30
DA:49,30
DA:70,46
DA:71,5
DA:73,4
DA:80,34
DA:83,46
DA:85,46
DA:87,46
DA:88,38
DA:97,46
DA:98,8
DA:107,46
LF:31
LH:31
BRDA:22,0,0,0
BRDA:22,0,1,1
BRDA:22,1,0,1
BRDA:22,1,1,1
BRDA:23,2,0,0
BRDA:28,3,0,8
BRDA:55,4,0,27
BRDA:55,4,1,3
BRDA:70,5,0,46
BRDA:70,5,1,0
BRDA:87,6,0,38
BRDA:97,7,0,8
BRF:12
BRH:9
end_of_record
TN:
SF:src/commercetools/store-actions/cart-update-actions/builderActions/lineItemsAndTheirCustomFields.ts
FN:13,removeDuplicatedAddLineItems
FN:28,mergeUniqueSetLineItemCustomTypeActions
FN:33,(anonymous_3)
FN:35,(anonymous_4)
FN:36,(anonymous_5)
FN:41,(anonymous_6)
FN:51,(anonymous_7)
FN:56,(anonymous_8)
FN:70,(anonymous_9)
FN:73,(anonymous_10)
FN:80,(anonymous_11)
FN:83,lineItemsAndTheirCustomFields
FN:96,(anonymous_13)
FN:103,(anonymous_14)
FN:115,(anonymous_15)
FN:121,(anonymous_16)
FNF:16
FNH:16
FNDA:46,removeDuplicatedAddLineItems
FNDA:46,mergeUniqueSetLineItemCustomTypeActions
FNDA:116,(anonymous_3)
FNDA:96,(anonymous_4)
FNDA:65,(anonymous_5)
FNDA:7,(anonymous_6)
FNDA:71,(anonymous_7)
FNDA:58,(anonymous_8)
FNDA:108,(anonymous_9)
FNDA:71,(anonymous_10)
FNDA:58,(anonymous_11)
FNDA:46,lineItemsAndTheirCustomFields
FNDA:97,(anonymous_13)
FNDA:14,(anonymous_14)
FNDA:39,(anonymous_15)
FNDA:39,(anonymous_16)
DA:9,34
DA:10,34
DA:11,34
DA:16,46
DA:17,46
DA:18,46
DA:19,10
DA:20,10
DA:21,10
DA:25,46
DA:33,46
DA:34,116
DA:35,96
DA:36,65
DA:40,46
DA:42,7
DA:49,46
DA:51,71
DA:55,46
DA:57,58
DA:62,58
DA:71,108
DA:74,71
DA:80,58
DA:83,34
DA:87,46
DA:91,46
DA:93,46
DA:96,97
DA:98,46
DA:102,46
DA:103,14
DA:107,46
DA:113,46
DA:115,39
DA:119,46
DA:122,39
LF:37
LH:37
BRDA:19,0,0,10
BRDA:57,1,0,58
BRDA:96,2,0,0
BRDA:96,2,1,97
BRDA:96,3,0,97
BRDA:96,3,1,97
BRDA:103,4,0,0
BRDA:103,4,1,14
BRDA:103,5,0,14
BRDA:103,5,1,14
BRDA:115,6,0,0
BRDA:115,6,1,39
BRDA:115,7,0,39
BRDA:115,7,1,39
BRDA:123,8,0,0
BRDA:123,8,1,39
BRDA:123,9,0,39
BRDA:123,9,1,39
BRF:18
BRH:14
end_of_record
TN:
SF:src/commercetools/store-actions/cart-update-actions/builderActions/setCustomFields.ts
FN:18,setSessionAsCustomField
FN:36,getShippingProductSourceIds
FN:42,(anonymous_2)
FN:43,(anonymous_3)
FN:45,(anonymous_4)
FN:52,(anonymous_5)
FN:57,addShippingProductSourceIds
FN:69,setCouponsLimit
FN:79,updateDiscountsCodes
FN:93,(anonymous_9)
FN:110,(anonymous_10)
FN:122,(anonymous_11)
FN:137,(anonymous_12)
FN:143,setCustomFields
FNF:14
FNH:12
FNDA:46,setSessionAsCustomField
FNDA:46,getShippingProductSourceIds
FNDA:58,(anonymous_2)
FNDA:26,(anonymous_3)
FNDA:0,(anonymous_4)
FNDA:26,(anonymous_5)
FNDA:46,addShippingProductSourceIds
FNDA:46,setCouponsLimit
FNDA:46,updateDiscountsCodes
FNDA:58,(anonymous_9)
FNDA:0,(anonymous_10)
FNDA:4,(anonymous_11)
FNDA:64,(anonymous_12)
FNDA:46,setCustomFields
DA:12,34
DA:16,34
DA:21,46
DA:23,46
DA:25,46
DA:26,35
DA:29,11
DA:39,46
DA:42,58
DA:44,26
DA:45,0
DA:46,0
DA:49,26
DA:52,26
DA:60,46
DA:72,46
DA:85,46
DA:86,46
DA:87,46
DA:91,46
DA:95,58
DA:96,58
DA:109,0
DA:110,0
DA:113,58
DA:123,4
DA:133,46
DA:137,64
DA:143,34
DA:146,46
DA:148,46
DA:149,46
DA:150,46
DA:151,46
DA:153,46
LF:35
LH:31
BRDA:23,0,0,35
BRDA:23,0,1,11
BRDA:23,1,0,46
BRDA:23,1,1,46
BRDA:23,2,0,0
BRDA:23,2,1,46
BRDA:23,3,0,46
BRDA:23,3,1,46
BRDA:23,4,0,0
BRDA:23,4,1,46
BRDA:23,5,0,46
BRDA:23,5,1,46
BRDA:25,6,0,35
BRDA:25,7,0,46
BRDA:25,7,1,38
BRDA:42,8,0,0
BRDA:42,8,1,58
BRDA:42,9,0,58
BRDA:42,9,1,58
BRDA:44,10,0,0
BRDA:44,10,1,26
BRDA:44,11,0,0
BRDA:44,11,1,26
BRDA:44,12,0,26
BRDA:44,12,1,26
BRDA:46,13,0,0
BRDA:46,13,1,0
BRDA:46,14,0,0
BRDA:46,14,1,0
BRDA:46,15,0,0
BRDA:46,15,1,0
BRDA:46,16,0,0
BRDA:46,16,1,0
BRDA:49,17,0,0
BRDA:49,17,1,26
BRDA:49,18,0,26
BRDA:49,18,1,26
BRDA:49,19,0,0
BRDA:49,19,1,26
BRDA:49,20,0,26
BRDA:49,20,1,26
BRDA:88,21,0,46
BRDA:88,21,1,0
BRDA:88,22,0,46
BRDA:88,22,1,46
BRDA:88,23,0,0
BRDA:88,23,1,46
BRDA:88,24,0,46
BRDA:88,24,1,46
BRDA:88,25,0,0
BRDA:88,25,1,46
BRDA:88,26,0,46
BRDA:88,26,1,46
BRDA:95,27,0,58
BRDA:95,27,1,0
BRDA:95,28,0,0
BRDA:95,28,1,58
BRDA:95,29,0,58
BRDA:95,29,1,58
BRDA:97,30,0,0
BRDA:97,30,1,58
BRDA:97,31,0,0
BRDA:97,31,1,58
BRDA:97,32,0,58
BRDA:97,32,1,58
BRDA:99,33,0,58
BRDA:99,33,1,0
BRDA:100,34,0,58
BRDA:100,34,1,35
BRDA:100,34,2,0
BRDA:100,35,0,0
BRDA:100,35,1,58
BRDA:100,36,0,58
BRDA:100,36,1,58
BRDA:101,37,0,0
BRDA:101,37,1,35
BRDA:101,38,0,35
BRDA:101,38,1,35
BRDA:102,39,0,0
BRDA:102,39,1,0
BRDA:102,40,0,0
BRDA:102,40,1,0
BRDA:104,41,0,58
BRDA:104,41,1,35
BRDA:104,41,2,0
BRDA:104,42,0,0
BRDA:104,42,1,58
BRDA:104,43,0,58
BRDA:104,43,1,58
BRDA:105,44,0,0
BRDA:105,44,1,35
BRDA:105,45,0,35
BRDA:105,45,1,35
BRDA:106,46,0,0
BRDA:106,46,1,0
BRDA:106,47,0,0
BRDA:106,47,1,0
BRDA:107,48,0,0
BRDA:107,48,1,0
BRDA:107,49,0,0
BRDA:107,49,1,0
BRDA:107,50,0,0
BRDA:107,50,1,0
BRDA:107,51,0,0
BRDA:107,51,1,0
BRDA:107,52,0,0
BRDA:107,52,1,0
BRDA:109,53,0,0
BRDA:109,53,1,0
BRDA:109,54,0,0
BRDA:109,54,1,0
BRDA:115,55,0,58
BRDA:115,55,1,57
BRDA:126,56,0,4
BRDA:126,56,1,0
BRDA:126,57,0,0
BRDA:126,57,1,4
BRDA:126,58,0,4
BRDA:126,58,1,4
BRDA:126,59,0,0
BRDA:126,59,1,4
BRDA:126,60,0,4
BRDA:126,60,1,4
BRDA:127,61,0,0
BRDA:127,61,1,4
BRDA:127,62,0,4
BRDA:127,62,1,4
BRDA:127,63,0,0
BRDA:127,63,1,4
BRDA:127,64,0,4
BRDA:127,64,1,4
BRDA:128,65,0,0
BRDA:128,65,1,0
BRDA:128,66,0,0
BRDA:128,66,1,0
BRDA:128,67,0,0
BRDA:128,67,1,0
BRDA:128,68,0,0
BRDA:128,68,1,0
BRF:139
BRH:75
end_of_record
TN:
SF:src/commercetools/store-actions/cart-update-actions/helpers/addFreeLineItems.ts
FN:12,toAppliedCode
FN:26,changeLineItemQuantity
FN:37,setLineItemCustomType
FN:56,addLineItem
FN:75,addFreeLineItems
FN:80,(anonymous_5)
FN:83,(anonymous_6)
FN:85,(anonymous_7)
FN:88,(anonymous_8)
FN:90,(anonymous_9)
FN:91,(anonymous_10)
FN:94,(anonymous_11)
FN:95,(anonymous_12)
FN:98,(anonymous_13)
FN:103,(anonymous_14)
FN:108,(anonymous_15)
FN:111,(anonymous_16)
FN:116,(anonymous_17)
FN:117,(anonymous_18)
FN:118,(anonymous_19)
FN:129,(anonymous_20)
FN:137,(anonymous_21)
FNF:22
FNH:22
FNDA:26,toAppliedCode
FNDA:13,changeLineItemQuantity
FNDA:13,setLineItemCustomType
FNDA:10,addLineItem
FNDA:46,addFreeLineItems
FNDA:58,(anonymous_5)
FNDA:26,(anonymous_6)
FNDA:42,(anonymous_7)
FNDA:3,(anonymous_8)
FNDA:3,(anonymous_9)
FNDA:3,(anonymous_10)
FNDA:34,(anonymous_11)
FNDA:36,(anonymous_12)
FNDA:13,(anonymous_13)
FNDA:25,(anonymous_14)
FNDA:25,(anonymous_15)
FNDA:19,(anonymous_16)
FNDA:14,(anonymous_17)
FNDA:14,(anonymous_18)
FNDA:14,(anonymous_19)
FNDA:26,(anonymous_20)
FNDA:26,(anonymous_21)
DA:10,34
DA:17,26
DA:30,13
DA:41,13
DA:61,10
DA:75,34
DA:79,46
DA:80,58
DA:83,46
DA:84,26
DA:85,42
DA:88,46
DA:89,3
DA:90,3
DA:91,3
DA:94,46
DA:95,36
DA:98,46
DA:99,13
DA:104,25
DA:105,25
DA:107,13
DA:108,25
DA:111,13
DA:112,19
DA:114,13
DA:115,8
DA:116,14
DA:117,14
DA:118,8
DA:119,14
DA:120,14
DA:121,14
DA:124,13
DA:127,46
DA:129,46
DA:130,26
DA:131,4
DA:133,22
DA:137,46
DA:138,26
DA:140,26
DA:141,11
DA:146,11
DA:147,3
DA:150,8
DA:151,0
DA:156,8
DA:160,15
DA:162,13
DA:166,13
DA:172,13
DA:178,2
DA:184,2
LF:54
LH:53
BRDA:48,0,0,0
BRDA:48,0,1,13
BRDA:89,1,0,0
BRDA:89,1,1,3
BRDA:89,2,0,3
BRDA:89,2,1,3
BRDA:89,3,0,0
BRDA:89,3,1,3
BRDA:89,4,0,3
BRDA:89,4,1,3
BRDA:89,5,0,0
BRDA:89,5,1,3
BRDA:89,6,0,3
BRDA:89,6,1,3
BRDA:89,7,0,0
BRDA:89,7,1,3
BRDA:89,8,0,3
BRDA:89,8,1,3
BRDA:95,9,0,10
BRDA:95,9,1,24
BRDA:95,10,0,34
BRDA:95,10,1,34
BRDA:95,11,0,10
BRDA:95,11,1,24
BRDA:95,12,0,34
BRDA:95,12,1,34
BRDA:95,13,0,10
BRDA:95,13,1,24
BRDA:95,14,0,34
BRDA:95,14,1,34
BRDA:95,15,0,0
BRDA:95,15,1,34
BRDA:95,16,0,34
BRDA:95,16,1,34
BRDA:100,17,0,8
BRDA:100,17,1,5
BRDA:100,18,0,5
BRDA:100,18,1,8
BRDA:100,19,0,13
BRDA:100,19,1,13
BRDA:114,20,0,8
BRDA:114,21,0,5
BRDA:114,21,1,8
BRDA:114,22,0,13
BRDA:114,22,1,13
BRDA:130,23,0,4
BRDA:130,23,1,22
BRDA:140,24,0,11
BRDA:144,25,0,11
BRDA:144,25,1,0
BRDA:144,26,0,11
BRDA:144,26,1,11
BRDA:146,27,0,3
BRDA:146,28,0,11
BRDA:146,28,1,3
BRDA:150,29,0,0
BRDA:160,30,0,13
BRDA:162,31,0,9
BRDA:162,31,1,4
BRDA:169,32,0,13
BRDA:169,32,1,0
BRDA:169,33,0,13
BRDA:169,33,1,13
BRDA:180,34,0,0
BRDA:180,34,1,2
BRDA:180,35,0,2
BRDA:180,35,1,2
BRF:67
BRH:57
end_of_record
TN:
SF:src/commercetools/store-actions/cart-update-actions/helpers/fixedPrice.ts
FN:13,getLineItemsFromApplicableCoupons
FN:14,(anonymous_1)
FN:19,(anonymous_2)
FN:21,(anonymous_3)
FN:27,getFixedCouponApplicableTo
FN:28,(anonymous_5)
FN:29,(anonymous_6)
FN:38,(anonymous_7)
FN:40,(anonymous_8)
FN:46,getLineItemsWithFixedAmount
FN:50,(anonymous_10)
FN:52,(anonymous_11)
FN:53,(anonymous_12)
FN:64,(anonymous_13)
FN:68,getLineItemCustomFieldActions
FN:74,(anonymous_15)
FN:76,(anonymous_16)
FN:87,(anonymous_17)
FN:99,(anonymous_18)
FN:100,(anonymous_19)
FN:106,(anonymous_20)
FN:107,(anonymous_21)
FN:110,(anonymous_22)
FN:119,mapValidateCouponsResultToLineProductsWithFixedAmount
FN:125,(anonymous_24)
FNF:25
FNH:24
FNDA:47,getLineItemsFromApplicableCoupons
FNDA:1,(anonymous_1)
FNDA:3,(anonymous_2)
FNDA:3,(anonymous_3)
FNDA:47,getFixedCouponApplicableTo
FNDA:1,(anonymous_5)
FNDA:1,(anonymous_6)
FNDA:0,(anonymous_7)
FNDA:1,(anonymous_8)
FNDA:47,getLineItemsWithFixedAmount
FNDA:1,(anonymous_10)
FNDA:2,(anonymous_11)
FNDA:1,(anonymous_12)
FNDA:1,(anonymous_13)
FNDA:47,getLineItemCustomFieldActions
FNDA:61,(anonymous_15)
FNDA:61,(anonymous_16)
FNDA:3,(anonymous_17)
FNDA:9,(anonymous_18)
FNDA:9,(anonymous_19)
FNDA:9,(anonymous_20)
FNDA:9,(anonymous_21)
FNDA:9,(anonymous_22)
FNDA:47,mapValidateCouponsResultToLineProductsWithFixedAmount
FNDA:61,(anonymous_24)
DA:14,47
DA:15,1
DA:19,47
DA:20,47
DA:21,3
DA:24,47
DA:28,47
DA:29,1
DA:30,1
DA:38,47
DA:39,47
DA:40,1
DA:43,47
DA:50,47
DA:51,1
DA:52,2
DA:54,1
DA:58,1
DA:64,1
DA:73,47
DA:74,61
DA:76,47
DA:77,61
DA:86,61
DA:88,3
DA:91,61
DA:92,1
DA:96,61
DA:97,61
DA:98,7
DA:99,9
DA:100,9
DA:101,7
DA:102,7
DA:103,9
DA:105,7
DA:106,9
DA:108,9
DA:110,7
DA:111,9
DA:115,61
DA:119,35
DA:122,47
DA:124,47
DA:125,61
DA:128,47
DA:129,47
DA:131,47
DA:136,47
LF:49
LH:49
BRDA:29,0,0,0
BRDA:29,0,1,1
BRDA:29,1,0,1
BRDA:29,1,1,1
BRDA:29,2,0,0
BRDA:29,2,1,1
BRDA:29,3,0,1
BRDA:29,3,1,1
BRDA:52,4,0,0
BRDA:52,4,1,2
BRDA:52,5,0,2
BRDA:52,5,1,2
BRDA:52,6,0,0
BRDA:52,6,1,2
BRDA:52,7,0,2
BRDA:52,7,1,2
BRDA:54,8,0,1
BRDA:91,9,0,1
BRDA:96,10,0,44
BRDA:96,10,1,17
BRDA:96,11,0,61
BRDA:96,11,1,61
BRDA:96,12,0,44
BRDA:96,12,1,17
BRDA:96,13,0,61
BRDA:96,13,1,61
BRDA:97,14,0,7
BRDA:97,15,0,53
BRDA:97,15,1,8
BRDA:97,16,0,61
BRDA:97,16,1,61
BRDA:125,17,0,0
BRDA:125,17,1,61
BRDA:125,18,0,61
BRDA:125,18,1,61
BRF:35
BRH:30
end_of_record
TN:
SF:src/commercetools/store-actions/cart-update-actions/helpers/removeFreeLineItemsForNonApplicableCoupon.ts
FN:3,removeFreeLineItemsForNonApplicableCoupon
FN:9,(anonymous_1)
FN:10,(anonymous_2)
FN:13,(anonymous_3)
FN:14,(anonymous_4)
FN:16,(anonymous_5)
FN:18,(anonymous_6)
FNF:7
FNH:7
FNDA:46,removeFreeLineItemsForNonApplicableCoupon
FNDA:58,(anonymous_1)
FNDA:7,(anonymous_2)
FNDA:9,(anonymous_3)
FNDA:9,(anonymous_4)
FNDA:9,(anonymous_5)
FNDA:15,(anonymous_6)
DA:3,34
DA:6,46
DA:7,46
DA:8,46
DA:9,58
DA:12,7
DA:13,9
DA:14,9
DA:17,9
DA:18,15
DA:22,7
DA:23,7
DA:30,7
DA:31,7
DA:39,46
LF:15
LH:15
BRDA:9,0,0,44
BRDA:9,0,1,14
BRDA:9,1,0,58
BRDA:9,1,1,58
BRDA:9,2,0,44
BRDA:9,2,1,14
BRDA:9,3,0,58
BRDA:9,3,1,58
BRDA:12,4,0,0
BRDA:12,4,1,7
BRDA:12,5,0,7
BRDA:12,5,1,7
BRDA:12,6,0,7
BRDA:12,6,1,0
BRDA:12,7,0,7
BRDA:12,7,1,7
BRDA:12,8,0,0
BRDA:12,8,1,7
BRDA:12,9,0,7
BRDA:12,9,1,7
BRDA:22,10,0,7
BRDA:30,11,0,7
BRF:22
BRH:19
end_of_record
TN:
SF:src/commercetools/tax-categories/tax-categories.service.ts
FN:12,(anonymous_2)
FN:19,(anonymous_3)
FN:35,(anonymous_4)
FN:42,(anonymous_5)
FN:82,(anonymous_6)
FN:92,(anonymous_7)
FN:99,(anonymous_8)
FN:113,(anonymous_9)
FN:120,(anonymous_10)
FN:127,(anonymous_11)
FN:131,(anonymous_12)
FN:171,(anonymous_13)
FN:176,(anonymous_14)
FN:177,(anonymous_15)
FN:180,(anonymous_16)
FN:182,(anonymous_17)
FN:192,(anonymous_18)
FN:193,(anonymous_19)
FN:198,(anonymous_20)
FNF:19
FNH:14
FNDA:17,(anonymous_2)
FNDA:1,(anonymous_3)
FNDA:3,(anonymous_4)
FNDA:2,(anonymous_5)
FNDA:1,(anonymous_6)
FNDA:4,(anonymous_7)
FNDA:4,(anonymous_8)
FNDA:0,(anonymous_9)
FNDA:0,(anonymous_10)
FNDA:0,(anonymous_11)
FNDA:0,(anonymous_12)
FNDA:1,(anonymous_13)
FNDA:4,(anonymous_14)
FNDA:16,(anonymous_15)
FNDA:4,(anonymous_16)
FNDA:10,(anonymous_17)
FNDA:4,(anonymous_18)
FNDA:16,(anonymous_19)
FNDA:0,(anonymous_20)
DA:1,55
DA:2,55
DA:11,55
DA:13,17
DA:14,17
DA:17,17
DA:22,1
DA:23,0
DA:24,0
DA:25,0
DA:28,1
DA:29,1
DA:30,0
DA:31,0
DA:32,0
DA:35,3
DA:36,0
DA:37,0
DA:39,1
DA:43,2
DA:44,0
DA:46,2
DA:47,2
DA:52,2
DA:53,2
DA:57,2
DA:60,0
DA:70,0
DA:71,0
DA:74,0
DA:79,0
DA:83,1
DA:85,1
DA:87,1
DA:89,1
DA:92,4
DA:95,1
DA:99,1
DA:100,4
DA:109,1
DA:111,1
DA:114,0
DA:121,0
DA:128,0
DA:131,0
DA:138,1
DA:143,1
DA:144,1
DA:147,0
DA:158,0
DA:159,0
DA:160,0
DA:162,0
DA:163,0
DA:168,0
DA:175,1
DA:177,16
DA:180,1
DA:181,4
DA:182,10
DA:184,4
DA:191,1
DA:193,16
DA:195,1
DA:202,0
DA:203,0
DA:223,0
DA:224,0
DA:225,0
DA:226,0
DA:227,0
DA:229,0
DA:233,0
LF:73
LH:39
BRDA:22,0,0,0
BRDA:29,1,0,0
BRDA:35,2,0,0
BRDA:35,3,0,0
BRDA:35,3,1,1
BRDA:35,4,0,1
BRDA:35,4,1,1
BRDA:35,5,0,0
BRDA:35,5,1,1
BRDA:35,6,0,1
BRDA:35,6,1,1
BRDA:43,7,0,0
BRDA:52,8,0,2
BRDA:52,9,0,2
BRDA:52,9,1,2
BRDA:70,10,0,0
BRDA:87,11,0,0
BRDA:87,11,1,1
BRDA:87,12,0,1
BRDA:87,12,1,1
BRDA:99,13,0,1
BRDA:99,13,1,0
BRDA:99,14,0,1
BRDA:99,14,1,1
BRDA:99,15,0,0
BRDA:99,15,1,1
BRDA:99,16,0,1
BRDA:99,16,1,1
BRDA:143,17,0,1
BRDA:159,18,0,0
BRDA:159,18,1,0
BRDA:175,19,0,0
BRDA:175,19,1,1
BRDA:175,20,0,1
BRDA:175,20,1,1
BRDA:177,21,0,0
BRDA:177,21,1,4
BRDA:177,22,0,4
BRDA:177,22,1,4
BRDA:185,23,0,4
BRDA:185,23,1,4
BRDA:185,23,2,4
BRDA:191,24,0,0
BRDA:191,24,1,1
BRDA:191,25,0,1
BRDA:191,25,1,1
BRDA:224,26,0,0
BRDA:224,26,1,0
BRF:48
BRH:31
end_of_record
TN:
SF:src/commercetools/utils/deleteObjectsFromObject.ts
FN:1,(anonymous_0)
FNF:1
FNH:1
FNDA:6,(anonymous_0)
DA:1,36
DA:2,6
DA:3,6
DA:4,496
DA:5,15
DA:8,6
LF:6
LH:6
BRDA:2,0,0,6
BRDA:2,1,0,6
BRDA:2,1,1,6
BRDA:4,2,0,15
BRF:4
BRH:4
end_of_record
TN:
SF:src/commercetools/utils/deserializeCoupons.ts
FN:3,deserializeCoupons
FNF:1
FNH:1
FNDA:172,deserializeCoupons
DA:3,36
DA:4,172
DA:5,171
DA:8,1
LF:4
LH:4
BRDA:4,0,0,171
BRF:1
BRH:1
end_of_record
TN:
SF:src/commercetools/utils/getCommercetoolstCurrentPriceAmount.ts
FN:4,(anonymous_0)
FN:22,(anonymous_1)
FN:32,getCommercetoolstCurrentPriceAmount
FN:41,(anonymous_3)
FN:48,(anonymous_4)
FN:50,(anonymous_5)
FN:54,(anonymous_6)
FN:58,(anonymous_7)
FN:61,(anonymous_8)
FNF:9
FNH:9
FNDA:5,(anonymous_0)
FNDA:5,(anonymous_1)
FNDA:23,getCommercetoolstCurrentPriceAmount
FNDA:29,(anonymous_3)
FNDA:17,(anonymous_4)
FNDA:33,(anonymous_5)
FNDA:23,(anonymous_6)
FNDA:5,(anonymous_7)
FNDA:5,(anonymous_8)
DA:4,35
DA:5,5
DA:6,1
DA:8,4
DA:9,0
DA:11,4
DA:12,0
DA:16,0
DA:19,4
DA:22,35
DA:23,5
DA:24,0
DA:29,5
DA:32,35
DA:37,23
DA:41,29
DA:46,23
DA:47,23
DA:49,17
DA:52,33
DA:56,23
DA:59,5
DA:62,5
LF:23
LH:19
BRDA:5,0,0,1
BRDA:5,1,0,5
BRDA:5,1,1,5
BRDA:5,2,0,0
BRDA:5,2,1,5
BRDA:5,3,0,5
BRDA:5,3,1,5
BRDA:5,4,0,0
BRDA:5,4,1,5
BRDA:5,5,0,5
BRDA:5,5,1,5
BRDA:8,6,0,0
BRDA:8,7,0,4
BRDA:8,7,1,0
BRDA:8,8,0,0
BRDA:8,8,1,0
BRDA:8,9,0,0
BRDA:8,9,1,0
BRDA:12,10,0,0
BRDA:13,11,0,0
BRDA:13,11,1,0
BRDA:23,12,0,0
BRDA:25,13,0,0
BRDA:25,13,1,0
BRDA:25,14,0,0
BRDA:25,14,1,0
BRDA:25,15,0,0
BRDA:25,15,1,0
BRDA:25,16,0,0
BRDA:25,16,1,0
BRDA:25,17,0,0
BRDA:25,17,1,0
BRDA:26,18,0,0
BRDA:26,18,1,0
BRDA:26,19,0,0
BRDA:26,19,1,0
BRDA:26,20,0,0
BRDA:26,20,1,0
BRDA:26,21,0,0
BRDA:26,21,1,0
BRDA:29,22,0,0
BRDA:29,22,1,5
BRDA:29,23,0,5
BRDA:29,23,1,5
BRDA:38,24,0,23
BRDA:38,24,1,0
BRDA:48,25,0,23
BRDA:48,25,1,22
BRDA:48,26,0,22
BRDA:48,26,1,1
BRDA:48,27,0,23
BRDA:48,27,1,23
BRDA:48,28,0,22
BRDA:48,28,1,1
BRDA:48,29,0,23
BRDA:48,29,1,23
BRDA:48,30,0,0
BRDA:48,30,1,23
BRDA:48,31,0,23
BRDA:48,31,1,23
BRDA:52,32,0,0
BRDA:52,32,1,33
BRDA:52,33,0,33
BRDA:52,33,1,33
BRDA:52,34,0,0
BRDA:52,34,1,33
BRDA:52,35,0,33
BRDA:52,35,1,33
BRDA:56,36,0,0
BRDA:56,36,1,23
BRDA:56,37,0,23
BRDA:56,37,1,23
BRF:72
BRH:36
end_of_record
TN:
SF:src/commercetools/utils/getCouponsFromCartOrOrder.ts
FN:7,getCouponsFromCartOrOrder
FN:13,(anonymous_1)
FNF:2
FNH:2
FNDA:49,getCouponsFromCartOrOrder
FNDA:87,(anonymous_1)
DA:4,35
DA:5,35
DA:7,35
DA:10,49
DA:14,87
DA:16,49
LF:6
LH:6
BRDA:10,0,0,49
BRDA:10,0,1,0
BRDA:10,1,0,49
BRDA:10,1,1,49
BRDA:10,2,0,0
BRDA:10,2,1,49
BRDA:10,3,0,49
BRDA:10,3,1,49
BRDA:10,4,0,0
BRDA:10,4,1,49
BRDA:10,5,0,49
BRDA:10,5,1,49
BRDA:14,6,0,87
BRDA:14,6,1,87
BRF:14
BRH:11
end_of_record
TN:
SF:src/commercetools/utils/mappers/getCustomerFromCtOrder.ts
FN:3,getCustomerFromCtOrder
FNF:1
FNH:1
FNDA:1,getCustomerFromCtOrder
DA:3,35
DA:4,1
LF:2
LH:2
BRDA:5,0,0,1
BRDA:5,0,1,1
BRDA:6,1,0,0
BRDA:6,1,1,1
BRDA:6,2,0,1
BRDA:6,2,1,1
BRDA:6,3,0,0
BRDA:6,3,1,1
BRDA:6,4,0,1
BRDA:6,4,1,1
BRDA:7,5,0,0
BRDA:7,5,1,1
BRDA:7,6,0,1
BRDA:7,6,1,1
BRDA:9,7,0,0
BRDA:9,7,1,1
BRDA:9,8,0,1
BRDA:9,8,1,1
BRDA:10,9,0,0
BRDA:10,9,1,1
BRDA:10,10,0,1
BRDA:10,10,1,1
BRDA:11,11,0,0
BRDA:11,11,1,1
BRDA:11,12,0,1
BRDA:11,12,1,1
BRDA:12,13,0,0
BRDA:12,13,1,1
BRDA:12,14,0,1
BRDA:12,14,1,1
BRDA:14,15,0,0
BRDA:14,15,1,1
BRDA:14,16,0,1
BRDA:14,16,1,1
BRF:34
BRH:26
end_of_record
TN:
SF:src/commercetools/utils/mappers/getPriceSelectorFromCtCart.ts
FN:4,getPriceSelectorFromCtCart
FN:14,(anonymous_1)
FN:15,(anonymous_2)
FNF:3
FNH:3
FNDA:47,getPriceSelectorFromCtCart
FNDA:59,(anonymous_1)
FNDA:59,(anonymous_2)
DA:4,34
DA:7,47
DA:14,59
DA:15,59
LF:4
LH:4
BRF:0
BRH:0
end_of_record
TN:
SF:src/commercetools/utils/mappers/getSessionFromCtCart.ts
FN:3,getSessionFromCtCart
FNF:1
FNH:1
FNDA:48,getSessionFromCtCart
DA:3,34
DA:6,48
LF:2
LH:2
BRDA:6,0,0,37
BRDA:6,0,1,11
BRDA:6,1,0,48
BRDA:6,1,1,48
BRDA:6,2,0,0
BRDA:6,2,1,48
BRDA:6,3,0,48
BRDA:6,3,1,48
BRDA:6,4,0,0
BRDA:6,4,1,48
BRDA:6,5,0,48
BRDA:6,5,1,48
BRF:12
BRH:10
end_of_record
TN:
SF:src/commercetools/utils/mappers/getSimpleMetadataForOrder.ts
FN:4,(anonymous_1)
FN:10,(anonymous_2)
FN:16,(anonymous_3)
FN:31,(anonymous_4)
FNF:4
FNH:3
FNDA:1,(anonymous_1)
FNDA:1,(anonymous_2)
FNDA:0,(anonymous_3)
FNDA:5,(anonymous_4)
DA:1,27
DA:2,27
DA:4,27
DA:8,1
DA:10,1
DA:11,1
DA:12,0
DA:14,1
DA:15,0
DA:16,0
DA:17,0
DA:18,0
DA:20,0
DA:23,0
DA:25,1
DA:26,1
DA:28,0
DA:31,1
DA:32,5
DA:33,1
DA:36,1
LF:21
LH:13
BRDA:11,0,0,0
BRDA:14,1,0,0
BRDA:17,2,0,0
BRDA:17,2,1,0
BRDA:25,3,0,1
BRDA:32,4,0,1
BRF:6
BRH:2
end_of_record
TN:
SF:src/commercetools/utils/mappers/mapLineItemsToIntegrationType.ts
FN:5,mapLineItemsToIntegrationType
FN:7,(anonymous_1)
FN:8,(anonymous_2)
FNF:3
FNH:3
FNDA:49,mapLineItemsToIntegrationType
FNDA:61,(anonymous_1)
FNDA:58,(anonymous_2)
DA:3,35
DA:5,35
DA:6,49
DA:7,61
DA:9,58
LF:5
LH:5
BRDA:10,0,0,0
BRDA:10,0,1,58
BRDA:10,1,0,58
BRDA:10,1,1,58
BRDA:10,2,0,0
BRDA:10,2,1,58
BRDA:10,3,0,58
BRDA:10,3,1,58
BRDA:14,4,0,0
BRDA:14,4,1,58
BRDA:14,5,0,58
BRDA:14,5,1,58
BRDA:14,6,0,0
BRDA:14,6,1,58
BRDA:14,7,0,58
BRDA:14,7,1,58
BRDA:15,8,0,0
BRDA:15,8,1,58
BRDA:15,9,0,58
BRDA:15,9,1,58
BRDA:15,10,0,0
BRDA:15,10,1,58
BRDA:15,11,0,58
BRDA:15,11,1,58
BRDA:16,12,0,0
BRDA:16,12,1,58
BRDA:16,13,0,58
BRDA:16,13,1,58
BRF:28
BRH:21
end_of_record
TN:
SF:src/commercetools/utils/mappers/translateCtCartToCart.ts
FN:7,translateCtCartToCart
FNF:1
FNH:1
FNDA:48,translateCtCartToCart
DA:3,34
DA:4,34
DA:5,34
DA:7,34
DA:8,48
LF:5
LH:5
BRDA:10,0,0,0
BRDA:10,0,1,48
BRDA:10,1,0,48
BRDA:10,1,1,48
BRDA:11,2,0,0
BRDA:11,2,1,48
BRDA:11,3,0,48
BRDA:11,3,1,48
BRF:8
BRH:6
end_of_record
TN:
SF:src/commercetools/utils/mappers/translateCtOrderToOrder.ts
FN:11,translateCtOrderToOrder
FNF:1
FNH:1
FNDA:1,translateCtOrderToOrder
DA:7,35
DA:8,35
DA:9,35
DA:11,35
DA:12,1
LF:5
LH:5
BRDA:15,0,0,1
BRDA:15,0,1,1
BRDA:16,1,0,1
BRDA:16,1,1,0
BRDA:21,2,0,0
BRDA:21,2,1,1
BRDA:21,3,0,1
BRDA:21,3,1,1
BRF:8
BRH:6
end_of_record
TN:
SF:src/configs/appValidationPipe.ts
FNF:0
FNH:0
DA:1,1
DA:2,1
DA:4,1
LF:3
LH:3
BRF:0
BRH:0
end_of_record
TN:
SF:src/configs/requestJsonLogger.ts
FN:11,(anonymous_1)
FNF:1
FNH:1
FNDA:35,(anonymous_1)
DA:1,10
DA:5,10
DA:6,10
DA:7,10
DA:9,10
DA:12,35
DA:13,35
DA:16,0
DA:17,0
DA:18,0
DA:22,0
DA:23,0
LF:12
LH:7
BRDA:12,0,0,35
BRDA:17,1,0,0
BRF:2
BRH:1
end_of_record
TN:
SF:src/configs/validationSchema.ts
FN:3,(anonymous_6)
FNF:1
FNH:1
FNDA:2,(anonymous_6)
DA:1,1
DA:3,2
DA:5,1
LF:3
LH:3
BRF:0
BRH:0
end_of_record
TN:
SF:src/consts/voucherify.ts
FNF:0
FNH:0
DA:1,35
DA:2,35
DA:3,35
LF:3
LH:3
BRF:0
BRH:0
end_of_record
TN:
SF:src/import/customer-import.service.ts
FN:13,(anonymous_21)
FN:14,(anonymous_22)
FN:15,(anonymous_23)
FN:22,(anonymous_24)
FN:30,(anonymous_25)
FN:59,(anonymous_27)
FN:65,(anonymous_28)
FN:80,(anonymous_29)
FN:81,(anonymous_30)
FN:90,(anonymous_31)
FN:114,(anonymous_32)
FN:140,(anonymous_33)
FN:149,(anonymous_34)
FN:177,(anonymous_35)
FNF:14
FNH:1
FNDA:0,(anonymous_21)
FNDA:0,(anonymous_22)
FNDA:0,(anonymous_23)
FNDA:14,(anonymous_24)
FNDA:0,(anonymous_25)
FNDA:0,(anonymous_27)
FNDA:0,(anonymous_28)
FNDA:0,(anonymous_29)
FNDA:0,(anonymous_30)
FNDA:0,(anonymous_31)
FNDA:0,(anonymous_32)
FNDA:0,(anonymous_33)
FNDA:0,(anonymous_34)
FNDA:0,(anonymous_35)
DA:1,7
DA:2,7
DA:3,7
DA:4,7
DA:5,7
DA:7,7
DA:8,7
DA:9,7
DA:10,7
DA:11,7
DA:13,7
DA:14,0
DA:15,0
DA:16,0
DA:21,7
DA:23,14
DA:24,14
DA:25,14
DA:26,14
DA:27,14
DA:33,0
DA:34,0
DA:35,0
DA:36,0
DA:38,0
DA:39,0
DA:51,0
DA:52,0
DA:53,0
DA:54,0
DA:61,0
DA:62,0
DA:64,0
DA:65,0
DA:66,0
DA:80,0
DA:81,0
DA:87,0
DA:90,0
DA:91,0
DA:92,0
DA:95,0
DA:111,0
DA:115,0
DA:116,0
DA:119,0
DA:123,0
DA:129,0
DA:130,0
DA:131,0
DA:133,0
DA:138,0
DA:140,0
DA:141,0
DA:142,0
DA:146,0
DA:150,0
DA:154,0
DA:155,0
DA:157,0
DA:158,0
DA:164,0
DA:165,0
DA:166,0
DA:168,0
DA:174,0
DA:178,0
DA:180,0
DA:181,0
DA:184,0
DA:187,0
DA:189,0
LF:72
LH:17
BRDA:45,0,0,0
BRDA:45,0,1,0
BRDA:53,1,0,0
BRDA:71,2,0,0
BRDA:71,2,1,0
BRDA:71,3,0,0
BRDA:71,3,1,0
BRDA:77,4,0,0
BRDA:77,4,1,0
BRDA:77,5,0,0
BRDA:77,5,1,0
BRDA:79,6,0,0
BRDA:79,6,1,0
BRDA:79,7,0,0
BRDA:79,7,1,0
BRDA:79,8,0,0
BRDA:79,8,1,0
BRDA:79,9,0,0
BRDA:79,9,1,0
BRDA:79,10,0,0
BRDA:79,10,1,0
BRDA:91,11,0,0
BRDA:91,12,0,0
BRDA:91,12,1,0
BRDA:98,13,0,0
BRDA:98,13,1,0
BRDA:98,14,0,0
BRDA:98,14,1,0
BRDA:98,15,0,0
BRDA:98,15,1,0
BRDA:98,16,0,0
BRDA:98,16,1,0
BRDA:99,17,0,0
BRDA:99,17,1,0
BRDA:99,18,0,0
BRDA:99,18,1,0
BRDA:101,19,0,0
BRDA:101,19,1,0
BRDA:101,20,0,0
BRDA:101,20,1,0
BRDA:102,21,0,0
BRDA:102,21,1,0
BRDA:102,22,0,0
BRDA:102,22,1,0
BRDA:103,23,0,0
BRDA:103,23,1,0
BRDA:103,24,0,0
BRDA:103,24,1,0
BRDA:104,25,0,0
BRDA:104,25,1,0
BRDA:104,26,0,0
BRDA:104,26,1,0
BRDA:106,27,0,0
BRDA:106,27,1,0
BRDA:106,28,0,0
BRDA:106,28,1,0
BRDA:141,29,0,0
BRDA:170,30,0,0
BRDA:170,30,1,0
BRDA:170,30,2,0
BRDA:170,30,3,0
BRDA:189,31,0,0
BRDA:189,31,1,0
BRF:63
BRH:0
end_of_record
TN:
SF:src/import/import.controller.ts
FN:8,(anonymous_2)
FN:14,(anonymous_3)
FNF:2
FNH:0
FNDA:0,(anonymous_2)
FNDA:0,(anonymous_3)
DA:1,0
DA:2,0
DA:3,0
DA:4,0
DA:7,0
DA:9,0
DA:10,0
DA:11,0
DA:14,0
DA:15,0
DA:16,0
DA:17,0
DA:19,0
LF:13
LH:0
BRF:0
BRH:0
end_of_record
TN:
SF:src/import/order-import.service.ts
FN:11,(anonymous_20)
FN:12,(anonymous_21)
FN:18,(anonymous_22)
FN:26,(anonymous_23)
FN:63,(anonymous_25)
FN:97,(anonymous_26)
FNF:6
FNH:1
FNDA:0,(anonymous_20)
FNDA:0,(anonymous_21)
FNDA:14,(anonymous_22)
FNDA:0,(anonymous_23)
FNDA:0,(anonymous_25)
FNDA:0,(anonymous_26)
DA:1,7
DA:3,7
DA:4,7
DA:5,7
DA:6,7
DA:7,7
DA:8,7
DA:9,7
DA:11,7
DA:12,0
DA:13,0
DA:17,7
DA:19,14
DA:20,14
DA:21,14
DA:22,14
DA:23,14
DA:29,0
DA:30,0
DA:31,0
DA:32,0
DA:34,0
DA:35,0
DA:47,0
DA:48,0
DA:49,0
DA:50,0
DA:52,0
DA:64,0
DA:66,0
DA:68,0
DA:69,0
DA:71,0
DA:72,0
DA:73,0
DA:74,0
DA:77,0
DA:87,0
DA:89,0
DA:94,0
DA:98,0
DA:99,0
DA:101,0
DA:102,0
DA:103,0
DA:105,0
DA:107,0
DA:110,0
DA:114,0
DA:115,0
DA:118,0
DA:123,0
DA:124,0
DA:126,0
DA:134,0
DA:137,0
LF:56
LH:15
BRDA:41,0,0,0
BRDA:41,0,1,0
BRDA:49,1,0,0
BRDA:73,2,0,0
BRDA:78,3,0,0
BRDA:78,3,1,0
BRDA:78,4,0,0
BRDA:78,4,1,0
BRDA:78,5,0,0
BRDA:78,5,1,0
BRDA:90,6,0,0
BRDA:90,6,1,0
BRDA:107,7,0,0
BRDA:107,7,1,0
BRDA:110,8,0,0
BRDA:110,8,1,0
BRDA:114,9,0,0
BRDA:115,10,0,0
BRDA:115,10,1,0
BRF:19
BRH:0
end_of_record
TN:
SF:src/import/product-import.service.ts
FN:13,(anonymous_21)
FN:14,(anonymous_22)
FN:15,(anonymous_23)
FN:22,(anonymous_24)
FN:29,(anonymous_25)
FN:75,(anonymous_27)
FN:83,(anonymous_28)
FN:94,(anonymous_29)
FN:124,(anonymous_30)
FN:150,(anonymous_31)
FN:159,(anonymous_32)
FN:187,(anonymous_33)
FNF:12
FNH:1
FNDA:0,(anonymous_21)
FNDA:0,(anonymous_22)
FNDA:0,(anonymous_23)
FNDA:14,(anonymous_24)
FNDA:0,(anonymous_25)
FNDA:0,(anonymous_27)
FNDA:0,(anonymous_28)
FNDA:0,(anonymous_29)
FNDA:0,(anonymous_30)
FNDA:0,(anonymous_31)
FNDA:0,(anonymous_32)
FNDA:0,(anonymous_33)
DA:1,7
DA:2,7
DA:3,7
DA:4,7
DA:5,7
DA:7,7
DA:8,7
DA:9,7
DA:10,7
DA:11,7
DA:13,7
DA:14,0
DA:15,0
DA:16,0
DA:21,7
DA:23,14
DA:24,14
DA:25,14
DA:26,14
DA:32,0
DA:33,0
DA:34,0
DA:35,0
DA:37,0
DA:40,0
DA:43,0
DA:46,0
DA:50,0
DA:51,0
DA:67,0
DA:68,0
DA:69,0
DA:70,0
DA:77,0
DA:79,0
DA:80,0
DA:82,0
DA:83,0
DA:84,0
DA:93,0
DA:94,0
DA:95,0
DA:107,0
DA:121,0
DA:125,0
DA:126,0
DA:129,0
DA:133,0
DA:139,0
DA:140,0
DA:141,0
DA:143,0
DA:148,0
DA:150,0
DA:151,0
DA:152,0
DA:156,0
DA:160,0
DA:164,0
DA:165,0
DA:167,0
DA:168,0
DA:174,0
DA:175,0
DA:176,0
DA:178,0
DA:184,0
DA:188,0
DA:189,0
DA:190,0
DA:191,0
DA:195,0
DA:198,0
DA:200,0
DA:201,0
DA:202,0
DA:203,0
DA:206,0
DA:209,0
DA:211,0
DA:216,0
LF:81
LH:16
BRDA:61,0,0,0
BRDA:61,0,1,0
BRDA:69,1,0,0
BRDA:93,2,0,0
BRDA:93,2,1,0
BRDA:99,3,0,0
BRDA:99,3,1,0
BRDA:111,4,0,0
BRDA:111,4,1,0
BRDA:130,5,0,0
BRDA:130,5,1,0
BRDA:151,6,0,0
BRDA:180,7,0,0
BRDA:180,7,1,0
BRDA:180,7,2,0
BRDA:180,7,3,0
BRDA:198,8,0,0
BRDA:198,8,1,0
BRDA:198,9,0,0
BRDA:198,9,1,0
BRDA:200,10,0,0
BRDA:200,11,0,0
BRDA:200,11,1,0
BRDA:200,12,0,0
BRDA:200,12,1,0
BRDA:200,13,0,0
BRDA:200,13,1,0
BRDA:200,14,0,0
BRDA:200,14,1,0
BRDA:209,15,0,0
BRDA:209,15,1,0
BRDA:209,16,0,0
BRDA:209,16,1,0
BRDA:211,17,0,0
BRDA:211,17,1,0
BRF:35
BRH:0
end_of_record
TN:
SF:src/integration/integration.service.ts
FN:52,(anonymous_2)
FN:59,(anonymous_3)
FN:62,(anonymous_4)
FN:67,(anonymous_5)
FN:146,(anonymous_6)
FN:267,(anonymous_7)
FN:297,(anonymous_8)
FN:338,(anonymous_9)
FN:355,(anonymous_10)
FNF:9
FNH:4
FNDA:47,(anonymous_2)
FNDA:45,(anonymous_3)
FNDA:0,(anonymous_4)
FNDA:45,(anonymous_5)
FNDA:4,(anonymous_6)
FNDA:0,(anonymous_7)
FNDA:0,(anonymous_8)
FNDA:0,(anonymous_9)
FNDA:0,(anonymous_10)
DA:1,19
DA:7,19
DA:18,19
DA:19,19
DA:20,19
DA:21,19
DA:22,19
DA:23,19
DA:31,19
DA:32,19
DA:35,19
DA:36,19
DA:44,19
DA:45,19
DA:46,19
DA:47,19
DA:48,19
DA:51,19
DA:53,47
DA:54,47
DA:55,47
DA:56,47
DA:57,47
DA:59,47
DA:60,45
DA:62,47
DA:63,0
DA:78,45
DA:79,45
DA:80,45
DA:81,0
DA:87,45
DA:89,45
DA:90,45
DA:93,45
DA:94,4
DA:97,4
DA:100,41
DA:102,41
DA:107,41
DA:108,0
DA:112,0
DA:115,41
DA:124,41
DA:130,41
DA:138,41
DA:142,41
DA:144,41
DA:145,4
DA:146,4
DA:148,4
DA:149,4
DA:150,4
DA:154,0
DA:165,37
DA:167,37
DA:178,37
DA:185,37
DA:190,37
DA:196,37
DA:201,37
DA:208,22
DA:214,22
DA:227,37
DA:232,37
DA:238,37
DA:245,37
DA:246,37
DA:249,37
DA:258,37
DA:262,37
DA:264,37
DA:271,0
DA:275,0
DA:279,0
DA:286,0
DA:290,0
DA:296,0
DA:298,0
DA:301,0
DA:302,0
DA:308,0
DA:314,0
DA:317,0
DA:323,0
DA:324,0
DA:325,0
DA:327,0
DA:328,0
DA:332,0
DA:333,0
DA:334,0
DA:337,0
DA:339,0
DA:348,0
DA:355,0
DA:356,0
DA:357,0
DA:359,0
DA:363,0
DA:370,0
DA:383,0
LF:102
LH:67
BRDA:80,0,0,0
BRDA:89,1,0,45
BRDA:89,2,0,0
BRDA:89,2,1,45
BRDA:89,3,0,45
BRDA:89,3,1,45
BRDA:93,4,0,4
BRDA:107,5,0,0
BRDA:144,6,0,4
BRDA:148,7,0,4
BRDA:178,8,0,37
BRDA:178,8,1,0
BRDA:178,9,0,0
BRDA:178,9,1,37
BRDA:178,10,0,37
BRDA:178,10,1,37
BRDA:198,11,0,37
BRDA:198,11,1,0
BRDA:198,12,0,37
BRDA:198,12,1,37
BRDA:198,13,0,0
BRDA:198,13,1,37
BRDA:198,14,0,37
BRDA:198,14,1,37
BRDA:198,15,0,0
BRDA:198,15,1,37
BRDA:198,16,0,37
BRDA:198,16,1,37
BRDA:201,17,0,22
BRDA:202,18,0,37
BRDA:202,18,1,37
BRDA:238,19,0,37
BRDA:239,20,0,37
BRDA:239,20,1,37
BRDA:239,20,2,37
BRDA:239,20,3,37
BRDA:239,20,4,37
BRDA:239,21,0,0
BRDA:239,21,1,37
BRDA:239,22,0,37
BRDA:239,22,1,37
BRDA:240,23,0,0
BRDA:240,23,1,37
BRDA:240,24,0,37
BRDA:240,24,1,37
BRDA:241,25,0,0
BRDA:241,25,1,37
BRDA:241,26,0,37
BRDA:241,26,1,37
BRDA:242,27,0,0
BRDA:242,27,1,37
BRDA:242,28,0,37
BRDA:242,28,1,37
BRDA:243,29,0,0
BRDA:243,29,1,37
BRDA:243,30,0,37
BRDA:243,30,1,37
BRDA:245,31,0,0
BRDA:245,31,1,37
BRDA:245,32,0,37
BRDA:245,32,1,37
BRDA:245,33,0,0
BRDA:245,33,1,37
BRDA:245,34,0,37
BRDA:245,34,1,37
BRDA:291,35,0,0
BRDA:291,35,1,0
BRDA:291,36,0,0
BRDA:291,36,1,0
BRDA:296,37,0,0
BRDA:296,37,1,0
BRDA:296,38,0,0
BRDA:296,38,1,0
BRDA:298,39,0,0
BRDA:298,39,1,0
BRDA:301,40,0,0
BRDA:341,41,0,0
BRDA:341,41,1,0
BRDA:341,42,0,0
BRDA:341,42,1,0
BRDA:341,43,0,0
BRDA:341,43,1,0
BRDA:352,44,0,0
BRDA:352,44,1,0
BRDA:352,45,0,0
BRDA:352,45,1,0
BRDA:356,46,0,0
BRDA:356,46,1,0
BRF:88
BRH:50
end_of_record
TN:
SF:src/integration/utils/couponsOperationFunctions.ts
FN:4,couponsStatusDeleted
FN:5,(anonymous_1)
FN:8,couponsStatusApplied
FN:9,(anonymous_3)
FN:12,couponsStatusNew
FN:13,(anonymous_5)
FN:16,filterOutCouponsTypePromotionTier
FN:17,(anonymous_7)
FN:20,uniqueCouponsByCodes
FN:24,codesFromCoupons
FN:25,(anonymous_10)
FN:28,filterCouponsStatusAppliedAndNewByLimit
FN:40,filterOutCouponsIfCodeIn
FN:44,(anonymous_13)
FNF:14
FNH:12
FNDA:41,couponsStatusDeleted
FNDA:61,(anonymous_1)
FNDA:41,couponsStatusApplied
FNDA:61,(anonymous_3)
FNDA:41,couponsStatusNew
FNDA:61,(anonymous_5)
FNDA:41,filterOutCouponsTypePromotionTier
FNDA:0,(anonymous_7)
FNDA:45,uniqueCouponsByCodes
FNDA:41,codesFromCoupons
FNDA:0,(anonymous_10)
FNDA:41,filterCouponsStatusAppliedAndNewByLimit
FNDA:59,filterOutCouponsIfCodeIn
FNDA:93,(anonymous_13)
DA:2,19
DA:4,19
DA:5,61
DA:8,19
DA:9,61
DA:12,19
DA:13,61
DA:16,19
DA:17,41
DA:20,19
DA:21,45
DA:24,19
DA:25,41
DA:28,19
DA:32,41
DA:40,19
DA:44,93
LF:17
LH:17
BRDA:30,0,0,34
BRF:1
BRH:1
end_of_record
TN:
SF:src/integration/utils/getCodesIfProductNotFoundIn.ts
FN:3,getCodesIfProductNotFoundIn
FN:9,(anonymous_1)
FN:20,(anonymous_2)
FNF:3
FNH:3
FNDA:37,getCodesIfProductNotFoundIn
FNDA:26,(anonymous_1)
FNDA:26,(anonymous_2)
DA:3,19
DA:8,37
DA:11,26
DA:13,26
DA:15,26
DA:16,0
DA:18,26
DA:20,26
DA:22,37
LF:9
LH:8
BRDA:11,0,0,0
BRDA:11,0,1,26
BRDA:11,1,0,26
BRDA:11,1,1,26
BRDA:13,2,0,0
BRDA:13,2,1,26
BRDA:13,3,0,26
BRDA:13,3,1,26
BRDA:13,4,0,0
BRDA:13,4,1,26
BRDA:13,5,0,26
BRDA:13,5,1,26
BRDA:15,6,0,0
BRF:13
BRH:9
end_of_record
TN:
SF:src/integration/utils/getIncorrectPrices.ts
FN:4,getIncorrectPrices
FN:9,(anonymous_1)
FN:12,(anonymous_2)
FN:19,(anonymous_3)
FNF:4
FNH:4
FNDA:37,getIncorrectPrices
FNDA:22,(anonymous_1)
FNDA:52,(anonymous_2)
FNDA:22,(anonymous_3)
DA:4,19
DA:8,37
DA:10,22
DA:11,22
DA:12,52
DA:14,22
DA:15,22
DA:17,0
DA:19,22
LF:9
LH:8
BRDA:12,0,0,24
BRDA:12,0,1,28
BRDA:12,1,0,52
BRDA:12,1,1,52
BRDA:12,2,0,0
BRDA:12,2,1,52
BRDA:12,3,0,52
BRDA:12,3,1,52
BRDA:14,4,0,22
BRDA:14,5,0,0
BRDA:14,5,1,22
BRDA:14,6,0,22
BRDA:14,6,1,22
BRF:13
BRH:11
end_of_record
TN:
SF:src/integration/utils/getItemsWithPricesCorrected.ts
FN:5,getItemsWithCorrectedPrices
FN:13,(anonymous_1)
FN:16,(anonymous_2)
FN:19,(anonymous_3)
FN:22,(anonymous_4)
FNF:5
FNH:5
FNDA:22,getItemsWithCorrectedPrices
FNDA:52,(anonymous_1)
FNDA:52,(anonymous_2)
FNDA:22,(anonymous_3)
FNDA:22,(anonymous_4)
DA:3,19
DA:5,19
DA:10,22
DA:14,52
DA:15,52
DA:16,52
DA:20,22
DA:21,22
DA:22,22
DA:24,22
DA:25,22
LF:11
LH:11
BRDA:14,0,0,24
BRDA:14,0,1,28
BRDA:14,1,0,52
BRDA:14,1,1,52
BRDA:14,2,0,0
BRDA:14,2,1,52
BRDA:14,3,0,52
BRDA:14,3,1,52
BRDA:20,4,0,0
BRDA:20,4,1,22
BRDA:20,5,0,22
BRDA:20,5,1,22
BRDA:20,6,0,0
BRDA:20,6,1,22
BRDA:20,7,0,22
BRDA:20,7,1,22
BRDA:24,8,0,22
BRDA:26,9,0,0
BRDA:26,9,1,22
BRDA:26,10,0,22
BRDA:26,10,1,22
BRDA:32,11,0,0
BRDA:32,11,1,22
BRDA:32,12,0,22
BRDA:32,12,1,22
BRF:25
BRH:20
end_of_record
TN:
SF:src/integration/utils/getOrderMetadata.ts
FN:4,(anonymous_0)
FNF:1
FNH:0
FNDA:0,(anonymous_0)
DA:1,19
DA:2,19
DA:4,19
DA:9,0
DA:13,0
DA:15,0
DA:19,0
DA:20,0
DA:22,0
DA:26,0
DA:27,0
LF:11
LH:3
BRDA:9,0,0,0
BRDA:10,1,0,0
BRDA:10,1,1,0
BRDA:11,2,0,0
BRDA:11,2,1,0
BRDA:11,3,0,0
BRDA:11,3,1,0
BRDA:19,4,0,0
BRDA:19,4,1,0
BRDA:26,5,0,0
BRF:10
BRH:0
end_of_record
TN:
SF:src/integration/utils/getProductsToAddWithPricesCorrected.ts
FN:11,getProductsToAdd
FN:18,(anonymous_1)
FN:36,getCtProductsWithCurrentPriceAmount
FN:49,(anonymous_3)
FN:51,(anonymous_4)
FN:57,(anonymous_5)
FN:59,(anonymous_6)
FNF:7
FNH:7
FNDA:37,getProductsToAdd
FNDA:26,(anonymous_1)
FNDA:37,getCtProductsWithCurrentPriceAmount
FNDA:22,(anonymous_3)
FNDA:26,(anonymous_4)
FNDA:26,(anonymous_5)
FNDA:60,(anonymous_6)
DA:6,19
DA:11,19
DA:12,37
DA:19,26
DA:36,19
DA:48,37
DA:50,22
DA:51,26
DA:53,22
DA:54,0
DA:57,22
DA:58,26
DA:60,60
DA:63,26
LF:14
LH:13
BRDA:23,0,0,0
BRDA:23,0,1,26
BRDA:23,1,0,26
BRDA:23,1,1,26
BRDA:24,2,0,0
BRDA:24,2,1,26
BRDA:24,3,0,26
BRDA:24,3,1,26
BRDA:25,4,0,0
BRDA:25,4,1,26
BRDA:25,5,0,26
BRDA:25,5,1,26
BRDA:27,6,0,0
BRDA:27,6,1,26
BRDA:27,7,0,26
BRDA:27,7,1,26
BRDA:29,8,0,0
BRDA:29,8,1,26
BRDA:29,9,0,26
BRDA:29,9,1,26
BRDA:53,10,0,0
BRDA:53,11,0,0
BRDA:53,11,1,22
BRDA:53,12,0,22
BRDA:53,12,1,22
BRDA:58,13,0,0
BRDA:58,13,1,26
BRDA:58,14,0,26
BRDA:58,14,1,26
BRDA:60,15,0,60
BRDA:60,15,1,26
BRDA:60,16,0,24
BRDA:60,16,1,36
BRDA:60,17,0,60
BRDA:60,17,1,60
BRDA:60,18,0,0
BRDA:60,18,1,60
BRDA:60,19,0,60
BRDA:60,19,1,60
BRDA:61,20,0,0
BRDA:61,20,1,26
BRDA:61,21,0,26
BRDA:61,21,1,26
BRDA:61,22,0,0
BRDA:61,22,1,26
BRDA:61,23,0,26
BRDA:61,23,1,26
BRDA:61,24,0,0
BRDA:61,24,1,26
BRDA:61,25,0,26
BRDA:61,25,1,26
BRF:51
BRH:39
end_of_record
TN:
SF:src/integration/utils/helperFunctions.ts
FN:6,checkIfAllInapplicableCouponsArePromotionTier
FN:10,(anonymous_1)
FN:16,calculateTotalDiscountAmount
FN:20,(anonymous_3)
FN:22,(anonymous_4)
FNF:5
FNH:5
FNDA:126,checkIfAllInapplicableCouponsArePromotionTier
FNDA:12,(anonymous_1)
FNDA:37,calculateTotalDiscountAmount
FNDA:57,(anonymous_3)
FNDA:101,(anonymous_4)
DA:6,34
DA:9,126
DA:10,12
DA:13,126
DA:16,34
DA:19,37
DA:20,57
DA:22,37
DA:23,101
DA:30,37
DA:31,37
DA:38,0
DA:39,0
DA:41,0
LF:14
LH:11
BRDA:24,0,0,101
BRDA:24,0,1,101
BRDA:24,0,2,101
BRDA:24,1,0,0
BRDA:24,1,1,101
BRDA:24,2,0,101
BRDA:24,2,1,101
BRDA:25,3,0,0
BRDA:25,3,1,101
BRDA:25,4,0,101
BRDA:25,4,1,101
BRDA:30,5,0,37
BRDA:32,6,0,37
BRDA:32,6,1,0
BRDA:32,7,0,37
BRDA:32,7,1,37
BRDA:32,8,0,37
BRDA:32,8,1,0
BRDA:32,9,0,37
BRDA:32,9,1,37
BRDA:32,10,0,0
BRDA:32,10,1,37
BRDA:32,11,0,37
BRDA:32,11,1,37
BRDA:33,12,0,0
BRDA:33,12,1,0
BRDA:33,13,0,0
BRDA:33,13,1,0
BRDA:38,14,0,0
BRDA:38,15,0,0
BRDA:38,15,1,0
BRDA:38,16,0,0
BRDA:38,16,1,0
BRDA:38,17,0,0
BRDA:38,17,1,0
BRDA:38,18,0,0
BRDA:38,18,1,0
BRDA:38,19,0,0
BRDA:38,19,1,0
BRDA:38,20,0,0
BRDA:38,20,1,0
BRF:41
BRH:19
end_of_record
TN:
SF:src/integration/utils/mergeTwoObjectsIntoOne.ts
FN:1,(anonymous_0)
FNF:1
FNH:1
FNDA:1,(anonymous_0)
DA:1,27
DA:5,1
LF:2
LH:2
BRF:0
BRH:0
end_of_record
TN:
SF:src/integration/utils/redeemableOperationFunctions.ts
FN:11,getRedeemablesByStatus
FN:16,(anonymous_1)
FN:20,redeemablesToCodes
FN:23,(anonymous_3)
FN:26,stackableResponseToUnitTypeRedeemables
FN:30,(anonymous_5)
FN:36,stackableRedeemablesResponseToUnitStackableRedeemablesResultDiscountUnitWithCodes
FN:41,(anonymous_7)
FN:48,(anonymous_8)
FN:57,(anonymous_9)
FN:61,(anonymous_10)
FN:68,(anonymous_11)
FN:76,unitTypeRedeemablesToOrderItems
FN:79,(anonymous_13)
FN:82,filterOutRedeemablesIfCodeIn
FN:87,(anonymous_15)
FNF:16
FNH:15
FNDA:78,getRedeemablesByStatus
FNDA:118,(anonymous_1)
FNDA:41,redeemablesToCodes
FNDA:4,(anonymous_3)
FNDA:74,stackableResponseToUnitTypeRedeemables
FNDA:114,(anonymous_5)
FNDA:74,stackableRedeemablesResponseToUnitStackableRedeemablesResultDiscountUnitWithCodes
FNDA:52,(anonymous_7)
FNDA:0,(anonymous_8)
FNDA:52,(anonymous_9)
FNDA:120,(anonymous_10)
FNDA:52,(anonymous_11)
FNDA:37,unitTypeRedeemablesToOrderItems
FNDA:26,(anonymous_13)
FNDA:37,filterOutRedeemablesIfCodeIn
FNDA:57,(anonymous_15)
DA:7,19
DA:11,19
DA:15,78
DA:16,118
DA:20,19
DA:23,41
DA:26,19
DA:29,74
DA:31,114
DA:36,19
DA:39,74
DA:41,74
DA:42,52
DA:43,52
DA:44,52
DA:45,0
DA:47,52
DA:49,0
DA:58,52
DA:62,120
DA:68,52
DA:69,52
DA:70,0
DA:72,52
DA:76,19
DA:79,37
DA:82,19
DA:86,37
DA:87,57
LF:29
LH:26
BRDA:15,0,0,78
BRDA:15,0,1,0
BRDA:15,1,0,78
BRDA:15,1,1,78
BRDA:23,2,0,41
BRDA:23,2,1,0
BRDA:23,3,0,41
BRDA:23,3,1,41
BRDA:31,4,0,114
BRDA:31,4,1,52
BRDA:31,5,0,0
BRDA:31,5,1,114
BRDA:31,6,0,114
BRDA:31,6,1,114
BRDA:31,7,0,0
BRDA:31,7,1,114
BRDA:31,8,0,114
BRDA:31,8,1,114
BRDA:42,9,0,0
BRDA:42,9,1,52
BRDA:42,10,0,52
BRDA:42,10,1,52
BRDA:44,11,0,0
BRDA:48,12,0,52
BRDA:48,12,1,52
BRDA:48,13,0,52
BRDA:48,13,1,0
BRDA:48,14,0,52
BRDA:48,14,1,52
BRDA:61,15,0,0
BRDA:61,15,1,52
BRDA:61,16,0,52
BRDA:61,16,1,52
BRDA:63,17,0,48
BRDA:63,17,1,72
BRDA:63,18,0,120
BRDA:63,18,1,120
BRDA:63,19,0,0
BRDA:63,19,1,120
BRDA:63,20,0,120
BRDA:63,20,1,120
BRDA:63,21,0,0
BRDA:63,21,1,120
BRDA:63,22,0,120
BRDA:63,22,1,120
BRDA:63,23,0,0
BRDA:63,23,1,120
BRDA:63,24,0,120
BRDA:63,24,1,120
BRDA:69,25,0,0
BRF:50
BRH:38
end_of_record
TN:
SF:src/integration/utils/replaceCodesWithInapplicableCoupons.ts
FN:3,replaceCodesWithInapplicableCoupons
FN:7,(anonymous_1)
FNF:2
FNH:2
FNDA:38,replaceCodesWithInapplicableCoupons
FNDA:1,(anonymous_1)
DA:3,20
DA:7,38
DA:8,1
LF:3
LH:3
BRDA:5,0,0,37
BRF:1
BRH:1
end_of_record
TN:
SF:src/integration/utils/mappers/buildRedeemStackableRequestForVoucherify.ts
FN:4,buildRedeemStackableRequestForVoucherify
FN:14,(anonymous_1)
FN:22,(anonymous_2)
FNF:3
FNH:3
FNDA:1,buildRedeemStackableRequestForVoucherify
FNDA:1,(anonymous_1)
FNDA:2,(anonymous_2)
DA:4,20
DA:9,1
DA:15,1
DA:22,2
LF:4
LH:4
BRDA:16,0,0,1
BRDA:16,0,1,0
BRF:2
BRH:1
end_of_record
TN:
SF:src/integration/utils/mappers/buildValidationsValidateStackableParamsForVoucherify.ts
FN:4,buildValidationsValidateStackableParamsForVoucherify
FN:11,(anonymous_1)
FN:26,(anonymous_2)
FNF:3
FNH:3
FNDA:63,buildValidationsValidateStackableParamsForVoucherify
FNDA:97,(anonymous_1)
FNDA:103,(anonymous_2)
DA:4,19
DA:9,63
DA:12,97
DA:26,103
LF:4
LH:4
BRDA:13,0,0,29
BRDA:13,0,1,68
BRDA:19,1,0,63
BRDA:19,1,1,56
BRDA:24,2,0,63
BRDA:24,2,1,63
BRDA:31,3,0,63
BRDA:31,3,1,63
BRF:8
BRH:8
end_of_record
TN:
SF:src/integration/utils/mappers/order.ts
FN:4,(anonymous_0)
FN:24,(anonymous_1)
FNF:2
FNH:2
FNDA:1,(anonymous_0)
FNDA:1,(anonymous_1)
DA:3,8
DA:5,1
DA:25,1
LF:3
LH:3
BRDA:13,0,0,1
BRDA:13,0,1,1
BRDA:14,1,0,0
BRDA:14,1,1,1
BRDA:14,2,0,1
BRDA:14,2,1,1
BRDA:14,3,0,0
BRDA:14,3,1,1
BRDA:14,4,0,1
BRDA:14,4,1,1
BRDA:15,5,0,0
BRDA:15,5,1,1
BRDA:15,6,0,1
BRDA:15,6,1,1
BRDA:17,7,0,0
BRDA:17,7,1,1
BRDA:17,8,0,1
BRDA:17,8,1,1
BRDA:18,9,0,0
BRDA:18,9,1,1
BRDA:18,10,0,1
BRDA:18,10,1,1
BRDA:19,11,0,0
BRDA:19,11,1,1
BRDA:19,12,0,1
BRDA:19,12,1,1
BRDA:20,13,0,0
BRDA:20,13,1,1
BRDA:20,14,0,1
BRDA:20,14,1,1
BRDA:22,15,0,0
BRDA:22,15,1,1
BRDA:22,16,0,1
BRDA:22,16,1,1
BRDA:32,17,0,0
BRDA:32,17,1,1
BRDA:32,18,0,1
BRDA:32,18,1,1
BRDA:32,19,0,0
BRDA:32,19,1,1
BRDA:32,20,0,1
BRDA:32,20,1,1
BRDA:35,21,0,0
BRDA:35,21,1,1
BRDA:35,22,0,1
BRDA:35,22,1,1
BRDA:35,23,0,0
BRDA:35,23,1,1
BRDA:35,24,0,1
BRDA:35,24,1,1
BRF:50
BRH:38
end_of_record
TN:
SF:src/integration/utils/mappers/product.ts
FN:4,getMetadata
FN:11,(anonymous_1)
FN:12,(anonymous_2)
FN:17,mapItemsToVoucherifyOrdersItems
FN:22,(anonymous_4)
FN:23,(anonymous_5)
FN:45,getQuantity
FN:52,(anonymous_7)
FN:54,(anonymous_8)
FN:56,(anonymous_9)
FNF:10
FNH:9
FNDA:83,getMetadata
FNDA:299,(anonymous_1)
FNDA:0,(anonymous_2)
FNDA:64,mapItemsToVoucherifyOrdersItems
FNDA:83,(anonymous_4)
FNDA:83,(anonymous_5)
FNDA:260,getQuantity
FNDA:21,(anonymous_7)
FNDA:21,(anonymous_8)
FNDA:3,(anonymous_9)
DA:4,54
DA:8,83
DA:11,299
DA:12,0
DA:17,54
DA:21,64
DA:22,83
DA:24,83
DA:45,54
DA:46,260
DA:47,260
DA:48,245
DA:51,15
DA:52,21
DA:54,21
DA:57,3
LF:16
LH:15
BRDA:8,0,0,23
BRDA:8,0,1,60
BRDA:19,1,0,64
BRDA:25,2,0,0
BRDA:25,2,1,83
BRDA:25,3,0,83
BRDA:25,3,1,83
BRDA:37,4,0,83
BRDA:37,4,1,0
BRDA:38,5,0,0
BRDA:38,5,1,83
BRDA:38,6,0,83
BRDA:38,6,1,83
BRDA:46,7,0,221
BRDA:46,7,1,39
BRDA:46,8,0,260
BRDA:46,8,1,260
BRDA:46,9,0,221
BRDA:46,9,1,39
BRDA:46,10,0,260
BRDA:46,10,1,260
BRDA:47,11,0,245
BRDA:48,12,0,0
BRDA:48,12,1,245
BRDA:48,13,0,245
BRDA:48,13,1,245
BRDA:54,14,0,21
BRDA:54,14,1,21
BRDA:58,15,0,0
BRDA:58,15,1,15
BRDA:58,16,0,15
BRDA:58,16,1,15
BRF:32
BRH:27
end_of_record
TN:
SF:src/misc/elapsedTime.ts
FN:1,elapsedTime
FNF:1
FNH:1
FNDA:7,elapsedTime
DA:1,48
DA:2,7
LF:2
LH:2
BRF:0
BRH:0
end_of_record
TN:
SF:src/misc/request-json-file-logger.ts
FN:5,(anonymous_6)
FN:7,(anonymous_7)
FNF:2
FNH:2
FNDA:1,(anonymous_6)
FNDA:1,(anonymous_7)
DA:1,11
DA:4,11
DA:5,1
DA:13,1
DA:17,1
LF:5
LH:5
BRDA:14,0,0,0
BRDA:14,0,1,1
BRF:2
BRH:1
end_of_record
TN:
SF:src/misc/request-json-logger-interface.ts
FN:15,(anonymous_0)
FNF:1
FNH:1
FNDA:2,(anonymous_0)
DA:1,118
DA:12,118
DA:16,2
LF:3
LH:3
BRF:0
BRH:0
end_of_record
TN:
SF:src/misc/sleep.ts
FN:1,(anonymous_0)
FN:2,(anonymous_1)
FN:2,(anonymous_2)
FNF:3
FNH:3
FNDA:7,(anonymous_0)
FNDA:7,(anonymous_1)
FNDA:7,(anonymous_2)
DA:1,35
DA:2,7
DA:5,35
LF:3
LH:3
BRF:0
BRH:0
end_of_record
TN:
SF:src/voucherify/voucherify-connector.service.ts
FN:21,(anonymous_11)
FN:36,(anonymous_12)
FN:49,(anonymous_13)
FN:69,(anonymous_14)
FN:76,(anonymous_15)
FN:87,(anonymous_16)
FN:107,(anonymous_17)
FN:116,(anonymous_18)
FN:119,(anonymous_19)
FN:124,(anonymous_20)
FN:134,(anonymous_21)
FNF:11
FNH:9
FNDA:21,(anonymous_11)
FNDA:0,(anonymous_12)
FNDA:1,(anonymous_13)
FNDA:1,(anonymous_14)
FNDA:1,(anonymous_15)
FNDA:1,(anonymous_16)
FNDA:1,(anonymous_17)
FNDA:1,(anonymous_18)
FNDA:0,(anonymous_19)
FNDA:1,(anonymous_20)
FNDA:2,(anonymous_21)
DA:1,45
DA:2,45
DA:3,45
DA:9,45
DA:10,45
DA:15,45
DA:17,45
DA:20,45
DA:22,21
DA:23,21
DA:25,21
DA:28,21
DA:30,21
DA:33,21
DA:37,0
DA:38,0
DA:43,0
DA:44,0
DA:46,0
DA:50,1
DA:51,1
DA:54,1
DA:56,1
DA:57,1
DA:66,1
DA:74,1
DA:76,1
DA:84,1
DA:88,1
DA:90,1
DA:93,1
DA:94,1
DA:96,1
DA:104,1
DA:108,7
DA:109,3
DA:117,1
DA:118,1
DA:119,0
DA:121,1
DA:125,1
DA:126,1
DA:134,2
DA:138,1
DA:139,1
DA:142,0
LF:46
LH:39
BRDA:121,0,0,0
BRDA:121,0,1,1
BRDA:121,1,0,1
BRDA:121,1,1,1
BRDA:121,2,0,1
BRDA:121,2,1,0
BRDA:121,3,0,1
BRDA:121,3,1,1
BRDA:128,4,0,1
BRDA:128,4,1,1
BRDA:129,5,0,1
BRDA:129,5,1,1
BRDA:138,6,0,1
BRF:13
BRH:11
end_of_record
TN:
SF:src/voucherify/voucherify.service.ts
FN:9,(anonymous_2)
FN:14,(anonymous_3)
FN:24,(anonymous_4)
FN:30,(anonymous_5)
FN:31,(anonymous_6)
FN:34,(anonymous_7)
FN:47,(anonymous_8)
FN:52,(anonymous_9)
FN:53,(anonymous_10)
FN:55,(anonymous_11)
FN:65,(anonymous_12)
FNF:11
FNH:11
FNDA:47,(anonymous_2)
FNDA:45,(anonymous_3)
FNDA:3,(anonymous_4)
FNDA:3,(anonymous_5)
FNDA:3,(anonymous_6)
FNDA:2,(anonymous_7)
FNDA:37,(anonymous_8)
FNDA:57,(anonymous_9)
FNDA:1,(anonymous_10)
FNDA:2,(anonymous_11)
FNDA:57,(anonymous_12)
DA:1,19
DA:2,19
DA:3,19
DA:8,19
DA:10,47
DA:11,47
DA:15,45
DA:16,0
DA:20,45
DA:23,45
DA:25,3
DA:26,0
DA:29,3
DA:30,3
DA:31,3
DA:32,3
DA:35,2
DA:44,45
DA:51,37
DA:52,57
DA:54,1
DA:55,2
DA:57,1
DA:58,1
DA:61,1
DA:64,37
DA:65,57
LF:27
LH:25
BRDA:15,0,0,0
BRDA:20,1,0,45
BRDA:20,1,1,0
BRDA:20,2,0,45
BRDA:20,2,1,45
BRDA:25,3,0,0
BRDA:49,4,0,0
BRDA:57,5,0,1
BRDA:58,6,0,0
BRDA:58,6,1,1
BRDA:58,7,0,1
BRDA:58,7,1,1
BRF:12
BRH:7
end_of_record
